
*** Running vivado
    with args -log soc_c_counter_binary_0_0.vds -m64 -product Vivado -mode batch -messageDb vivado.pb -notrace -source soc_c_counter_binary_0_0.tcl


****** Vivado v2017.3 (64-bit)
  **** SW Build 2018833 on Wed Oct  4 19:58:22 MDT 2017
  **** IP Build 2016188 on Wed Oct  4 21:52:56 MDT 2017
    ** Copyright 1986-2017 Xilinx, Inc. All Rights Reserved.

source soc_c_counter_binary_0_0.tcl -notrace
Starting RTL Elaboration : Time (s): cpu = 00:00:08 ; elapsed = 00:00:10 . Memory (MB): peak = 404.656 ; gain = 98.484
INFO: [Synth 8-638] synthesizing module 'soc_c_counter_binary_0_0' [c:/Users/dell_/bram_comm_2/bram_comm_2.srcs/sources_1/bd/soc/ip/soc_c_counter_binary_0_0/synth/soc_c_counter_binary_0_0.vhd:68]
INFO: [Synth 8-256] done synthesizing module 'soc_c_counter_binary_0_0' (7#1) [c:/Users/dell_/bram_comm_2/bram_comm_2.srcs/sources_1/bd/soc/ip/soc_c_counter_binary_0_0/synth/soc_c_counter_binary_0_0.vhd:68]
Finished RTL Elaboration : Time (s): cpu = 00:00:12 ; elapsed = 00:00:15 . Memory (MB): peak = 461.406 ; gain = 155.234
Finished RTL Optimization Phase 1 : Time (s): cpu = 00:00:12 ; elapsed = 00:00:15 . Memory (MB): peak = 461.406 ; gain = 155.234
INFO: [Device 21-403] Loading part xc7z045ffg900-2
Constraint Validation Runtime : Time (s): cpu = 00:00:00 ; elapsed = 00:00:00.014 . Memory (MB): peak = 756.316 ; gain = 0.000
Finished Constraint Validation : Time (s): cpu = 00:00:26 ; elapsed = 00:00:30 . Memory (MB): peak = 756.316 ; gain = 450.145
Finished Loading Part and Timing Information : Time (s): cpu = 00:00:26 ; elapsed = 00:00:30 . Memory (MB): peak = 756.316 ; gain = 450.145
Finished applying 'set_property' XDC Constraints : Time (s): cpu = 00:00:26 ; elapsed = 00:00:30 . Memory (MB): peak = 756.316 ; gain = 450.145
Finished RTL Optimization Phase 2 : Time (s): cpu = 00:00:26 ; elapsed = 00:00:31 . Memory (MB): peak = 756.316 ; gain = 450.145
Finished Cross Boundary and Area Optimization : Time (s): cpu = 00:00:26 ; elapsed = 00:00:31 . Memory (MB): peak = 756.316 ; gain = 450.145
Finished Applying XDC Timing Constraints : Time (s): cpu = 00:00:40 ; elapsed = 00:00:47 . Memory (MB): peak = 817.504 ; gain = 511.332
Finished Timing Optimization : Time (s): cpu = 00:00:40 ; elapsed = 00:00:47 . Memory (MB): peak = 817.504 ; gain = 511.332
Finished Technology Mapping : Time (s): cpu = 00:00:40 ; elapsed = 00:00:47 . Memory (MB): peak = 828.648 ; gain = 522.477
Finished IO Insertion : Time (s): cpu = 00:00:41 ; elapsed = 00:00:48 . Memory (MB): peak = 828.648 ; gain = 522.477
Finished Renaming Generated Instances : Time (s): cpu = 00:00:41 ; elapsed = 00:00:48 . Memory (MB): peak = 828.648 ; gain = 522.477
Finished Rebuilding User Hierarchy : Time (s): cpu = 00:00:41 ; elapsed = 00:00:48 . Memory (MB): peak = 828.648 ; gain = 522.477
Finished Renaming Generated Ports : Time (s): cpu = 00:00:41 ; elapsed = 00:00:48 . Memory (MB): peak = 828.648 ; gain = 522.477
Finished Handling Custom Attributes : Time (s): cpu = 00:00:41 ; elapsed = 00:00:48 . Memory (MB): peak = 828.648 ; gain = 522.477
Finished Renaming Generated Nets : Time (s): cpu = 00:00:41 ; elapsed = 00:00:48 . Memory (MB): peak = 828.648 ; gain = 522.477

Report Cell Usage: 
+------+--------+------+
|      |Cell    |Count |
+------+--------+------+
|1     |DSP48E1 |     1|
+------+--------+------+
Finished Writing Synthesis Report : Time (s): cpu = 00:00:41 ; elapsed = 00:00:48 . Memory (MB): peak = 828.648 ; gain = 522.477
synth_design: Time (s): cpu = 00:00:43 ; elapsed = 00:00:51 . Memory (MB): peak = 828.648 ; gain = 531.750
