
*** Running vivado
    with args -log soc_c_counter_binary_0_2.vds -m64 -product Vivado -mode batch -messageDb vivado.pb -notrace -source soc_c_counter_binary_0_2.tcl


****** Vivado v2017.3 (64-bit)
  **** SW Build 2018833 on Wed Oct  4 19:58:22 MDT 2017
  **** IP Build 2016188 on Wed Oct  4 21:52:56 MDT 2017
    ** Copyright 1986-2017 Xilinx, Inc. All Rights Reserved.

source soc_c_counter_binary_0_2.tcl -notrace
Starting RTL Elaboration : Time (s): cpu = 00:00:08 ; elapsed = 00:00:16 . Memory (MB): peak = 404.676 ; gain = 96.625
INFO: [Synth 8-638] synthesizing module 'soc_c_counter_binary_0_2' [c:/Users/dell_/bram_comm_2/bram_comm_2.srcs/sources_1/bd/soc/ip/soc_c_counter_binary_0_2/synth/soc_c_counter_binary_0_2.vhd:68]
INFO: [Synth 8-256] done synthesizing module 'soc_c_counter_binary_0_2' (8#1) [c:/Users/dell_/bram_comm_2/bram_comm_2.srcs/sources_1/bd/soc/ip/soc_c_counter_binary_0_2/synth/soc_c_counter_binary_0_2.vhd:68]
Finished RTL Elaboration : Time (s): cpu = 00:00:12 ; elapsed = 00:00:22 . Memory (MB): peak = 456.148 ; gain = 148.098
Finished RTL Optimization Phase 1 : Time (s): cpu = 00:00:12 ; elapsed = 00:00:23 . Memory (MB): peak = 456.148 ; gain = 148.098
INFO: [Device 21-403] Loading part xc7z045ffg900-2
Constraint Validation Runtime : Time (s): cpu = 00:00:00 ; elapsed = 00:00:00.026 . Memory (MB): peak = 768.523 ; gain = 0.000
Finished Constraint Validation : Time (s): cpu = 00:00:27 ; elapsed = 00:01:00 . Memory (MB): peak = 768.523 ; gain = 460.473
Finished Loading Part and Timing Information : Time (s): cpu = 00:00:27 ; elapsed = 00:01:00 . Memory (MB): peak = 768.523 ; gain = 460.473
Finished applying 'set_property' XDC Constraints : Time (s): cpu = 00:00:27 ; elapsed = 00:01:00 . Memory (MB): peak = 768.523 ; gain = 460.473
Finished RTL Optimization Phase 2 : Time (s): cpu = 00:00:28 ; elapsed = 00:01:00 . Memory (MB): peak = 768.523 ; gain = 460.473
Finished Cross Boundary and Area Optimization : Time (s): cpu = 00:00:28 ; elapsed = 00:01:02 . Memory (MB): peak = 768.523 ; gain = 460.473
Finished Applying XDC Timing Constraints : Time (s): cpu = 00:00:39 ; elapsed = 00:01:24 . Memory (MB): peak = 791.871 ; gain = 483.820
Finished Timing Optimization : Time (s): cpu = 00:00:39 ; elapsed = 00:01:24 . Memory (MB): peak = 791.871 ; gain = 483.820
Finished Technology Mapping : Time (s): cpu = 00:00:39 ; elapsed = 00:01:24 . Memory (MB): peak = 809.090 ; gain = 501.039
Finished IO Insertion : Time (s): cpu = 00:00:40 ; elapsed = 00:01:27 . Memory (MB): peak = 809.090 ; gain = 501.039
Finished Renaming Generated Instances : Time (s): cpu = 00:00:40 ; elapsed = 00:01:27 . Memory (MB): peak = 809.090 ; gain = 501.039
Finished Rebuilding User Hierarchy : Time (s): cpu = 00:00:40 ; elapsed = 00:01:27 . Memory (MB): peak = 809.090 ; gain = 501.039
Finished Renaming Generated Ports : Time (s): cpu = 00:00:40 ; elapsed = 00:01:27 . Memory (MB): peak = 809.090 ; gain = 501.039
Finished Handling Custom Attributes : Time (s): cpu = 00:00:40 ; elapsed = 00:01:27 . Memory (MB): peak = 809.090 ; gain = 501.039
Finished Renaming Generated Nets : Time (s): cpu = 00:00:40 ; elapsed = 00:01:27 . Memory (MB): peak = 809.090 ; gain = 501.039

Report Cell Usage: 
+------+------+------+
|      |Cell  |Count |
+------+------+------+
|1     |LUT1  |     1|
|2     |MUXCY |     1|
|3     |XORCY |     2|
|4     |FDRE  |     2|
+------+------+------+
Finished Writing Synthesis Report : Time (s): cpu = 00:00:40 ; elapsed = 00:01:28 . Memory (MB): peak = 809.090 ; gain = 501.039
synth_design: Time (s): cpu = 00:00:43 ; elapsed = 00:01:35 . Memory (MB): peak = 822.871 ; gain = 525.035
