
*** Running vivado
    with args -log soc_cordic_0_0.vds -m64 -product Vivado -mode batch -messageDb vivado.pb -notrace -source soc_cordic_0_0.tcl


****** Vivado v2017.3 (64-bit)
  **** SW Build 2018833 on Wed Oct  4 19:58:22 MDT 2017
  **** IP Build 2016188 on Wed Oct  4 21:52:56 MDT 2017
    ** Copyright 1986-2017 Xilinx, Inc. All Rights Reserved.

source soc_cordic_0_0.tcl -notrace
Starting RTL Elaboration : Time (s): cpu = 00:00:09 ; elapsed = 00:00:10 . Memory (MB): peak = 405.430 ; gain = 99.582
INFO: [Synth 8-638] synthesizing module 'soc_cordic_0_0' [c:/Users/dell_/bram_comm_2/bram_comm_2.srcs/sources_1/bd/soc/ip/soc_cordic_0_0/synth/soc_cordic_0_0.vhd:69]
INFO: [Synth 8-256] done synthesizing module 'soc_cordic_0_0' (14#1) [c:/Users/dell_/bram_comm_2/bram_comm_2.srcs/sources_1/bd/soc/ip/soc_cordic_0_0/synth/soc_cordic_0_0.vhd:69]
Finished RTL Elaboration : Time (s): cpu = 00:00:28 ; elapsed = 00:00:30 . Memory (MB): peak = 543.699 ; gain = 237.852
Finished RTL Optimization Phase 1 : Time (s): cpu = 00:00:28 ; elapsed = 00:00:31 . Memory (MB): peak = 543.699 ; gain = 237.852
INFO: [Device 21-403] Loading part xc7z045ffg900-2
Constraint Validation Runtime : Time (s): cpu = 00:00:00 ; elapsed = 00:00:00.108 . Memory (MB): peak = 852.570 ; gain = 0.000
Finished Constraint Validation : Time (s): cpu = 00:00:43 ; elapsed = 00:00:47 . Memory (MB): peak = 852.570 ; gain = 546.723
Finished Loading Part and Timing Information : Time (s): cpu = 00:00:43 ; elapsed = 00:00:47 . Memory (MB): peak = 852.570 ; gain = 546.723
Finished applying 'set_property' XDC Constraints : Time (s): cpu = 00:00:43 ; elapsed = 00:00:47 . Memory (MB): peak = 852.570 ; gain = 546.723
Finished RTL Optimization Phase 2 : Time (s): cpu = 00:00:45 ; elapsed = 00:00:49 . Memory (MB): peak = 852.570 ; gain = 546.723
Finished Cross Boundary and Area Optimization : Time (s): cpu = 00:00:46 ; elapsed = 00:00:51 . Memory (MB): peak = 852.570 ; gain = 546.723
Finished Applying XDC Timing Constraints : Time (s): cpu = 00:00:56 ; elapsed = 00:01:03 . Memory (MB): peak = 852.570 ; gain = 546.723
Finished Timing Optimization : Time (s): cpu = 00:00:56 ; elapsed = 00:01:03 . Memory (MB): peak = 852.570 ; gain = 546.723
Finished Technology Mapping : Time (s): cpu = 00:00:56 ; elapsed = 00:01:03 . Memory (MB): peak = 852.570 ; gain = 546.723
Finished IO Insertion : Time (s): cpu = 00:00:57 ; elapsed = 00:01:04 . Memory (MB): peak = 852.570 ; gain = 546.723
Finished Renaming Generated Instances : Time (s): cpu = 00:00:57 ; elapsed = 00:01:04 . Memory (MB): peak = 852.570 ; gain = 546.723
Finished Rebuilding User Hierarchy : Time (s): cpu = 00:00:57 ; elapsed = 00:01:04 . Memory (MB): peak = 852.570 ; gain = 546.723
Finished Renaming Generated Ports : Time (s): cpu = 00:00:57 ; elapsed = 00:01:04 . Memory (MB): peak = 852.570 ; gain = 546.723
Finished Handling Custom Attributes : Time (s): cpu = 00:00:57 ; elapsed = 00:01:04 . Memory (MB): peak = 852.570 ; gain = 546.723
Finished Renaming Generated Nets : Time (s): cpu = 00:00:57 ; elapsed = 00:01:04 . Memory (MB): peak = 852.570 ; gain = 546.723

Report Cell Usage: 
+------+-------+------+
|      |Cell   |Count |
+------+-------+------+
|1     |LUT1   |    62|
|2     |LUT2   |   137|
|3     |LUT3   |   145|
|4     |LUT4   |     2|
|5     |MUXCY  |   180|
|6     |SRL16E |    27|
|7     |XORCY  |   162|
|8     |FDRE   |   377|
+------+-------+------+
Finished Writing Synthesis Report : Time (s): cpu = 00:00:57 ; elapsed = 00:01:04 . Memory (MB): peak = 852.570 ; gain = 546.723
synth_design: Time (s): cpu = 00:01:00 ; elapsed = 00:01:08 . Memory (MB): peak = 852.570 ; gain = 555.559
