
*** Running vivado
    with args -log soc_clk_wiz_0_0.vds -m64 -product Vivado -mode batch -messageDb vivado.pb -notrace -source soc_clk_wiz_0_0.tcl


****** Vivado v2017.3 (64-bit)
  **** SW Build 2018833 on Wed Oct  4 19:58:22 MDT 2017
  **** IP Build 2016188 on Wed Oct  4 21:52:56 MDT 2017
    ** Copyright 1986-2017 Xilinx, Inc. All Rights Reserved.

source soc_clk_wiz_0_0.tcl -notrace
Starting RTL Elaboration : Time (s): cpu = 00:00:07 ; elapsed = 00:00:09 . Memory (MB): peak = 406.770 ; gain = 97.809
INFO: [Synth 8-638] synthesizing module 'soc_clk_wiz_0_0' [c:/Users/dell_/bram_comm_2/bram_comm_2.srcs/sources_1/bd/soc/ip/soc_clk_wiz_0_0/soc_clk_wiz_0_0.v:70]
INFO: [Synth 8-638] synthesizing module 'soc_clk_wiz_0_0_clk_wiz' [c:/Users/dell_/bram_comm_2/bram_comm_2.srcs/sources_1/bd/soc/ip/soc_clk_wiz_0_0/soc_clk_wiz_0_0_clk_wiz.v:68]
INFO: [Synth 8-638] synthesizing module 'IBUFDS' [C:/Xilinx/Vivado/2017.3/scripts/rt/data/unisim_comp.v:19483]
INFO: [Synth 8-256] done synthesizing module 'IBUFDS' (1#1) [C:/Xilinx/Vivado/2017.3/scripts/rt/data/unisim_comp.v:19483]
INFO: [Synth 8-638] synthesizing module 'MMCME2_ADV' [C:/Xilinx/Vivado/2017.3/scripts/rt/data/unisim_comp.v:25757]
INFO: [Synth 8-256] done synthesizing module 'MMCME2_ADV' (2#1) [C:/Xilinx/Vivado/2017.3/scripts/rt/data/unisim_comp.v:25757]
INFO: [Synth 8-638] synthesizing module 'BUFG' [C:/Xilinx/Vivado/2017.3/scripts/rt/data/unisim_comp.v:607]
INFO: [Synth 8-256] done synthesizing module 'BUFG' (3#1) [C:/Xilinx/Vivado/2017.3/scripts/rt/data/unisim_comp.v:607]
INFO: [Synth 8-256] done synthesizing module 'soc_clk_wiz_0_0_clk_wiz' (4#1) [c:/Users/dell_/bram_comm_2/bram_comm_2.srcs/sources_1/bd/soc/ip/soc_clk_wiz_0_0/soc_clk_wiz_0_0_clk_wiz.v:68]
INFO: [Synth 8-256] done synthesizing module 'soc_clk_wiz_0_0' (5#1) [c:/Users/dell_/bram_comm_2/bram_comm_2.srcs/sources_1/bd/soc/ip/soc_clk_wiz_0_0/soc_clk_wiz_0_0.v:70]
Finished RTL Elaboration : Time (s): cpu = 00:00:08 ; elapsed = 00:00:10 . Memory (MB): peak = 447.852 ; gain = 138.891
Finished RTL Optimization Phase 1 : Time (s): cpu = 00:00:08 ; elapsed = 00:00:11 . Memory (MB): peak = 447.852 ; gain = 138.891
INFO: [Device 21-403] Loading part xc7z045ffg900-2
Constraint Validation Runtime : Time (s): cpu = 00:00:00 ; elapsed = 00:00:00.079 . Memory (MB): peak = 750.414 ; gain = 0.000
Finished Constraint Validation : Time (s): cpu = 00:00:22 ; elapsed = 00:00:34 . Memory (MB): peak = 750.414 ; gain = 441.453
Finished Loading Part and Timing Information : Time (s): cpu = 00:00:22 ; elapsed = 00:00:34 . Memory (MB): peak = 750.414 ; gain = 441.453
Finished applying 'set_property' XDC Constraints : Time (s): cpu = 00:00:22 ; elapsed = 00:00:34 . Memory (MB): peak = 750.414 ; gain = 441.453
Finished RTL Optimization Phase 2 : Time (s): cpu = 00:00:22 ; elapsed = 00:00:34 . Memory (MB): peak = 750.414 ; gain = 441.453
Finished Cross Boundary and Area Optimization : Time (s): cpu = 00:00:23 ; elapsed = 00:00:35 . Memory (MB): peak = 750.414 ; gain = 441.453
Finished Applying XDC Timing Constraints : Time (s): cpu = 00:00:33 ; elapsed = 00:00:47 . Memory (MB): peak = 771.688 ; gain = 462.727
Finished Timing Optimization : Time (s): cpu = 00:00:33 ; elapsed = 00:00:47 . Memory (MB): peak = 771.688 ; gain = 462.727
Finished Technology Mapping : Time (s): cpu = 00:00:33 ; elapsed = 00:00:47 . Memory (MB): peak = 782.832 ; gain = 473.871
Finished IO Insertion : Time (s): cpu = 00:00:34 ; elapsed = 00:00:49 . Memory (MB): peak = 782.832 ; gain = 473.871
Finished Renaming Generated Instances : Time (s): cpu = 00:00:34 ; elapsed = 00:00:49 . Memory (MB): peak = 782.832 ; gain = 473.871
Finished Rebuilding User Hierarchy : Time (s): cpu = 00:00:34 ; elapsed = 00:00:49 . Memory (MB): peak = 782.832 ; gain = 473.871
Finished Renaming Generated Ports : Time (s): cpu = 00:00:34 ; elapsed = 00:00:49 . Memory (MB): peak = 782.832 ; gain = 473.871
Finished Handling Custom Attributes : Time (s): cpu = 00:00:34 ; elapsed = 00:00:49 . Memory (MB): peak = 782.832 ; gain = 473.871
Finished Renaming Generated Nets : Time (s): cpu = 00:00:34 ; elapsed = 00:00:49 . Memory (MB): peak = 782.832 ; gain = 473.871

Report Cell Usage: 
+------+-----------+------+
|      |Cell       |Count |
+------+-----------+------+
|1     |BUFG       |     2|
|2     |MMCME2_ADV |     1|
|3     |IBUFDS     |     1|
+------+-----------+------+
Finished Writing Synthesis Report : Time (s): cpu = 00:00:34 ; elapsed = 00:00:49 . Memory (MB): peak = 782.832 ; gain = 473.871
synth_design: Time (s): cpu = 00:00:36 ; elapsed = 00:00:52 . Memory (MB): peak = 804.680 ; gain = 505.613
