
*** Running vivado
    with args -log soc_c_counter_binary_0_3.vds -m64 -product Vivado -mode batch -messageDb vivado.pb -notrace -source soc_c_counter_binary_0_3.tcl


****** Vivado v2017.3 (64-bit)
  **** SW Build 2018833 on Wed Oct  4 19:58:22 MDT 2017
  **** IP Build 2016188 on Wed Oct  4 21:52:56 MDT 2017
    ** Copyright 1986-2017 Xilinx, Inc. All Rights Reserved.

source soc_c_counter_binary_0_3.tcl -notrace
Starting RTL Elaboration : Time (s): cpu = 00:00:08 ; elapsed = 00:00:11 . Memory (MB): peak = 408.043 ; gain = 99.500
INFO: [Synth 8-638] synthesizing module 'soc_c_counter_binary_0_3' [c:/Users/dell_/bram_comm_2/bram_comm_2.srcs/sources_1/bd/soc/ip/soc_c_counter_binary_0_3/synth/soc_c_counter_binary_0_3.vhd:68]
INFO: [Synth 8-256] done synthesizing module 'soc_c_counter_binary_0_3' (8#1) [c:/Users/dell_/bram_comm_2/bram_comm_2.srcs/sources_1/bd/soc/ip/soc_c_counter_binary_0_3/synth/soc_c_counter_binary_0_3.vhd:68]
Finished RTL Elaboration : Time (s): cpu = 00:00:12 ; elapsed = 00:00:16 . Memory (MB): peak = 459.137 ; gain = 150.594
Finished RTL Optimization Phase 1 : Time (s): cpu = 00:00:12 ; elapsed = 00:00:16 . Memory (MB): peak = 459.137 ; gain = 150.594
INFO: [Device 21-403] Loading part xc7z045ffg900-2
Constraint Validation Runtime : Time (s): cpu = 00:00:00 ; elapsed = 00:00:00.027 . Memory (MB): peak = 823.531 ; gain = 0.000
Finished Constraint Validation : Time (s): cpu = 00:00:26 ; elapsed = 00:00:34 . Memory (MB): peak = 823.531 ; gain = 514.988
Finished Loading Part and Timing Information : Time (s): cpu = 00:00:26 ; elapsed = 00:00:34 . Memory (MB): peak = 823.531 ; gain = 514.988
Finished applying 'set_property' XDC Constraints : Time (s): cpu = 00:00:26 ; elapsed = 00:00:34 . Memory (MB): peak = 823.531 ; gain = 514.988
Finished RTL Optimization Phase 2 : Time (s): cpu = 00:00:26 ; elapsed = 00:00:35 . Memory (MB): peak = 823.531 ; gain = 514.988
Finished Cross Boundary and Area Optimization : Time (s): cpu = 00:00:27 ; elapsed = 00:00:35 . Memory (MB): peak = 823.531 ; gain = 514.988
Finished Applying XDC Timing Constraints : Time (s): cpu = 00:00:37 ; elapsed = 00:00:48 . Memory (MB): peak = 823.531 ; gain = 514.988
Finished Timing Optimization : Time (s): cpu = 00:00:37 ; elapsed = 00:00:48 . Memory (MB): peak = 823.531 ; gain = 514.988
Finished Technology Mapping : Time (s): cpu = 00:00:37 ; elapsed = 00:00:48 . Memory (MB): peak = 823.531 ; gain = 514.988
Finished IO Insertion : Time (s): cpu = 00:00:38 ; elapsed = 00:00:49 . Memory (MB): peak = 823.531 ; gain = 514.988
Finished Renaming Generated Instances : Time (s): cpu = 00:00:38 ; elapsed = 00:00:49 . Memory (MB): peak = 823.531 ; gain = 514.988
Finished Rebuilding User Hierarchy : Time (s): cpu = 00:00:38 ; elapsed = 00:00:49 . Memory (MB): peak = 823.531 ; gain = 514.988
Finished Renaming Generated Ports : Time (s): cpu = 00:00:38 ; elapsed = 00:00:49 . Memory (MB): peak = 823.531 ; gain = 514.988
Finished Handling Custom Attributes : Time (s): cpu = 00:00:38 ; elapsed = 00:00:49 . Memory (MB): peak = 823.531 ; gain = 514.988
Finished Renaming Generated Nets : Time (s): cpu = 00:00:38 ; elapsed = 00:00:49 . Memory (MB): peak = 823.531 ; gain = 514.988

Report Cell Usage: 
+------+------+------+
|      |Cell  |Count |
+------+------+------+
|1     |LUT1  |     1|
|2     |MUXCY |    31|
|3     |XORCY |    32|
|4     |FDRE  |    32|
+------+------+------+
Finished Writing Synthesis Report : Time (s): cpu = 00:00:38 ; elapsed = 00:00:49 . Memory (MB): peak = 823.531 ; gain = 514.988
synth_design: Time (s): cpu = 00:00:40 ; elapsed = 00:00:52 . Memory (MB): peak = 823.531 ; gain = 523.512
