
*** Running vivado
    with args -log soc_xlconcat_1_3.vds -m64 -product Vivado -mode batch -messageDb vivado.pb -notrace -source soc_xlconcat_1_3.tcl


****** Vivado v2017.3 (64-bit)
  **** SW Build 2018833 on Wed Oct  4 19:58:22 MDT 2017
  **** IP Build 2016188 on Wed Oct  4 21:52:56 MDT 2017
    ** Copyright 1986-2017 Xilinx, Inc. All Rights Reserved.

source soc_xlconcat_1_3.tcl -notrace
Starting RTL Elaboration : Time (s): cpu = 00:00:08 ; elapsed = 00:00:09 . Memory (MB): peak = 406.859 ; gain = 98.629
INFO: [Synth 8-638] synthesizing module 'soc_xlconcat_1_3' [c:/Users/dell_/Documents/vivado_zncc/bram_comm_2/bram_comm_2.srcs/sources_1/bd/soc/ip/soc_xlconcat_1_3/synth/soc_xlconcat_1_3.v:58]
INFO: [Synth 8-638] synthesizing module 'xlconcat_v2_1_1_xlconcat' [c:/Users/dell_/Documents/vivado_zncc/bram_comm_2/bram_comm_2.srcs/sources_1/bd/soc/ipshared/2f66/hdl/xlconcat_v2_1_vl_rfs.v:14]
INFO: [Synth 8-256] done synthesizing module 'xlconcat_v2_1_1_xlconcat' (1#1) [c:/Users/dell_/Documents/vivado_zncc/bram_comm_2/bram_comm_2.srcs/sources_1/bd/soc/ipshared/2f66/hdl/xlconcat_v2_1_vl_rfs.v:14]
INFO: [Synth 8-256] done synthesizing module 'soc_xlconcat_1_3' (2#1) [c:/Users/dell_/Documents/vivado_zncc/bram_comm_2/bram_comm_2.srcs/sources_1/bd/soc/ip/soc_xlconcat_1_3/synth/soc_xlconcat_1_3.v:58]
Finished RTL Elaboration : Time (s): cpu = 00:00:09 ; elapsed = 00:00:10 . Memory (MB): peak = 449.633 ; gain = 141.402
Finished RTL Optimization Phase 1 : Time (s): cpu = 00:00:09 ; elapsed = 00:00:10 . Memory (MB): peak = 449.633 ; gain = 141.402
INFO: [Device 21-403] Loading part xc7z045ffg900-2
Constraint Validation Runtime : Time (s): cpu = 00:00:00 ; elapsed = 00:00:00.014 . Memory (MB): peak = 741.488 ; gain = 0.000
Finished Constraint Validation : Time (s): cpu = 00:00:24 ; elapsed = 00:00:27 . Memory (MB): peak = 741.488 ; gain = 433.258
Finished Loading Part and Timing Information : Time (s): cpu = 00:00:24 ; elapsed = 00:00:27 . Memory (MB): peak = 741.488 ; gain = 433.258
Finished applying 'set_property' XDC Constraints : Time (s): cpu = 00:00:24 ; elapsed = 00:00:27 . Memory (MB): peak = 741.488 ; gain = 433.258
Finished RTL Optimization Phase 2 : Time (s): cpu = 00:00:24 ; elapsed = 00:00:27 . Memory (MB): peak = 741.488 ; gain = 433.258
Finished Cross Boundary and Area Optimization : Time (s): cpu = 00:00:24 ; elapsed = 00:00:28 . Memory (MB): peak = 741.488 ; gain = 433.258
Finished Applying XDC Timing Constraints : Time (s): cpu = 00:00:35 ; elapsed = 00:00:40 . Memory (MB): peak = 772.863 ; gain = 464.633
Finished Timing Optimization : Time (s): cpu = 00:00:35 ; elapsed = 00:00:40 . Memory (MB): peak = 772.863 ; gain = 464.633
Finished Technology Mapping : Time (s): cpu = 00:00:35 ; elapsed = 00:00:40 . Memory (MB): peak = 783.008 ; gain = 474.777
Finished IO Insertion : Time (s): cpu = 00:00:36 ; elapsed = 00:00:41 . Memory (MB): peak = 783.008 ; gain = 474.777
Finished Renaming Generated Instances : Time (s): cpu = 00:00:36 ; elapsed = 00:00:41 . Memory (MB): peak = 783.008 ; gain = 474.777
Finished Rebuilding User Hierarchy : Time (s): cpu = 00:00:36 ; elapsed = 00:00:41 . Memory (MB): peak = 783.008 ; gain = 474.777
Finished Renaming Generated Ports : Time (s): cpu = 00:00:36 ; elapsed = 00:00:41 . Memory (MB): peak = 783.008 ; gain = 474.777
Finished Handling Custom Attributes : Time (s): cpu = 00:00:36 ; elapsed = 00:00:41 . Memory (MB): peak = 783.008 ; gain = 474.777
Finished Renaming Generated Nets : Time (s): cpu = 00:00:36 ; elapsed = 00:00:41 . Memory (MB): peak = 783.008 ; gain = 474.777

Report Cell Usage: 
+-+-----+------+
| |Cell |Count |
+-+-----+------+
+-+-----+------+
Finished Writing Synthesis Report : Time (s): cpu = 00:00:36 ; elapsed = 00:00:41 . Memory (MB): peak = 783.008 ; gain = 474.777
synth_design: Time (s): cpu = 00:00:38 ; elapsed = 00:00:44 . Memory (MB): peak = 804.855 ; gain = 505.082
