
*** Running vivado
    with args -log soc_clk_wiz_0_0.vds -m64 -product Vivado -mode batch -messageDb vivado.pb -notrace -source soc_clk_wiz_0_0.tcl


****** Vivado v2017.3 (64-bit)
  **** SW Build 2018833 on Wed Oct  4 19:58:22 MDT 2017
  **** IP Build 2016188 on Wed Oct  4 21:52:56 MDT 2017
    ** Copyright 1986-2017 Xilinx, Inc. All Rights Reserved.

source soc_clk_wiz_0_0.tcl -notrace
Starting RTL Elaboration : Time (s): cpu = 00:00:07 ; elapsed = 00:00:11 . Memory (MB): peak = 408.477 ; gain = 99.109
INFO: [Synth 8-638] synthesizing module 'soc_clk_wiz_0_0' [c:/Users/dell_/bram_comm_2/bram_comm_2.srcs/sources_1/bd/soc/ip/soc_clk_wiz_0_0/soc_clk_wiz_0_0.v:71]
INFO: [Synth 8-638] synthesizing module 'soc_clk_wiz_0_0_clk_wiz' [c:/Users/dell_/bram_comm_2/bram_comm_2.srcs/sources_1/bd/soc/ip/soc_clk_wiz_0_0/soc_clk_wiz_0_0_clk_wiz.v:69]
INFO: [Synth 8-638] synthesizing module 'IBUFDS' [C:/Xilinx/Vivado/2017.3/scripts/rt/data/unisim_comp.v:19483]
INFO: [Synth 8-256] done synthesizing module 'IBUFDS' (1#1) [C:/Xilinx/Vivado/2017.3/scripts/rt/data/unisim_comp.v:19483]
INFO: [Synth 8-638] synthesizing module 'MMCME2_ADV' [C:/Xilinx/Vivado/2017.3/scripts/rt/data/unisim_comp.v:25757]
INFO: [Synth 8-256] done synthesizing module 'MMCME2_ADV' (2#1) [C:/Xilinx/Vivado/2017.3/scripts/rt/data/unisim_comp.v:25757]
INFO: [Synth 8-638] synthesizing module 'BUFG' [C:/Xilinx/Vivado/2017.3/scripts/rt/data/unisim_comp.v:607]
INFO: [Synth 8-256] done synthesizing module 'BUFG' (3#1) [C:/Xilinx/Vivado/2017.3/scripts/rt/data/unisim_comp.v:607]
INFO: [Synth 8-256] done synthesizing module 'soc_clk_wiz_0_0_clk_wiz' (4#1) [c:/Users/dell_/bram_comm_2/bram_comm_2.srcs/sources_1/bd/soc/ip/soc_clk_wiz_0_0/soc_clk_wiz_0_0_clk_wiz.v:69]
INFO: [Synth 8-256] done synthesizing module 'soc_clk_wiz_0_0' (5#1) [c:/Users/dell_/bram_comm_2/bram_comm_2.srcs/sources_1/bd/soc/ip/soc_clk_wiz_0_0/soc_clk_wiz_0_0.v:71]
Finished RTL Elaboration : Time (s): cpu = 00:00:08 ; elapsed = 00:00:12 . Memory (MB): peak = 449.559 ; gain = 140.191
Finished RTL Optimization Phase 1 : Time (s): cpu = 00:00:08 ; elapsed = 00:00:13 . Memory (MB): peak = 449.559 ; gain = 140.191
INFO: [Device 21-403] Loading part xc7z045ffg900-2
Constraint Validation Runtime : Time (s): cpu = 00:00:00 ; elapsed = 00:00:00.110 . Memory (MB): peak = 752.086 ; gain = 0.000
Finished Constraint Validation : Time (s): cpu = 00:00:23 ; elapsed = 00:00:37 . Memory (MB): peak = 752.086 ; gain = 442.719
Finished Loading Part and Timing Information : Time (s): cpu = 00:00:23 ; elapsed = 00:00:37 . Memory (MB): peak = 752.086 ; gain = 442.719
Finished applying 'set_property' XDC Constraints : Time (s): cpu = 00:00:23 ; elapsed = 00:00:37 . Memory (MB): peak = 752.086 ; gain = 442.719
Finished RTL Optimization Phase 2 : Time (s): cpu = 00:00:23 ; elapsed = 00:00:37 . Memory (MB): peak = 752.086 ; gain = 442.719
Finished Cross Boundary and Area Optimization : Time (s): cpu = 00:00:24 ; elapsed = 00:00:38 . Memory (MB): peak = 752.086 ; gain = 442.719
Finished Applying XDC Timing Constraints : Time (s): cpu = 00:00:34 ; elapsed = 00:00:53 . Memory (MB): peak = 774.238 ; gain = 464.871
Finished Timing Optimization : Time (s): cpu = 00:00:34 ; elapsed = 00:00:53 . Memory (MB): peak = 774.238 ; gain = 464.871
Finished Technology Mapping : Time (s): cpu = 00:00:34 ; elapsed = 00:00:53 . Memory (MB): peak = 784.383 ; gain = 475.016
Finished IO Insertion : Time (s): cpu = 00:00:35 ; elapsed = 00:00:54 . Memory (MB): peak = 784.383 ; gain = 475.016
Finished Renaming Generated Instances : Time (s): cpu = 00:00:35 ; elapsed = 00:00:54 . Memory (MB): peak = 784.383 ; gain = 475.016
Finished Rebuilding User Hierarchy : Time (s): cpu = 00:00:35 ; elapsed = 00:00:54 . Memory (MB): peak = 784.383 ; gain = 475.016
Finished Renaming Generated Ports : Time (s): cpu = 00:00:35 ; elapsed = 00:00:54 . Memory (MB): peak = 784.383 ; gain = 475.016
Finished Handling Custom Attributes : Time (s): cpu = 00:00:35 ; elapsed = 00:00:54 . Memory (MB): peak = 784.383 ; gain = 475.016
Finished Renaming Generated Nets : Time (s): cpu = 00:00:35 ; elapsed = 00:00:54 . Memory (MB): peak = 784.383 ; gain = 475.016

Report Cell Usage: 
+------+-----------+------+
|      |Cell       |Count |
+------+-----------+------+
|1     |BUFG       |     3|
|2     |MMCME2_ADV |     1|
|3     |IBUFDS     |     1|
+------+-----------+------+
Finished Writing Synthesis Report : Time (s): cpu = 00:00:35 ; elapsed = 00:00:54 . Memory (MB): peak = 784.383 ; gain = 475.016
synth_design: Time (s): cpu = 00:00:37 ; elapsed = 00:00:58 . Memory (MB): peak = 806.230 ; gain = 505.383
