
*** Running vivado
    with args -log soc_c_addsub_0_3.vds -m64 -product Vivado -mode batch -messageDb vivado.pb -notrace -source soc_c_addsub_0_3.tcl


****** Vivado v2017.3 (64-bit)
  **** SW Build 2018833 on Wed Oct  4 19:58:22 MDT 2017
  **** IP Build 2016188 on Wed Oct  4 21:52:56 MDT 2017
    ** Copyright 1986-2017 Xilinx, Inc. All Rights Reserved.

source soc_c_addsub_0_3.tcl -notrace
Starting RTL Elaboration : Time (s): cpu = 00:00:10 ; elapsed = 00:00:12 . Memory (MB): peak = 408.281 ; gain = 98.836
INFO: [Synth 8-638] synthesizing module 'soc_c_addsub_0_3' [c:/Users/dell_/Documents/vivado_zncc/bram_comm_2/bram_comm_2.srcs/sources_1/bd/soc/ip/soc_c_addsub_0_3/synth/soc_c_addsub_0_3.vhd:66]
INFO: [Synth 8-256] done synthesizing module 'soc_c_addsub_0_3' (6#1) [c:/Users/dell_/Documents/vivado_zncc/bram_comm_2/bram_comm_2.srcs/sources_1/bd/soc/ip/soc_c_addsub_0_3/synth/soc_c_addsub_0_3.vhd:66]
Finished RTL Elaboration : Time (s): cpu = 00:00:13 ; elapsed = 00:00:16 . Memory (MB): peak = 456.445 ; gain = 147.000
Finished RTL Optimization Phase 1 : Time (s): cpu = 00:00:13 ; elapsed = 00:00:16 . Memory (MB): peak = 456.445 ; gain = 147.000
INFO: [Device 21-403] Loading part xc7z045ffg900-2
Constraint Validation Runtime : Time (s): cpu = 00:00:00 ; elapsed = 00:00:00.015 . Memory (MB): peak = 747.945 ; gain = 0.000
Finished Constraint Validation : Time (s): cpu = 00:00:28 ; elapsed = 00:00:36 . Memory (MB): peak = 747.945 ; gain = 438.500
Finished Loading Part and Timing Information : Time (s): cpu = 00:00:28 ; elapsed = 00:00:36 . Memory (MB): peak = 747.945 ; gain = 438.500
Finished applying 'set_property' XDC Constraints : Time (s): cpu = 00:00:28 ; elapsed = 00:00:36 . Memory (MB): peak = 747.945 ; gain = 438.500
Finished RTL Optimization Phase 2 : Time (s): cpu = 00:00:28 ; elapsed = 00:00:36 . Memory (MB): peak = 747.945 ; gain = 438.500
Finished Cross Boundary and Area Optimization : Time (s): cpu = 00:00:29 ; elapsed = 00:00:37 . Memory (MB): peak = 747.945 ; gain = 438.500
Finished Applying XDC Timing Constraints : Time (s): cpu = 00:00:40 ; elapsed = 00:00:52 . Memory (MB): peak = 792.016 ; gain = 482.570
Finished Timing Optimization : Time (s): cpu = 00:00:40 ; elapsed = 00:00:52 . Memory (MB): peak = 792.016 ; gain = 482.570
Finished Technology Mapping : Time (s): cpu = 00:00:40 ; elapsed = 00:00:52 . Memory (MB): peak = 802.156 ; gain = 492.711
Finished IO Insertion : Time (s): cpu = 00:00:41 ; elapsed = 00:00:53 . Memory (MB): peak = 802.156 ; gain = 492.711
Finished Renaming Generated Instances : Time (s): cpu = 00:00:41 ; elapsed = 00:00:53 . Memory (MB): peak = 802.156 ; gain = 492.711
Finished Rebuilding User Hierarchy : Time (s): cpu = 00:00:41 ; elapsed = 00:00:53 . Memory (MB): peak = 802.156 ; gain = 492.711
Finished Renaming Generated Ports : Time (s): cpu = 00:00:41 ; elapsed = 00:00:53 . Memory (MB): peak = 802.156 ; gain = 492.711
Finished Handling Custom Attributes : Time (s): cpu = 00:00:41 ; elapsed = 00:00:53 . Memory (MB): peak = 802.156 ; gain = 492.711
Finished Renaming Generated Nets : Time (s): cpu = 00:00:41 ; elapsed = 00:00:53 . Memory (MB): peak = 802.156 ; gain = 492.711

Report Cell Usage: 
+------+------+------+
|      |Cell  |Count |
+------+------+------+
|1     |LUT1  |     1|
|2     |MUXCY |    31|
|3     |XORCY |    32|
+------+------+------+
Finished Writing Synthesis Report : Time (s): cpu = 00:00:41 ; elapsed = 00:00:53 . Memory (MB): peak = 802.156 ; gain = 492.711
synth_design: Time (s): cpu = 00:00:42 ; elapsed = 00:00:56 . Memory (MB): peak = 824.008 ; gain = 524.332
