
*** Running vivado
    with args -log soc_c_addsub_0_2.vds -m64 -product Vivado -mode batch -messageDb vivado.pb -notrace -source soc_c_addsub_0_2.tcl


****** Vivado v2017.3 (64-bit)
  **** SW Build 2018833 on Wed Oct  4 19:58:22 MDT 2017
  **** IP Build 2016188 on Wed Oct  4 21:52:56 MDT 2017
    ** Copyright 1986-2017 Xilinx, Inc. All Rights Reserved.

source soc_c_addsub_0_2.tcl -notrace
Starting RTL Elaboration : Time (s): cpu = 00:00:08 ; elapsed = 00:00:12 . Memory (MB): peak = 404.543 ; gain = 98.223
INFO: [Synth 8-638] synthesizing module 'soc_c_addsub_0_2' [c:/Users/dell_/bram_comm_2/bram_comm_2.srcs/sources_1/bd/soc/ip/soc_c_addsub_0_2/synth/soc_c_addsub_0_2.vhd:66]
INFO: [Synth 8-256] done synthesizing module 'soc_c_addsub_0_2' (6#1) [c:/Users/dell_/bram_comm_2/bram_comm_2.srcs/sources_1/bd/soc/ip/soc_c_addsub_0_2/synth/soc_c_addsub_0_2.vhd:66]
Finished RTL Elaboration : Time (s): cpu = 00:00:12 ; elapsed = 00:00:18 . Memory (MB): peak = 453.652 ; gain = 147.332
Finished RTL Optimization Phase 1 : Time (s): cpu = 00:00:12 ; elapsed = 00:00:18 . Memory (MB): peak = 453.652 ; gain = 147.332
INFO: [Device 21-403] Loading part xc7z045ffg900-2
Constraint Validation Runtime : Time (s): cpu = 00:00:00 ; elapsed = 00:00:00.013 . Memory (MB): peak = 744.121 ; gain = 0.000
Finished Constraint Validation : Time (s): cpu = 00:00:25 ; elapsed = 00:00:38 . Memory (MB): peak = 744.121 ; gain = 437.801
Finished Loading Part and Timing Information : Time (s): cpu = 00:00:25 ; elapsed = 00:00:38 . Memory (MB): peak = 744.121 ; gain = 437.801
Finished applying 'set_property' XDC Constraints : Time (s): cpu = 00:00:25 ; elapsed = 00:00:38 . Memory (MB): peak = 744.121 ; gain = 437.801
Finished RTL Optimization Phase 2 : Time (s): cpu = 00:00:25 ; elapsed = 00:00:39 . Memory (MB): peak = 744.121 ; gain = 437.801
Finished Cross Boundary and Area Optimization : Time (s): cpu = 00:00:26 ; elapsed = 00:00:40 . Memory (MB): peak = 744.121 ; gain = 437.801
Finished Applying XDC Timing Constraints : Time (s): cpu = 00:00:37 ; elapsed = 00:00:55 . Memory (MB): peak = 788.344 ; gain = 482.023
Finished Timing Optimization : Time (s): cpu = 00:00:37 ; elapsed = 00:00:55 . Memory (MB): peak = 788.344 ; gain = 482.023
Finished Technology Mapping : Time (s): cpu = 00:00:37 ; elapsed = 00:00:55 . Memory (MB): peak = 798.488 ; gain = 492.168
Finished IO Insertion : Time (s): cpu = 00:00:38 ; elapsed = 00:00:57 . Memory (MB): peak = 798.488 ; gain = 492.168
Finished Renaming Generated Instances : Time (s): cpu = 00:00:38 ; elapsed = 00:00:57 . Memory (MB): peak = 798.488 ; gain = 492.168
Finished Rebuilding User Hierarchy : Time (s): cpu = 00:00:38 ; elapsed = 00:00:57 . Memory (MB): peak = 798.488 ; gain = 492.168
Finished Renaming Generated Ports : Time (s): cpu = 00:00:38 ; elapsed = 00:00:57 . Memory (MB): peak = 798.488 ; gain = 492.168
Finished Handling Custom Attributes : Time (s): cpu = 00:00:38 ; elapsed = 00:00:57 . Memory (MB): peak = 798.488 ; gain = 492.168
Finished Renaming Generated Nets : Time (s): cpu = 00:00:38 ; elapsed = 00:00:57 . Memory (MB): peak = 798.488 ; gain = 492.168

Report Cell Usage: 
+------+------+------+
|      |Cell  |Count |
+------+------+------+
|1     |LUT1  |     1|
|2     |MUXCY |    31|
|3     |XORCY |    32|
+------+------+------+
Finished Writing Synthesis Report : Time (s): cpu = 00:00:38 ; elapsed = 00:00:57 . Memory (MB): peak = 798.488 ; gain = 492.168
synth_design: Time (s): cpu = 00:00:39 ; elapsed = 00:01:04 . Memory (MB): peak = 817.203 ; gain = 518.961
