
*** Running vivado
    with args -log soc_rst_ps7_0_50M_0.vds -m64 -product Vivado -mode batch -messageDb vivado.pb -notrace -source soc_rst_ps7_0_50M_0.tcl


****** Vivado v2017.3 (64-bit)
  **** SW Build 2018833 on Wed Oct  4 19:58:22 MDT 2017
  **** IP Build 2016188 on Wed Oct  4 21:52:56 MDT 2017
    ** Copyright 1986-2017 Xilinx, Inc. All Rights Reserved.

source soc_rst_ps7_0_50M_0.tcl -notrace
Starting RTL Elaboration : Time (s): cpu = 00:00:08 ; elapsed = 00:00:10 . Memory (MB): peak = 406.586 ; gain = 98.766
INFO: [Synth 8-638] synthesizing module 'soc_rst_ps7_0_50M_0' [c:/Users/dell_/bram_comm_2/bram_comm_2.srcs/sources_1/bd/soc/ip/soc_rst_ps7_0_50M_0/synth/soc_rst_ps7_0_50M_0.vhd:74]
INFO: [Synth 8-638] synthesizing module 'proc_sys_reset' [c:/Users/dell_/bram_comm_2/bram_comm_2.srcs/sources_1/bd/soc/ipshared/f86a/hdl/proc_sys_reset_v5_0_vh_rfs.vhd:1323]
INFO: [Synth 8-638] synthesizing module 'lpf' [c:/Users/dell_/bram_comm_2/bram_comm_2.srcs/sources_1/bd/soc/ipshared/f86a/hdl/proc_sys_reset_v5_0_vh_rfs.vhd:816]
INFO: [Synth 8-638] synthesizing module 'SRL16' [C:/Xilinx/Vivado/2017.3/scripts/rt/data/unisim_comp.v:50689]
INFO: [Synth 8-256] done synthesizing module 'SRL16' (1#1) [C:/Xilinx/Vivado/2017.3/scripts/rt/data/unisim_comp.v:50689]
INFO: [Synth 8-638] synthesizing module 'cdc_sync' [c:/Users/dell_/bram_comm_2/bram_comm_2.srcs/sources_1/bd/soc/ipshared/ef1e/hdl/lib_cdc_v1_0_rfs.vhd:106]
INFO: [Synth 8-256] done synthesizing module 'cdc_sync' (2#1) [c:/Users/dell_/bram_comm_2/bram_comm_2.srcs/sources_1/bd/soc/ipshared/ef1e/hdl/lib_cdc_v1_0_rfs.vhd:106]
INFO: [Synth 8-256] done synthesizing module 'lpf' (3#1) [c:/Users/dell_/bram_comm_2/bram_comm_2.srcs/sources_1/bd/soc/ipshared/f86a/hdl/proc_sys_reset_v5_0_vh_rfs.vhd:816]
INFO: [Synth 8-638] synthesizing module 'sequence_psr' [c:/Users/dell_/bram_comm_2/bram_comm_2.srcs/sources_1/bd/soc/ipshared/f86a/hdl/proc_sys_reset_v5_0_vh_rfs.vhd:301]
INFO: [Synth 8-638] synthesizing module 'upcnt_n' [c:/Users/dell_/bram_comm_2/bram_comm_2.srcs/sources_1/bd/soc/ipshared/f86a/hdl/proc_sys_reset_v5_0_vh_rfs.vhd:125]
INFO: [Synth 8-256] done synthesizing module 'upcnt_n' (4#1) [c:/Users/dell_/bram_comm_2/bram_comm_2.srcs/sources_1/bd/soc/ipshared/f86a/hdl/proc_sys_reset_v5_0_vh_rfs.vhd:125]
INFO: [Synth 8-256] done synthesizing module 'sequence_psr' (5#1) [c:/Users/dell_/bram_comm_2/bram_comm_2.srcs/sources_1/bd/soc/ipshared/f86a/hdl/proc_sys_reset_v5_0_vh_rfs.vhd:301]
INFO: [Synth 8-256] done synthesizing module 'proc_sys_reset' (6#1) [c:/Users/dell_/bram_comm_2/bram_comm_2.srcs/sources_1/bd/soc/ipshared/f86a/hdl/proc_sys_reset_v5_0_vh_rfs.vhd:1323]
INFO: [Synth 8-256] done synthesizing module 'soc_rst_ps7_0_50M_0' (7#1) [c:/Users/dell_/bram_comm_2/bram_comm_2.srcs/sources_1/bd/soc/ip/soc_rst_ps7_0_50M_0/synth/soc_rst_ps7_0_50M_0.vhd:74]
Finished RTL Elaboration : Time (s): cpu = 00:00:09 ; elapsed = 00:00:11 . Memory (MB): peak = 449.043 ; gain = 141.223
Finished RTL Optimization Phase 1 : Time (s): cpu = 00:00:09 ; elapsed = 00:00:12 . Memory (MB): peak = 449.043 ; gain = 141.223
INFO: [Device 21-403] Loading part xc7z045ffg900-2
Constraint Validation Runtime : Time (s): cpu = 00:00:00 ; elapsed = 00:00:00.022 . Memory (MB): peak = 840.645 ; gain = 0.000
Finished Constraint Validation : Time (s): cpu = 00:00:24 ; elapsed = 00:00:33 . Memory (MB): peak = 840.645 ; gain = 532.824
Finished Loading Part and Timing Information : Time (s): cpu = 00:00:24 ; elapsed = 00:00:33 . Memory (MB): peak = 840.645 ; gain = 532.824
Finished applying 'set_property' XDC Constraints : Time (s): cpu = 00:00:24 ; elapsed = 00:00:33 . Memory (MB): peak = 840.645 ; gain = 532.824
Finished RTL Optimization Phase 2 : Time (s): cpu = 00:00:24 ; elapsed = 00:00:34 . Memory (MB): peak = 840.645 ; gain = 532.824
Finished Cross Boundary and Area Optimization : Time (s): cpu = 00:00:25 ; elapsed = 00:00:35 . Memory (MB): peak = 840.645 ; gain = 532.824
Finished Applying XDC Timing Constraints : Time (s): cpu = 00:00:35 ; elapsed = 00:00:53 . Memory (MB): peak = 840.645 ; gain = 532.824
Finished Timing Optimization : Time (s): cpu = 00:00:35 ; elapsed = 00:00:53 . Memory (MB): peak = 840.645 ; gain = 532.824
Finished Technology Mapping : Time (s): cpu = 00:00:35 ; elapsed = 00:00:53 . Memory (MB): peak = 840.645 ; gain = 532.824
Finished IO Insertion : Time (s): cpu = 00:00:36 ; elapsed = 00:00:55 . Memory (MB): peak = 840.645 ; gain = 532.824
Finished Renaming Generated Instances : Time (s): cpu = 00:00:36 ; elapsed = 00:00:55 . Memory (MB): peak = 840.645 ; gain = 532.824
Finished Rebuilding User Hierarchy : Time (s): cpu = 00:00:36 ; elapsed = 00:00:55 . Memory (MB): peak = 840.645 ; gain = 532.824
Finished Renaming Generated Ports : Time (s): cpu = 00:00:36 ; elapsed = 00:00:55 . Memory (MB): peak = 840.645 ; gain = 532.824
Finished Handling Custom Attributes : Time (s): cpu = 00:00:36 ; elapsed = 00:00:55 . Memory (MB): peak = 840.645 ; gain = 532.824
Finished Renaming Generated Nets : Time (s): cpu = 00:00:36 ; elapsed = 00:00:55 . Memory (MB): peak = 840.645 ; gain = 532.824

Report Cell Usage: 
+------+------+------+
|      |Cell  |Count |
+------+------+------+
|1     |LUT1  |     5|
|2     |LUT2  |     9|
|3     |LUT3  |     1|
|4     |LUT4  |     6|
|5     |LUT5  |     3|
|6     |LUT6  |     1|
|7     |SRL16 |     1|
|8     |FDR   |     8|
|9     |FDRE  |    28|
|10    |FDSE  |     4|
+------+------+------+
Finished Writing Synthesis Report : Time (s): cpu = 00:00:36 ; elapsed = 00:00:55 . Memory (MB): peak = 840.645 ; gain = 532.824
synth_design: Time (s): cpu = 00:00:38 ; elapsed = 00:00:59 . Memory (MB): peak = 840.645 ; gain = 540.598
