
*** Running vivado
    with args -log soc_xlslice_0_13.vds -m64 -product Vivado -mode batch -messageDb vivado.pb -notrace -source soc_xlslice_0_13.tcl


****** Vivado v2017.3 (64-bit)
  **** SW Build 2018833 on Wed Oct  4 19:58:22 MDT 2017
  **** IP Build 2016188 on Wed Oct  4 21:52:56 MDT 2017
    ** Copyright 1986-2017 Xilinx, Inc. All Rights Reserved.

source soc_xlslice_0_13.tcl -notrace
Starting RTL Elaboration : Time (s): cpu = 00:00:08 ; elapsed = 00:00:08 . Memory (MB): peak = 407.566 ; gain = 99.813
INFO: [Synth 8-638] synthesizing module 'soc_xlslice_0_13' [c:/Users/dell_/Documents/vivado_zncc/bram_comm_2/bram_comm_2.srcs/sources_1/bd/soc/ip/soc_xlslice_0_13/synth/soc_xlslice_0_13.v:57]
INFO: [Synth 8-638] synthesizing module 'xlslice_v1_0_1_xlslice' [c:/Users/dell_/Documents/vivado_zncc/bram_comm_2/bram_comm_2.srcs/sources_1/bd/soc/ipshared/f3db/hdl/xlslice_v1_0_vl_rfs.v:13]
INFO: [Synth 8-256] done synthesizing module 'xlslice_v1_0_1_xlslice' (1#1) [c:/Users/dell_/Documents/vivado_zncc/bram_comm_2/bram_comm_2.srcs/sources_1/bd/soc/ipshared/f3db/hdl/xlslice_v1_0_vl_rfs.v:13]
INFO: [Synth 8-256] done synthesizing module 'soc_xlslice_0_13' (2#1) [c:/Users/dell_/Documents/vivado_zncc/bram_comm_2/bram_comm_2.srcs/sources_1/bd/soc/ip/soc_xlslice_0_13/synth/soc_xlslice_0_13.v:57]
Finished RTL Elaboration : Time (s): cpu = 00:00:08 ; elapsed = 00:00:09 . Memory (MB): peak = 448.645 ; gain = 140.891
Finished RTL Optimization Phase 1 : Time (s): cpu = 00:00:09 ; elapsed = 00:00:09 . Memory (MB): peak = 448.645 ; gain = 140.891
INFO: [Device 21-403] Loading part xc7z045ffg900-2
Constraint Validation Runtime : Time (s): cpu = 00:00:00 ; elapsed = 00:00:00.016 . Memory (MB): peak = 741.086 ; gain = 0.000
Finished Constraint Validation : Time (s): cpu = 00:00:23 ; elapsed = 00:00:24 . Memory (MB): peak = 741.086 ; gain = 433.332
Finished Loading Part and Timing Information : Time (s): cpu = 00:00:23 ; elapsed = 00:00:24 . Memory (MB): peak = 741.086 ; gain = 433.332
Finished applying 'set_property' XDC Constraints : Time (s): cpu = 00:00:23 ; elapsed = 00:00:24 . Memory (MB): peak = 741.086 ; gain = 433.332
Finished RTL Optimization Phase 2 : Time (s): cpu = 00:00:23 ; elapsed = 00:00:24 . Memory (MB): peak = 741.086 ; gain = 433.332
Finished Cross Boundary and Area Optimization : Time (s): cpu = 00:00:23 ; elapsed = 00:00:25 . Memory (MB): peak = 741.086 ; gain = 433.332
Finished Applying XDC Timing Constraints : Time (s): cpu = 00:00:33 ; elapsed = 00:00:35 . Memory (MB): peak = 772.402 ; gain = 464.648
Finished Timing Optimization : Time (s): cpu = 00:00:33 ; elapsed = 00:00:35 . Memory (MB): peak = 772.402 ; gain = 464.648
Finished Technology Mapping : Time (s): cpu = 00:00:33 ; elapsed = 00:00:35 . Memory (MB): peak = 782.547 ; gain = 474.793
Finished IO Insertion : Time (s): cpu = 00:00:34 ; elapsed = 00:00:36 . Memory (MB): peak = 782.547 ; gain = 474.793
Finished Renaming Generated Instances : Time (s): cpu = 00:00:34 ; elapsed = 00:00:36 . Memory (MB): peak = 782.547 ; gain = 474.793
Finished Rebuilding User Hierarchy : Time (s): cpu = 00:00:34 ; elapsed = 00:00:36 . Memory (MB): peak = 782.547 ; gain = 474.793
Finished Renaming Generated Ports : Time (s): cpu = 00:00:34 ; elapsed = 00:00:36 . Memory (MB): peak = 782.547 ; gain = 474.793
Finished Handling Custom Attributes : Time (s): cpu = 00:00:34 ; elapsed = 00:00:36 . Memory (MB): peak = 782.547 ; gain = 474.793
Finished Renaming Generated Nets : Time (s): cpu = 00:00:34 ; elapsed = 00:00:36 . Memory (MB): peak = 782.547 ; gain = 474.793

Report Cell Usage: 
+-+-----+------+
| |Cell |Count |
+-+-----+------+
+-+-----+------+
Finished Writing Synthesis Report : Time (s): cpu = 00:00:34 ; elapsed = 00:00:36 . Memory (MB): peak = 782.547 ; gain = 474.793
synth_design: Time (s): cpu = 00:00:36 ; elapsed = 00:00:38 . Memory (MB): peak = 804.402 ; gain = 504.484
