
*** Running vivado
    with args -log soc_c_addsub_0_1.vds -m64 -product Vivado -mode batch -messageDb vivado.pb -notrace -source soc_c_addsub_0_1.tcl


****** Vivado v2017.3 (64-bit)
  **** SW Build 2018833 on Wed Oct  4 19:58:22 MDT 2017
  **** IP Build 2016188 on Wed Oct  4 21:52:56 MDT 2017
    ** Copyright 1986-2017 Xilinx, Inc. All Rights Reserved.

source soc_c_addsub_0_1.tcl -notrace
Starting RTL Elaboration : Time (s): cpu = 00:00:10 ; elapsed = 00:00:12 . Memory (MB): peak = 408.188 ; gain = 99.773
INFO: [Synth 8-638] synthesizing module 'soc_c_addsub_0_1' [c:/Users/dell_/Documents/vivado_zncc/bram_comm_2/bram_comm_2.srcs/sources_1/bd/soc/ip/soc_c_addsub_0_1/synth/soc_c_addsub_0_1.vhd:67]
INFO: [Synth 8-256] done synthesizing module 'soc_c_addsub_0_1' (6#1) [c:/Users/dell_/Documents/vivado_zncc/bram_comm_2/bram_comm_2.srcs/sources_1/bd/soc/ip/soc_c_addsub_0_1/synth/soc_c_addsub_0_1.vhd:67]
Finished RTL Elaboration : Time (s): cpu = 00:00:13 ; elapsed = 00:00:15 . Memory (MB): peak = 457.395 ; gain = 148.980
Finished RTL Optimization Phase 1 : Time (s): cpu = 00:00:13 ; elapsed = 00:00:15 . Memory (MB): peak = 457.395 ; gain = 148.980
INFO: [Device 21-403] Loading part xc7z045ffg900-2
Constraint Validation Runtime : Time (s): cpu = 00:00:00 ; elapsed = 00:00:00.025 . Memory (MB): peak = 754.285 ; gain = 0.000
Finished Constraint Validation : Time (s): cpu = 00:00:27 ; elapsed = 00:00:34 . Memory (MB): peak = 754.285 ; gain = 445.871
Finished Loading Part and Timing Information : Time (s): cpu = 00:00:27 ; elapsed = 00:00:34 . Memory (MB): peak = 754.285 ; gain = 445.871
Finished applying 'set_property' XDC Constraints : Time (s): cpu = 00:00:27 ; elapsed = 00:00:34 . Memory (MB): peak = 754.285 ; gain = 445.871
Finished RTL Optimization Phase 2 : Time (s): cpu = 00:00:27 ; elapsed = 00:00:34 . Memory (MB): peak = 754.285 ; gain = 445.871
Finished Cross Boundary and Area Optimization : Time (s): cpu = 00:00:28 ; elapsed = 00:00:35 . Memory (MB): peak = 754.285 ; gain = 445.871
Finished Applying XDC Timing Constraints : Time (s): cpu = 00:00:39 ; elapsed = 00:00:47 . Memory (MB): peak = 791.133 ; gain = 482.719
Finished Timing Optimization : Time (s): cpu = 00:00:39 ; elapsed = 00:00:47 . Memory (MB): peak = 791.133 ; gain = 482.719
Finished Technology Mapping : Time (s): cpu = 00:00:39 ; elapsed = 00:00:48 . Memory (MB): peak = 802.277 ; gain = 493.863
Finished IO Insertion : Time (s): cpu = 00:00:40 ; elapsed = 00:00:49 . Memory (MB): peak = 802.277 ; gain = 493.863
Finished Renaming Generated Instances : Time (s): cpu = 00:00:40 ; elapsed = 00:00:49 . Memory (MB): peak = 802.277 ; gain = 493.863
Finished Rebuilding User Hierarchy : Time (s): cpu = 00:00:40 ; elapsed = 00:00:49 . Memory (MB): peak = 802.277 ; gain = 493.863
Finished Renaming Generated Ports : Time (s): cpu = 00:00:40 ; elapsed = 00:00:49 . Memory (MB): peak = 802.277 ; gain = 493.863
Finished Handling Custom Attributes : Time (s): cpu = 00:00:40 ; elapsed = 00:00:49 . Memory (MB): peak = 802.277 ; gain = 493.863
Finished Renaming Generated Nets : Time (s): cpu = 00:00:40 ; elapsed = 00:00:49 . Memory (MB): peak = 802.277 ; gain = 493.863

Report Cell Usage: 
+------+------+------+
|      |Cell  |Count |
+------+------+------+
|1     |LUT2  |    16|
|2     |MUXCY |    15|
|3     |XORCY |    16|
+------+------+------+
Finished Writing Synthesis Report : Time (s): cpu = 00:00:40 ; elapsed = 00:00:49 . Memory (MB): peak = 802.277 ; gain = 493.863
synth_design: Time (s): cpu = 00:00:41 ; elapsed = 00:00:51 . Memory (MB): peak = 824.133 ; gain = 524.367
