
*** Running vivado
    with args -log soc_xlconcat_0_3.vds -m64 -product Vivado -mode batch -messageDb vivado.pb -notrace -source soc_xlconcat_0_3.tcl


****** Vivado v2017.3 (64-bit)
  **** SW Build 2018833 on Wed Oct  4 19:58:22 MDT 2017
  **** IP Build 2016188 on Wed Oct  4 21:52:56 MDT 2017
    ** Copyright 1986-2017 Xilinx, Inc. All Rights Reserved.

source soc_xlconcat_0_3.tcl -notrace
Starting RTL Elaboration : Time (s): cpu = 00:00:07 ; elapsed = 00:00:08 . Memory (MB): peak = 404.996 ; gain = 98.055
INFO: [Synth 8-638] synthesizing module 'soc_xlconcat_0_3' [c:/Users/dell_/bram_comm_2/bram_comm_2.srcs/sources_1/bd/soc/ip/soc_xlconcat_0_3/synth/soc_xlconcat_0_3.v:58]
INFO: [Synth 8-638] synthesizing module 'xlconcat_v2_1_1_xlconcat' [c:/Users/dell_/bram_comm_2/bram_comm_2.srcs/sources_1/bd/soc/ipshared/2f66/hdl/xlconcat_v2_1_vl_rfs.v:14]
INFO: [Synth 8-256] done synthesizing module 'xlconcat_v2_1_1_xlconcat' (1#1) [c:/Users/dell_/bram_comm_2/bram_comm_2.srcs/sources_1/bd/soc/ipshared/2f66/hdl/xlconcat_v2_1_vl_rfs.v:14]
INFO: [Synth 8-256] done synthesizing module 'soc_xlconcat_0_3' (2#1) [c:/Users/dell_/bram_comm_2/bram_comm_2.srcs/sources_1/bd/soc/ip/soc_xlconcat_0_3/synth/soc_xlconcat_0_3.v:58]
Finished RTL Elaboration : Time (s): cpu = 00:00:08 ; elapsed = 00:00:09 . Memory (MB): peak = 447.078 ; gain = 140.137
Finished RTL Optimization Phase 1 : Time (s): cpu = 00:00:08 ; elapsed = 00:00:09 . Memory (MB): peak = 447.078 ; gain = 140.137
INFO: [Device 21-403] Loading part xc7z045ffg900-2
Constraint Validation Runtime : Time (s): cpu = 00:00:00 ; elapsed = 00:00:00.014 . Memory (MB): peak = 735.469 ; gain = 0.012
Finished Constraint Validation : Time (s): cpu = 00:00:22 ; elapsed = 00:00:29 . Memory (MB): peak = 735.469 ; gain = 428.527
Finished Loading Part and Timing Information : Time (s): cpu = 00:00:22 ; elapsed = 00:00:29 . Memory (MB): peak = 735.469 ; gain = 428.527
Finished applying 'set_property' XDC Constraints : Time (s): cpu = 00:00:22 ; elapsed = 00:00:29 . Memory (MB): peak = 735.469 ; gain = 428.527
Finished RTL Optimization Phase 2 : Time (s): cpu = 00:00:22 ; elapsed = 00:00:29 . Memory (MB): peak = 735.469 ; gain = 428.527
Finished Cross Boundary and Area Optimization : Time (s): cpu = 00:00:23 ; elapsed = 00:00:30 . Memory (MB): peak = 735.469 ; gain = 428.527
Finished Applying XDC Timing Constraints : Time (s): cpu = 00:00:33 ; elapsed = 00:00:43 . Memory (MB): peak = 769.813 ; gain = 462.871
Finished Timing Optimization : Time (s): cpu = 00:00:33 ; elapsed = 00:00:43 . Memory (MB): peak = 769.813 ; gain = 462.871
Finished Technology Mapping : Time (s): cpu = 00:00:33 ; elapsed = 00:00:43 . Memory (MB): peak = 780.957 ; gain = 474.016
Finished IO Insertion : Time (s): cpu = 00:00:34 ; elapsed = 00:00:44 . Memory (MB): peak = 780.957 ; gain = 474.016
Finished Renaming Generated Instances : Time (s): cpu = 00:00:34 ; elapsed = 00:00:44 . Memory (MB): peak = 780.957 ; gain = 474.016
Finished Rebuilding User Hierarchy : Time (s): cpu = 00:00:34 ; elapsed = 00:00:44 . Memory (MB): peak = 780.957 ; gain = 474.016
Finished Renaming Generated Ports : Time (s): cpu = 00:00:34 ; elapsed = 00:00:44 . Memory (MB): peak = 780.957 ; gain = 474.016
Finished Handling Custom Attributes : Time (s): cpu = 00:00:34 ; elapsed = 00:00:44 . Memory (MB): peak = 780.957 ; gain = 474.016
Finished Renaming Generated Nets : Time (s): cpu = 00:00:34 ; elapsed = 00:00:44 . Memory (MB): peak = 780.957 ; gain = 474.016

Report Cell Usage: 
+-+-----+------+
| |Cell |Count |
+-+-----+------+
+-+-----+------+
Finished Writing Synthesis Report : Time (s): cpu = 00:00:34 ; elapsed = 00:00:44 . Memory (MB): peak = 780.957 ; gain = 474.016
synth_design: Time (s): cpu = 00:00:35 ; elapsed = 00:00:47 . Memory (MB): peak = 798.738 ; gain = 500.570
