
*** Running vivado
    with args -log soc_c_counter_binary_0_1.vds -m64 -product Vivado -mode batch -messageDb vivado.pb -notrace -source soc_c_counter_binary_0_1.tcl


****** Vivado v2017.3 (64-bit)
  **** SW Build 2018833 on Wed Oct  4 19:58:22 MDT 2017
  **** IP Build 2016188 on Wed Oct  4 21:52:56 MDT 2017
    ** Copyright 1986-2017 Xilinx, Inc. All Rights Reserved.

source soc_c_counter_binary_0_1.tcl -notrace
Starting RTL Elaboration : Time (s): cpu = 00:00:09 ; elapsed = 00:00:09 . Memory (MB): peak = 405.301 ; gain = 99.496
INFO: [Synth 8-638] synthesizing module 'soc_c_counter_binary_0_1' [c:/Users/dell_/bram_comm_2/bram_comm_2.srcs/sources_1/bd/soc/ip/soc_c_counter_binary_0_1/synth/soc_c_counter_binary_0_1.vhd:68]
INFO: [Synth 8-256] done synthesizing module 'soc_c_counter_binary_0_1' (8#1) [c:/Users/dell_/bram_comm_2/bram_comm_2.srcs/sources_1/bd/soc/ip/soc_c_counter_binary_0_1/synth/soc_c_counter_binary_0_1.vhd:68]
Finished RTL Elaboration : Time (s): cpu = 00:00:12 ; elapsed = 00:00:12 . Memory (MB): peak = 456.406 ; gain = 150.602
Finished RTL Optimization Phase 1 : Time (s): cpu = 00:00:12 ; elapsed = 00:00:13 . Memory (MB): peak = 456.406 ; gain = 150.602
INFO: [Device 21-403] Loading part xc7z045ffg900-2
Constraint Validation Runtime : Time (s): cpu = 00:00:00 ; elapsed = 00:00:00.030 . Memory (MB): peak = 800.574 ; gain = 0.000
Finished Constraint Validation : Time (s): cpu = 00:00:27 ; elapsed = 00:00:29 . Memory (MB): peak = 800.574 ; gain = 494.770
Finished Loading Part and Timing Information : Time (s): cpu = 00:00:27 ; elapsed = 00:00:29 . Memory (MB): peak = 800.574 ; gain = 494.770
Finished applying 'set_property' XDC Constraints : Time (s): cpu = 00:00:27 ; elapsed = 00:00:29 . Memory (MB): peak = 800.574 ; gain = 494.770
Finished RTL Optimization Phase 2 : Time (s): cpu = 00:00:27 ; elapsed = 00:00:29 . Memory (MB): peak = 800.574 ; gain = 494.770
Finished Cross Boundary and Area Optimization : Time (s): cpu = 00:00:27 ; elapsed = 00:00:30 . Memory (MB): peak = 800.574 ; gain = 494.770
Finished Applying XDC Timing Constraints : Time (s): cpu = 00:00:37 ; elapsed = 00:00:39 . Memory (MB): peak = 800.574 ; gain = 494.770
Finished Timing Optimization : Time (s): cpu = 00:00:37 ; elapsed = 00:00:39 . Memory (MB): peak = 800.574 ; gain = 494.770
Finished Technology Mapping : Time (s): cpu = 00:00:37 ; elapsed = 00:00:39 . Memory (MB): peak = 801.273 ; gain = 495.469
Finished IO Insertion : Time (s): cpu = 00:00:38 ; elapsed = 00:00:40 . Memory (MB): peak = 801.273 ; gain = 495.469
Finished Renaming Generated Instances : Time (s): cpu = 00:00:38 ; elapsed = 00:00:40 . Memory (MB): peak = 801.273 ; gain = 495.469
Finished Rebuilding User Hierarchy : Time (s): cpu = 00:00:38 ; elapsed = 00:00:40 . Memory (MB): peak = 801.273 ; gain = 495.469
Finished Renaming Generated Ports : Time (s): cpu = 00:00:38 ; elapsed = 00:00:40 . Memory (MB): peak = 801.273 ; gain = 495.469
Finished Handling Custom Attributes : Time (s): cpu = 00:00:38 ; elapsed = 00:00:40 . Memory (MB): peak = 801.273 ; gain = 495.469
Finished Renaming Generated Nets : Time (s): cpu = 00:00:38 ; elapsed = 00:00:40 . Memory (MB): peak = 801.273 ; gain = 495.469

Report Cell Usage: 
+------+------+------+
|      |Cell  |Count |
+------+------+------+
|1     |LUT1  |     1|
|2     |LUT3  |     1|
|3     |MUXCY |     3|
|4     |XORCY |     4|
|5     |FDRE  |     4|
+------+------+------+
Finished Writing Synthesis Report : Time (s): cpu = 00:00:38 ; elapsed = 00:00:40 . Memory (MB): peak = 801.273 ; gain = 495.469
synth_design: Time (s): cpu = 00:00:39 ; elapsed = 00:00:43 . Memory (MB): peak = 823.125 ; gain = 525.715
