
*** Halting run - EA reset detected ***


*** Running vivado
    with args -log soc_c_counter_binary_0_1.vds -m64 -product Vivado -mode batch -messageDb vivado.pb -notrace -source soc_c_counter_binary_0_1.tcl


****** Vivado v2017.3 (64-bit)
  **** SW Build 2018833 on Wed Oct  4 19:58:22 MDT 2017
  **** IP Build 2016188 on Wed Oct  4 21:52:56 MDT 2017
    ** Copyright 1986-2017 Xilinx, Inc. All Rights Reserved.

source soc_c_counter_binary_0_1.tcl -notrace
Starting RTL Elaboration : Time (s): cpu = 00:00:08 ; elapsed = 00:00:10 . Memory (MB): peak = 404.348 ; gain = 98.770
INFO: [Synth 8-638] synthesizing module 'soc_c_counter_binary_0_1' [c:/Users/dell_/bram_comm_2/bram_comm_2.srcs/sources_1/bd/soc/ip/soc_c_counter_binary_0_1/synth/soc_c_counter_binary_0_1.vhd:68]
INFO: [Synth 8-256] done synthesizing module 'soc_c_counter_binary_0_1' (8#1) [c:/Users/dell_/bram_comm_2/bram_comm_2.srcs/sources_1/bd/soc/ip/soc_c_counter_binary_0_1/synth/soc_c_counter_binary_0_1.vhd:68]
Finished RTL Elaboration : Time (s): cpu = 00:00:11 ; elapsed = 00:00:13 . Memory (MB): peak = 455.457 ; gain = 149.879
Finished RTL Optimization Phase 1 : Time (s): cpu = 00:00:11 ; elapsed = 00:00:13 . Memory (MB): peak = 455.457 ; gain = 149.879
INFO: [Device 21-403] Loading part xc7z045ffg900-2
Constraint Validation Runtime : Time (s): cpu = 00:00:01 ; elapsed = 00:00:00.013 . Memory (MB): peak = 800.637 ; gain = 0.000
Finished Constraint Validation : Time (s): cpu = 00:00:24 ; elapsed = 00:00:28 . Memory (MB): peak = 800.637 ; gain = 495.059
Finished Loading Part and Timing Information : Time (s): cpu = 00:00:25 ; elapsed = 00:00:28 . Memory (MB): peak = 800.637 ; gain = 495.059
Finished applying 'set_property' XDC Constraints : Time (s): cpu = 00:00:25 ; elapsed = 00:00:28 . Memory (MB): peak = 800.637 ; gain = 495.059
Finished RTL Optimization Phase 2 : Time (s): cpu = 00:00:25 ; elapsed = 00:00:29 . Memory (MB): peak = 800.637 ; gain = 495.059
Finished Cross Boundary and Area Optimization : Time (s): cpu = 00:00:25 ; elapsed = 00:00:29 . Memory (MB): peak = 800.637 ; gain = 495.059
Finished Applying XDC Timing Constraints : Time (s): cpu = 00:00:35 ; elapsed = 00:00:40 . Memory (MB): peak = 800.637 ; gain = 495.059
Finished Timing Optimization : Time (s): cpu = 00:00:35 ; elapsed = 00:00:40 . Memory (MB): peak = 800.637 ; gain = 495.059
Finished Technology Mapping : Time (s): cpu = 00:00:35 ; elapsed = 00:00:40 . Memory (MB): peak = 800.637 ; gain = 495.059
Finished IO Insertion : Time (s): cpu = 00:00:36 ; elapsed = 00:00:41 . Memory (MB): peak = 800.637 ; gain = 495.059
Finished Renaming Generated Instances : Time (s): cpu = 00:00:36 ; elapsed = 00:00:41 . Memory (MB): peak = 800.637 ; gain = 495.059
Finished Rebuilding User Hierarchy : Time (s): cpu = 00:00:36 ; elapsed = 00:00:41 . Memory (MB): peak = 800.637 ; gain = 495.059
Finished Renaming Generated Ports : Time (s): cpu = 00:00:36 ; elapsed = 00:00:41 . Memory (MB): peak = 800.637 ; gain = 495.059
Finished Handling Custom Attributes : Time (s): cpu = 00:00:36 ; elapsed = 00:00:41 . Memory (MB): peak = 800.637 ; gain = 495.059
Finished Renaming Generated Nets : Time (s): cpu = 00:00:36 ; elapsed = 00:00:41 . Memory (MB): peak = 800.637 ; gain = 495.059

Report Cell Usage: 
+------+------+------+
|      |Cell  |Count |
+------+------+------+
|1     |LUT1  |     1|
|2     |LUT3  |     1|
|3     |MUXCY |     3|
|4     |XORCY |     4|
|5     |FDRE  |     4|
+------+------+------+
Finished Writing Synthesis Report : Time (s): cpu = 00:00:36 ; elapsed = 00:00:41 . Memory (MB): peak = 800.637 ; gain = 495.059
synth_design: Time (s): cpu = 00:00:38 ; elapsed = 00:00:43 . Memory (MB): peak = 823.180 ; gain = 525.871
