
*** Running vivado
    with args -log soc_c_counter_binary_0_0.vds -m64 -product Vivado -mode batch -messageDb vivado.pb -notrace -source soc_c_counter_binary_0_0.tcl


****** Vivado v2017.3 (64-bit)
  **** SW Build 2018833 on Wed Oct  4 19:58:22 MDT 2017
  **** IP Build 2016188 on Wed Oct  4 21:52:56 MDT 2017
    ** Copyright 1986-2017 Xilinx, Inc. All Rights Reserved.

source soc_c_counter_binary_0_0.tcl -notrace
Starting RTL Elaboration : Time (s): cpu = 00:00:08 ; elapsed = 00:00:11 . Memory (MB): peak = 406.277 ; gain = 98.531
INFO: [Synth 8-638] synthesizing module 'soc_c_counter_binary_0_0' [c:/Users/dell_/bram_comm_2/bram_comm_2.srcs/sources_1/bd/soc/ip/soc_c_counter_binary_0_0/synth/soc_c_counter_binary_0_0.vhd:68]
INFO: [Synth 8-256] done synthesizing module 'soc_c_counter_binary_0_0' (7#1) [c:/Users/dell_/bram_comm_2/bram_comm_2.srcs/sources_1/bd/soc/ip/soc_c_counter_binary_0_0/synth/soc_c_counter_binary_0_0.vhd:68]
Finished RTL Elaboration : Time (s): cpu = 00:00:13 ; elapsed = 00:00:16 . Memory (MB): peak = 463.086 ; gain = 155.340
Finished RTL Optimization Phase 1 : Time (s): cpu = 00:00:13 ; elapsed = 00:00:16 . Memory (MB): peak = 463.086 ; gain = 155.340
INFO: [Device 21-403] Loading part xc7z045ffg900-2
Constraint Validation Runtime : Time (s): cpu = 00:00:00 ; elapsed = 00:00:00.015 . Memory (MB): peak = 757.969 ; gain = 0.000
Finished Constraint Validation : Time (s): cpu = 00:00:27 ; elapsed = 00:00:35 . Memory (MB): peak = 757.969 ; gain = 450.223
Finished Loading Part and Timing Information : Time (s): cpu = 00:00:27 ; elapsed = 00:00:35 . Memory (MB): peak = 757.969 ; gain = 450.223
Finished applying 'set_property' XDC Constraints : Time (s): cpu = 00:00:27 ; elapsed = 00:00:35 . Memory (MB): peak = 757.969 ; gain = 450.223
Finished RTL Optimization Phase 2 : Time (s): cpu = 00:00:27 ; elapsed = 00:00:35 . Memory (MB): peak = 757.969 ; gain = 450.223
Finished Cross Boundary and Area Optimization : Time (s): cpu = 00:00:28 ; elapsed = 00:00:36 . Memory (MB): peak = 757.969 ; gain = 450.223
Finished Applying XDC Timing Constraints : Time (s): cpu = 00:00:43 ; elapsed = 00:00:56 . Memory (MB): peak = 817.934 ; gain = 510.188
Finished Timing Optimization : Time (s): cpu = 00:00:43 ; elapsed = 00:00:56 . Memory (MB): peak = 820.941 ; gain = 513.195
Finished Technology Mapping : Time (s): cpu = 00:00:43 ; elapsed = 00:00:56 . Memory (MB): peak = 830.082 ; gain = 522.336
Finished IO Insertion : Time (s): cpu = 00:00:44 ; elapsed = 00:00:57 . Memory (MB): peak = 830.082 ; gain = 522.336
Finished Renaming Generated Instances : Time (s): cpu = 00:00:44 ; elapsed = 00:00:57 . Memory (MB): peak = 830.082 ; gain = 522.336
Finished Rebuilding User Hierarchy : Time (s): cpu = 00:00:44 ; elapsed = 00:00:57 . Memory (MB): peak = 830.082 ; gain = 522.336
Finished Renaming Generated Ports : Time (s): cpu = 00:00:44 ; elapsed = 00:00:57 . Memory (MB): peak = 830.082 ; gain = 522.336
Finished Handling Custom Attributes : Time (s): cpu = 00:00:44 ; elapsed = 00:00:57 . Memory (MB): peak = 830.082 ; gain = 522.336
Finished Renaming Generated Nets : Time (s): cpu = 00:00:44 ; elapsed = 00:00:57 . Memory (MB): peak = 830.082 ; gain = 522.336

Report Cell Usage: 
+------+--------+------+
|      |Cell    |Count |
+------+--------+------+
|1     |DSP48E1 |     1|
+------+--------+------+
Finished Writing Synthesis Report : Time (s): cpu = 00:00:44 ; elapsed = 00:00:57 . Memory (MB): peak = 830.082 ; gain = 522.336
synth_design: Time (s): cpu = 00:00:47 ; elapsed = 00:01:00 . Memory (MB): peak = 830.082 ; gain = 531.922
