
*** Running vivado
    with args -log soc_xlslice_0_8.vds -m64 -product Vivado -mode batch -messageDb vivado.pb -notrace -source soc_xlslice_0_8.tcl


****** Vivado v2017.3 (64-bit)
  **** SW Build 2018833 on Wed Oct  4 19:58:22 MDT 2017
  **** IP Build 2016188 on Wed Oct  4 21:52:56 MDT 2017
    ** Copyright 1986-2017 Xilinx, Inc. All Rights Reserved.

source soc_xlslice_0_8.tcl -notrace
Starting RTL Elaboration : Time (s): cpu = 00:00:08 ; elapsed = 00:00:10 . Memory (MB): peak = 406.844 ; gain = 98.719
INFO: [Synth 8-638] synthesizing module 'soc_xlslice_0_8' [c:/Users/dell_/Documents/vivado_zncc/bram_comm_2/bram_comm_2.srcs/sources_1/bd/soc/ip/soc_xlslice_0_8/synth/soc_xlslice_0_8.v:57]
INFO: [Synth 8-638] synthesizing module 'xlslice_v1_0_1_xlslice' [c:/Users/dell_/Documents/vivado_zncc/bram_comm_2/bram_comm_2.srcs/sources_1/bd/soc/ipshared/f3db/hdl/xlslice_v1_0_vl_rfs.v:13]
INFO: [Synth 8-256] done synthesizing module 'xlslice_v1_0_1_xlslice' (1#1) [c:/Users/dell_/Documents/vivado_zncc/bram_comm_2/bram_comm_2.srcs/sources_1/bd/soc/ipshared/f3db/hdl/xlslice_v1_0_vl_rfs.v:13]
INFO: [Synth 8-256] done synthesizing module 'soc_xlslice_0_8' (2#1) [c:/Users/dell_/Documents/vivado_zncc/bram_comm_2/bram_comm_2.srcs/sources_1/bd/soc/ip/soc_xlslice_0_8/synth/soc_xlslice_0_8.v:57]
Finished RTL Elaboration : Time (s): cpu = 00:00:09 ; elapsed = 00:00:11 . Memory (MB): peak = 448.926 ; gain = 140.801
Finished RTL Optimization Phase 1 : Time (s): cpu = 00:00:09 ; elapsed = 00:00:11 . Memory (MB): peak = 448.926 ; gain = 140.801
INFO: [Device 21-403] Loading part xc7z045ffg900-2
Constraint Validation Runtime : Time (s): cpu = 00:00:00 ; elapsed = 00:00:00.016 . Memory (MB): peak = 741.441 ; gain = 0.000
Finished Constraint Validation : Time (s): cpu = 00:00:23 ; elapsed = 00:00:29 . Memory (MB): peak = 741.441 ; gain = 433.316
Finished Loading Part and Timing Information : Time (s): cpu = 00:00:23 ; elapsed = 00:00:29 . Memory (MB): peak = 741.441 ; gain = 433.316
Finished applying 'set_property' XDC Constraints : Time (s): cpu = 00:00:23 ; elapsed = 00:00:29 . Memory (MB): peak = 741.441 ; gain = 433.316
Finished RTL Optimization Phase 2 : Time (s): cpu = 00:00:23 ; elapsed = 00:00:29 . Memory (MB): peak = 741.441 ; gain = 433.316
Finished Cross Boundary and Area Optimization : Time (s): cpu = 00:00:24 ; elapsed = 00:00:29 . Memory (MB): peak = 741.441 ; gain = 433.316
Finished Applying XDC Timing Constraints : Time (s): cpu = 00:00:34 ; elapsed = 00:00:42 . Memory (MB): peak = 771.828 ; gain = 463.703
Finished Timing Optimization : Time (s): cpu = 00:00:34 ; elapsed = 00:00:42 . Memory (MB): peak = 771.828 ; gain = 463.703
Finished Technology Mapping : Time (s): cpu = 00:00:34 ; elapsed = 00:00:42 . Memory (MB): peak = 781.969 ; gain = 473.844
Finished IO Insertion : Time (s): cpu = 00:00:35 ; elapsed = 00:00:44 . Memory (MB): peak = 781.969 ; gain = 473.844
Finished Renaming Generated Instances : Time (s): cpu = 00:00:35 ; elapsed = 00:00:44 . Memory (MB): peak = 781.969 ; gain = 473.844
Finished Rebuilding User Hierarchy : Time (s): cpu = 00:00:35 ; elapsed = 00:00:44 . Memory (MB): peak = 781.969 ; gain = 473.844
Finished Renaming Generated Ports : Time (s): cpu = 00:00:35 ; elapsed = 00:00:44 . Memory (MB): peak = 781.969 ; gain = 473.844
Finished Handling Custom Attributes : Time (s): cpu = 00:00:35 ; elapsed = 00:00:44 . Memory (MB): peak = 781.969 ; gain = 473.844
Finished Renaming Generated Nets : Time (s): cpu = 00:00:35 ; elapsed = 00:00:44 . Memory (MB): peak = 781.969 ; gain = 473.844

Report Cell Usage: 
+-+-----+------+
| |Cell |Count |
+-+-----+------+
+-+-----+------+
Finished Writing Synthesis Report : Time (s): cpu = 00:00:35 ; elapsed = 00:00:44 . Memory (MB): peak = 781.969 ; gain = 473.844
synth_design: Time (s): cpu = 00:00:38 ; elapsed = 00:00:46 . Memory (MB): peak = 804.820 ; gain = 504.902
