
*** Running vivado
    with args -log soc_xbip_dsp48_macro_0_2.vds -m64 -product Vivado -mode batch -messageDb vivado.pb -notrace -source soc_xbip_dsp48_macro_0_2.tcl


****** Vivado v2017.3 (64-bit)
  **** SW Build 2018833 on Wed Oct  4 19:58:22 MDT 2017
  **** IP Build 2016188 on Wed Oct  4 21:52:56 MDT 2017
    ** Copyright 1986-2017 Xilinx, Inc. All Rights Reserved.

source soc_xbip_dsp48_macro_0_2.tcl -notrace
Starting RTL Elaboration : Time (s): cpu = 00:00:08 ; elapsed = 00:00:10 . Memory (MB): peak = 407.777 ; gain = 98.496
INFO: [Synth 8-638] synthesizing module 'soc_xbip_dsp48_macro_0_2' [c:/Users/dell_/bram_comm_2/bram_comm_2.srcs/sources_1/bd/soc/ip/soc_xbip_dsp48_macro_0_2/synth/soc_xbip_dsp48_macro_0_2.vhd:70]
INFO: [Synth 8-256] done synthesizing module 'soc_xbip_dsp48_macro_0_2' (6#1) [c:/Users/dell_/bram_comm_2/bram_comm_2.srcs/sources_1/bd/soc/ip/soc_xbip_dsp48_macro_0_2/synth/soc_xbip_dsp48_macro_0_2.vhd:70]
Finished RTL Elaboration : Time (s): cpu = 00:00:10 ; elapsed = 00:00:13 . Memory (MB): peak = 456.852 ; gain = 147.570
Finished RTL Optimization Phase 1 : Time (s): cpu = 00:00:10 ; elapsed = 00:00:14 . Memory (MB): peak = 456.852 ; gain = 147.570
INFO: [Device 21-403] Loading part xc7z045ffg900-2
Constraint Validation Runtime : Time (s): cpu = 00:00:00 ; elapsed = 00:00:00.019 . Memory (MB): peak = 756.129 ; gain = 0.000
Finished Constraint Validation : Time (s): cpu = 00:00:26 ; elapsed = 00:00:34 . Memory (MB): peak = 756.129 ; gain = 446.848
Finished Loading Part and Timing Information : Time (s): cpu = 00:00:26 ; elapsed = 00:00:34 . Memory (MB): peak = 756.129 ; gain = 446.848
Finished applying 'set_property' XDC Constraints : Time (s): cpu = 00:00:26 ; elapsed = 00:00:34 . Memory (MB): peak = 756.129 ; gain = 446.848
Finished RTL Optimization Phase 2 : Time (s): cpu = 00:00:26 ; elapsed = 00:00:35 . Memory (MB): peak = 756.129 ; gain = 446.848
Finished Cross Boundary and Area Optimization : Time (s): cpu = 00:00:26 ; elapsed = 00:00:36 . Memory (MB): peak = 756.129 ; gain = 446.848
Finished Applying XDC Timing Constraints : Time (s): cpu = 00:00:42 ; elapsed = 00:00:56 . Memory (MB): peak = 821.531 ; gain = 512.250
Finished Timing Optimization : Time (s): cpu = 00:00:42 ; elapsed = 00:00:56 . Memory (MB): peak = 821.531 ; gain = 512.250
Finished Technology Mapping : Time (s): cpu = 00:00:42 ; elapsed = 00:00:56 . Memory (MB): peak = 832.676 ; gain = 523.395
Finished IO Insertion : Time (s): cpu = 00:00:43 ; elapsed = 00:00:57 . Memory (MB): peak = 832.676 ; gain = 523.395
Finished Renaming Generated Instances : Time (s): cpu = 00:00:43 ; elapsed = 00:00:57 . Memory (MB): peak = 832.676 ; gain = 523.395
Finished Rebuilding User Hierarchy : Time (s): cpu = 00:00:43 ; elapsed = 00:00:57 . Memory (MB): peak = 832.676 ; gain = 523.395
Finished Renaming Generated Ports : Time (s): cpu = 00:00:43 ; elapsed = 00:00:57 . Memory (MB): peak = 832.676 ; gain = 523.395
Finished Handling Custom Attributes : Time (s): cpu = 00:00:43 ; elapsed = 00:00:57 . Memory (MB): peak = 832.676 ; gain = 523.395
Finished Renaming Generated Nets : Time (s): cpu = 00:00:43 ; elapsed = 00:00:57 . Memory (MB): peak = 832.676 ; gain = 523.395

Report Cell Usage: 
+------+--------+------+
|      |Cell    |Count |
+------+--------+------+
|1     |DSP48E1 |     1|
+------+--------+------+
Finished Writing Synthesis Report : Time (s): cpu = 00:00:43 ; elapsed = 00:00:57 . Memory (MB): peak = 832.676 ; gain = 523.395
synth_design: Time (s): cpu = 00:00:46 ; elapsed = 00:01:00 . Memory (MB): peak = 832.676 ; gain = 532.664
