
*** Running vivado
    with args -log soc_axi_smc_0.vds -m64 -product Vivado -mode batch -messageDb vivado.pb -notrace -source soc_axi_smc_0.tcl


****** Vivado v2017.3 (64-bit)
  **** SW Build 2018833 on Wed Oct  4 19:58:22 MDT 2017
  **** IP Build 2016188 on Wed Oct  4 21:52:56 MDT 2017
    ** Copyright 1986-2017 Xilinx, Inc. All Rights Reserved.

source soc_axi_smc_0.tcl -notrace
Starting RTL Elaboration : Time (s): cpu = 00:00:09 ; elapsed = 00:00:10 . Memory (MB): peak = 465.691 ; gain = 106.020
INFO: [Synth 8-638] synthesizing module 'soc_axi_smc_0' [c:/Users/dell_/bram_comm_2/bram_comm_2.srcs/sources_1/bd/soc/ip/soc_axi_smc_0/synth/soc_axi_smc_0.v:57]
INFO: [Synth 8-638] synthesizing module 'bd_776a' [c:/Users/dell_/bram_comm_2/bram_comm_2.srcs/sources_1/bd/soc/ip/soc_axi_smc_0/bd_0/synth/bd_776a.v:10]
INFO: [Synth 8-638] synthesizing module 'clk_map_imp_1N17OWC' [c:/Users/dell_/bram_comm_2/bram_comm_2.srcs/sources_1/bd/soc/ip/soc_axi_smc_0/bd_0/synth/bd_776a.v:1692]
INFO: [Synth 8-638] synthesizing module 'bd_776a_one_2' [c:/Users/dell_/bram_comm_2/bram_comm_2.srcs/sources_1/bd/soc/ip/soc_axi_smc_0/bd_0/ip/ip_74/synth/bd_776a_one_2.v:57]
INFO: [Synth 8-638] synthesizing module 'xlconstant_v1_1_3_xlconstant' [c:/Users/dell_/bram_comm_2/bram_comm_2.srcs/sources_1/bd/soc/ipshared/0750/hdl/xlconstant_v1_1_vl_rfs.v:23]
INFO: [Synth 8-256] done synthesizing module 'xlconstant_v1_1_3_xlconstant' (1#1) [c:/Users/dell_/bram_comm_2/bram_comm_2.srcs/sources_1/bd/soc/ipshared/0750/hdl/xlconstant_v1_1_vl_rfs.v:23]
INFO: [Synth 8-256] done synthesizing module 'bd_776a_one_2' (2#1) [c:/Users/dell_/bram_comm_2/bram_comm_2.srcs/sources_1/bd/soc/ip/soc_axi_smc_0/bd_0/ip/ip_74/synth/bd_776a_one_2.v:57]
INFO: [Synth 8-638] synthesizing module 'bd_776a_psr_aclk_2' [c:/Users/dell_/bram_comm_2/bram_comm_2.srcs/sources_1/bd/soc/ip/soc_axi_smc_0/bd_0/ip/ip_75/synth/bd_776a_psr_aclk_2.vhd:74]
INFO: [Synth 8-638] synthesizing module 'proc_sys_reset' [c:/Users/dell_/bram_comm_2/bram_comm_2.srcs/sources_1/bd/soc/ipshared/f86a/hdl/proc_sys_reset_v5_0_vh_rfs.vhd:1323]
INFO: [Synth 8-638] synthesizing module 'lpf' [c:/Users/dell_/bram_comm_2/bram_comm_2.srcs/sources_1/bd/soc/ipshared/f86a/hdl/proc_sys_reset_v5_0_vh_rfs.vhd:816]
INFO: [Synth 8-638] synthesizing module 'SRL16' [C:/Xilinx/Vivado/2017.3/scripts/rt/data/unisim_comp.v:50689]
INFO: [Synth 8-256] done synthesizing module 'SRL16' (3#1) [C:/Xilinx/Vivado/2017.3/scripts/rt/data/unisim_comp.v:50689]
INFO: [Synth 8-638] synthesizing module 'cdc_sync' [c:/Users/dell_/bram_comm_2/bram_comm_2.srcs/sources_1/bd/soc/ipshared/ef1e/hdl/lib_cdc_v1_0_rfs.vhd:106]
INFO: [Synth 8-256] done synthesizing module 'cdc_sync' (4#1) [c:/Users/dell_/bram_comm_2/bram_comm_2.srcs/sources_1/bd/soc/ipshared/ef1e/hdl/lib_cdc_v1_0_rfs.vhd:106]
INFO: [Synth 8-256] done synthesizing module 'lpf' (5#1) [c:/Users/dell_/bram_comm_2/bram_comm_2.srcs/sources_1/bd/soc/ipshared/f86a/hdl/proc_sys_reset_v5_0_vh_rfs.vhd:816]
INFO: [Synth 8-638] synthesizing module 'sequence_psr' [c:/Users/dell_/bram_comm_2/bram_comm_2.srcs/sources_1/bd/soc/ipshared/f86a/hdl/proc_sys_reset_v5_0_vh_rfs.vhd:301]
INFO: [Synth 8-638] synthesizing module 'upcnt_n' [c:/Users/dell_/bram_comm_2/bram_comm_2.srcs/sources_1/bd/soc/ipshared/f86a/hdl/proc_sys_reset_v5_0_vh_rfs.vhd:125]
INFO: [Synth 8-256] done synthesizing module 'upcnt_n' (6#1) [c:/Users/dell_/bram_comm_2/bram_comm_2.srcs/sources_1/bd/soc/ipshared/f86a/hdl/proc_sys_reset_v5_0_vh_rfs.vhd:125]
INFO: [Synth 8-256] done synthesizing module 'sequence_psr' (7#1) [c:/Users/dell_/bram_comm_2/bram_comm_2.srcs/sources_1/bd/soc/ipshared/f86a/hdl/proc_sys_reset_v5_0_vh_rfs.vhd:301]
INFO: [Synth 8-256] done synthesizing module 'proc_sys_reset' (8#1) [c:/Users/dell_/bram_comm_2/bram_comm_2.srcs/sources_1/bd/soc/ipshared/f86a/hdl/proc_sys_reset_v5_0_vh_rfs.vhd:1323]
INFO: [Synth 8-256] done synthesizing module 'bd_776a_psr_aclk_2' (9#1) [c:/Users/dell_/bram_comm_2/bram_comm_2.srcs/sources_1/bd/soc/ip/soc_axi_smc_0/bd_0/ip/ip_75/synth/bd_776a_psr_aclk_2.vhd:74]
INFO: [Synth 8-256] done synthesizing module 'clk_map_imp_1N17OWC' (10#1) [c:/Users/dell_/bram_comm_2/bram_comm_2.srcs/sources_1/bd/soc/ip/soc_axi_smc_0/bd_0/synth/bd_776a.v:1692]
INFO: [Synth 8-638] synthesizing module 'm00_exit_pipeline_imp_CBSD93' [c:/Users/dell_/bram_comm_2/bram_comm_2.srcs/sources_1/bd/soc/ip/soc_axi_smc_0/bd_0/synth/bd_776a.v:1748]
INFO: [Synth 8-638] synthesizing module 'bd_776a_m00e_2' [c:/Users/dell_/bram_comm_2/bram_comm_2.srcs/sources_1/bd/soc/ip/soc_axi_smc_0/bd_0/ip/ip_96/synth/bd_776a_m00e_2.sv:58]
INFO: [Synth 8-256] done synthesizing module 'bd_776a_m00e_2' (19#1) [c:/Users/dell_/bram_comm_2/bram_comm_2.srcs/sources_1/bd/soc/ip/soc_axi_smc_0/bd_0/ip/ip_96/synth/bd_776a_m00e_2.sv:58]
INFO: [Synth 8-256] done synthesizing module 'm00_exit_pipeline_imp_CBSD93' (20#1) [c:/Users/dell_/bram_comm_2/bram_comm_2.srcs/sources_1/bd/soc/ip/soc_axi_smc_0/bd_0/synth/bd_776a.v:1748]
INFO: [Synth 8-638] synthesizing module 'm00_nodes_imp_YI26NV' [c:/Users/dell_/bram_comm_2/bram_comm_2.srcs/sources_1/bd/soc/ip/soc_axi_smc_0/bd_0/synth/bd_776a.v:2119]
INFO: [Synth 8-638] synthesizing module 'bd_776a_m00arn_2' [c:/Users/dell_/bram_comm_2/bram_comm_2.srcs/sources_1/bd/soc/ip/soc_axi_smc_0/bd_0/ip/ip_91/synth/bd_776a_m00arn_2.sv:58]
INFO: [Synth 8-638] synthesizing module 'xpm_memory_base' [C:/Xilinx/Vivado/2017.3/data/ip/xpm/xpm_memory/hdl/xpm_memory.sv:57]
INFO: [Synth 8-256] done synthesizing module 'xpm_memory_base' (24#1) [C:/Xilinx/Vivado/2017.3/data/ip/xpm/xpm_memory/hdl/xpm_memory.sv:57]
INFO: [Synth 8-638] synthesizing module 'xpm_memory_base__parameterized0' [C:/Xilinx/Vivado/2017.3/data/ip/xpm/xpm_memory/hdl/xpm_memory.sv:57]
INFO: [Synth 8-256] done synthesizing module 'xpm_memory_base__parameterized0' (28#1) [C:/Xilinx/Vivado/2017.3/data/ip/xpm/xpm_memory/hdl/xpm_memory.sv:57]
INFO: [Synth 8-256] done synthesizing module 'bd_776a_m00arn_2' (34#1) [c:/Users/dell_/bram_comm_2/bram_comm_2.srcs/sources_1/bd/soc/ip/soc_axi_smc_0/bd_0/ip/ip_91/synth/bd_776a_m00arn_2.sv:58]
INFO: [Synth 8-638] synthesizing module 'bd_776a_m00awn_2' [c:/Users/dell_/bram_comm_2/bram_comm_2.srcs/sources_1/bd/soc/ip/soc_axi_smc_0/bd_0/ip/ip_93/synth/bd_776a_m00awn_2.sv:58]
INFO: [Synth 8-256] done synthesizing module 'bd_776a_m00awn_2' (35#1) [c:/Users/dell_/bram_comm_2/bram_comm_2.srcs/sources_1/bd/soc/ip/soc_axi_smc_0/bd_0/ip/ip_93/synth/bd_776a_m00awn_2.sv:58]
INFO: [Synth 8-638] synthesizing module 'bd_776a_m00bn_2' [c:/Users/dell_/bram_comm_2/bram_comm_2.srcs/sources_1/bd/soc/ip/soc_axi_smc_0/bd_0/ip/ip_95/synth/bd_776a_m00bn_2.sv:58]
INFO: [Synth 8-638] synthesizing module 'xpm_memory_base__parameterized1' [C:/Xilinx/Vivado/2017.3/data/ip/xpm/xpm_memory/hdl/xpm_memory.sv:57]
INFO: [Synth 8-256] done synthesizing module 'xpm_memory_base__parameterized1' (35#1) [C:/Xilinx/Vivado/2017.3/data/ip/xpm/xpm_memory/hdl/xpm_memory.sv:57]
INFO: [Synth 8-638] synthesizing module 'xpm_memory_base__parameterized2' [C:/Xilinx/Vivado/2017.3/data/ip/xpm/xpm_memory/hdl/xpm_memory.sv:57]
INFO: [Synth 8-256] done synthesizing module 'xpm_memory_base__parameterized2' (35#1) [C:/Xilinx/Vivado/2017.3/data/ip/xpm/xpm_memory/hdl/xpm_memory.sv:57]
INFO: [Synth 8-256] done synthesizing module 'bd_776a_m00bn_2' (36#1) [c:/Users/dell_/bram_comm_2/bram_comm_2.srcs/sources_1/bd/soc/ip/soc_axi_smc_0/bd_0/ip/ip_95/synth/bd_776a_m00bn_2.sv:58]
INFO: [Synth 8-638] synthesizing module 'bd_776a_m00rn_2' [c:/Users/dell_/bram_comm_2/bram_comm_2.srcs/sources_1/bd/soc/ip/soc_axi_smc_0/bd_0/ip/ip_92/synth/bd_776a_m00rn_2.sv:58]
INFO: [Synth 8-638] synthesizing module 'xpm_memory_base__parameterized3' [C:/Xilinx/Vivado/2017.3/data/ip/xpm/xpm_memory/hdl/xpm_memory.sv:57]
INFO: [Synth 8-256] done synthesizing module 'xpm_memory_base__parameterized3' (36#1) [C:/Xilinx/Vivado/2017.3/data/ip/xpm/xpm_memory/hdl/xpm_memory.sv:57]
INFO: [Synth 8-256] done synthesizing module 'bd_776a_m00rn_2' (37#1) [c:/Users/dell_/bram_comm_2/bram_comm_2.srcs/sources_1/bd/soc/ip/soc_axi_smc_0/bd_0/ip/ip_92/synth/bd_776a_m00rn_2.sv:58]
INFO: [Synth 8-638] synthesizing module 'bd_776a_m00wn_2' [c:/Users/dell_/bram_comm_2/bram_comm_2.srcs/sources_1/bd/soc/ip/soc_axi_smc_0/bd_0/ip/ip_94/synth/bd_776a_m00wn_2.sv:58]
INFO: [Synth 8-638] synthesizing module 'xpm_memory_base__parameterized4' [C:/Xilinx/Vivado/2017.3/data/ip/xpm/xpm_memory/hdl/xpm_memory.sv:57]
INFO: [Synth 8-256] done synthesizing module 'xpm_memory_base__parameterized4' (37#1) [C:/Xilinx/Vivado/2017.3/data/ip/xpm/xpm_memory/hdl/xpm_memory.sv:57]
INFO: [Synth 8-256] done synthesizing module 'bd_776a_m00wn_2' (38#1) [c:/Users/dell_/bram_comm_2/bram_comm_2.srcs/sources_1/bd/soc/ip/soc_axi_smc_0/bd_0/ip/ip_94/synth/bd_776a_m00wn_2.sv:58]
INFO: [Synth 8-256] done synthesizing module 'm00_nodes_imp_YI26NV' (39#1) [c:/Users/dell_/bram_comm_2/bram_comm_2.srcs/sources_1/bd/soc/ip/soc_axi_smc_0/bd_0/synth/bd_776a.v:2119]
INFO: [Synth 8-638] synthesizing module 'bd_776a_m00s2a_2' [c:/Users/dell_/bram_comm_2/bram_comm_2.srcs/sources_1/bd/soc/ip/soc_axi_smc_0/bd_0/ip/ip_90/synth/bd_776a_m00s2a_2.sv:58]
INFO: [Synth 8-256] done synthesizing module 'bd_776a_m00s2a_2' (41#1) [c:/Users/dell_/bram_comm_2/bram_comm_2.srcs/sources_1/bd/soc/ip/soc_axi_smc_0/bd_0/ip/ip_90/synth/bd_776a_m00s2a_2.sv:58]
INFO: [Synth 8-638] synthesizing module 'm01_exit_pipeline_imp_GG1WBB' [c:/Users/dell_/bram_comm_2/bram_comm_2.srcs/sources_1/bd/soc/ip/soc_axi_smc_0/bd_0/synth/bd_776a.v:2415]
INFO: [Synth 8-638] synthesizing module 'bd_776a_m01e_2' [c:/Users/dell_/bram_comm_2/bram_comm_2.srcs/sources_1/bd/soc/ip/soc_axi_smc_0/bd_0/ip/ip_103/synth/bd_776a_m01e_2.sv:58]
INFO: [Synth 8-256] done synthesizing module 'bd_776a_m01e_2' (57#1) [c:/Users/dell_/bram_comm_2/bram_comm_2.srcs/sources_1/bd/soc/ip/soc_axi_smc_0/bd_0/ip/ip_103/synth/bd_776a_m01e_2.sv:58]
INFO: [Synth 8-256] done synthesizing module 'm01_exit_pipeline_imp_GG1WBB' (58#1) [c:/Users/dell_/bram_comm_2/bram_comm_2.srcs/sources_1/bd/soc/ip/soc_axi_smc_0/bd_0/synth/bd_776a.v:2415]
INFO: [Synth 8-638] synthesizing module 'm01_nodes_imp_1QIV8ZX' [c:/Users/dell_/bram_comm_2/bram_comm_2.srcs/sources_1/bd/soc/ip/soc_axi_smc_0/bd_0/synth/bd_776a.v:2716]
INFO: [Synth 8-638] synthesizing module 'bd_776a_m01arn_2' [c:/Users/dell_/bram_comm_2/bram_comm_2.srcs/sources_1/bd/soc/ip/soc_axi_smc_0/bd_0/ip/ip_98/synth/bd_776a_m01arn_2.sv:58]
INFO: [Synth 8-256] done synthesizing module 'bd_776a_m01arn_2' (59#1) [c:/Users/dell_/bram_comm_2/bram_comm_2.srcs/sources_1/bd/soc/ip/soc_axi_smc_0/bd_0/ip/ip_98/synth/bd_776a_m01arn_2.sv:58]
INFO: [Synth 8-638] synthesizing module 'bd_776a_m01awn_2' [c:/Users/dell_/bram_comm_2/bram_comm_2.srcs/sources_1/bd/soc/ip/soc_axi_smc_0/bd_0/ip/ip_100/synth/bd_776a_m01awn_2.sv:58]
INFO: [Synth 8-256] done synthesizing module 'bd_776a_m01awn_2' (60#1) [c:/Users/dell_/bram_comm_2/bram_comm_2.srcs/sources_1/bd/soc/ip/soc_axi_smc_0/bd_0/ip/ip_100/synth/bd_776a_m01awn_2.sv:58]
INFO: [Synth 8-638] synthesizing module 'bd_776a_m01bn_2' [c:/Users/dell_/bram_comm_2/bram_comm_2.srcs/sources_1/bd/soc/ip/soc_axi_smc_0/bd_0/ip/ip_102/synth/bd_776a_m01bn_2.sv:58]
INFO: [Synth 8-256] done synthesizing module 'bd_776a_m01bn_2' (61#1) [c:/Users/dell_/bram_comm_2/bram_comm_2.srcs/sources_1/bd/soc/ip/soc_axi_smc_0/bd_0/ip/ip_102/synth/bd_776a_m01bn_2.sv:58]
INFO: [Synth 8-638] synthesizing module 'bd_776a_m01rn_2' [c:/Users/dell_/bram_comm_2/bram_comm_2.srcs/sources_1/bd/soc/ip/soc_axi_smc_0/bd_0/ip/ip_99/synth/bd_776a_m01rn_2.sv:58]
INFO: [Synth 8-256] done synthesizing module 'bd_776a_m01rn_2' (62#1) [c:/Users/dell_/bram_comm_2/bram_comm_2.srcs/sources_1/bd/soc/ip/soc_axi_smc_0/bd_0/ip/ip_99/synth/bd_776a_m01rn_2.sv:58]
INFO: [Synth 8-638] synthesizing module 'bd_776a_m01wn_2' [c:/Users/dell_/bram_comm_2/bram_comm_2.srcs/sources_1/bd/soc/ip/soc_axi_smc_0/bd_0/ip/ip_101/synth/bd_776a_m01wn_2.sv:58]
INFO: [Synth 8-256] done synthesizing module 'bd_776a_m01wn_2' (63#1) [c:/Users/dell_/bram_comm_2/bram_comm_2.srcs/sources_1/bd/soc/ip/soc_axi_smc_0/bd_0/ip/ip_101/synth/bd_776a_m01wn_2.sv:58]
INFO: [Synth 8-256] done synthesizing module 'm01_nodes_imp_1QIV8ZX' (64#1) [c:/Users/dell_/bram_comm_2/bram_comm_2.srcs/sources_1/bd/soc/ip/soc_axi_smc_0/bd_0/synth/bd_776a.v:2716]
INFO: [Synth 8-638] synthesizing module 'bd_776a_m01s2a_2' [c:/Users/dell_/bram_comm_2/bram_comm_2.srcs/sources_1/bd/soc/ip/soc_axi_smc_0/bd_0/ip/ip_97/synth/bd_776a_m01s2a_2.sv:58]
INFO: [Synth 8-256] done synthesizing module 'bd_776a_m01s2a_2' (65#1) [c:/Users/dell_/bram_comm_2/bram_comm_2.srcs/sources_1/bd/soc/ip/soc_axi_smc_0/bd_0/ip/ip_97/synth/bd_776a_m01s2a_2.sv:58]
INFO: [Synth 8-638] synthesizing module 'm02_exit_pipeline_imp_MCWBB' [c:/Users/dell_/bram_comm_2/bram_comm_2.srcs/sources_1/bd/soc/ip/soc_axi_smc_0/bd_0/synth/bd_776a.v:3012]
INFO: [Synth 8-638] synthesizing module 'bd_776a_m02e_2' [c:/Users/dell_/bram_comm_2/bram_comm_2.srcs/sources_1/bd/soc/ip/soc_axi_smc_0/bd_0/ip/ip_110/synth/bd_776a_m02e_2.sv:58]
INFO: [Synth 8-256] done synthesizing module 'bd_776a_m02e_2' (66#1) [c:/Users/dell_/bram_comm_2/bram_comm_2.srcs/sources_1/bd/soc/ip/soc_axi_smc_0/bd_0/ip/ip_110/synth/bd_776a_m02e_2.sv:58]
INFO: [Synth 8-256] done synthesizing module 'm02_exit_pipeline_imp_MCWBB' (67#1) [c:/Users/dell_/bram_comm_2/bram_comm_2.srcs/sources_1/bd/soc/ip/soc_axi_smc_0/bd_0/synth/bd_776a.v:3012]
INFO: [Synth 8-638] synthesizing module 'm02_nodes_imp_17MCP7A' [c:/Users/dell_/bram_comm_2/bram_comm_2.srcs/sources_1/bd/soc/ip/soc_axi_smc_0/bd_0/synth/bd_776a.v:3313]
INFO: [Synth 8-638] synthesizing module 'bd_776a_m02arn_2' [c:/Users/dell_/bram_comm_2/bram_comm_2.srcs/sources_1/bd/soc/ip/soc_axi_smc_0/bd_0/ip/ip_105/synth/bd_776a_m02arn_2.sv:58]
INFO: [Synth 8-256] done synthesizing module 'bd_776a_m02arn_2' (68#1) [c:/Users/dell_/bram_comm_2/bram_comm_2.srcs/sources_1/bd/soc/ip/soc_axi_smc_0/bd_0/ip/ip_105/synth/bd_776a_m02arn_2.sv:58]
INFO: [Synth 8-638] synthesizing module 'bd_776a_m02awn_2' [c:/Users/dell_/bram_comm_2/bram_comm_2.srcs/sources_1/bd/soc/ip/soc_axi_smc_0/bd_0/ip/ip_107/synth/bd_776a_m02awn_2.sv:58]
INFO: [Synth 8-256] done synthesizing module 'bd_776a_m02awn_2' (69#1) [c:/Users/dell_/bram_comm_2/bram_comm_2.srcs/sources_1/bd/soc/ip/soc_axi_smc_0/bd_0/ip/ip_107/synth/bd_776a_m02awn_2.sv:58]
INFO: [Synth 8-638] synthesizing module 'bd_776a_m02bn_2' [c:/Users/dell_/bram_comm_2/bram_comm_2.srcs/sources_1/bd/soc/ip/soc_axi_smc_0/bd_0/ip/ip_109/synth/bd_776a_m02bn_2.sv:58]
INFO: [Synth 8-256] done synthesizing module 'bd_776a_m02bn_2' (70#1) [c:/Users/dell_/bram_comm_2/bram_comm_2.srcs/sources_1/bd/soc/ip/soc_axi_smc_0/bd_0/ip/ip_109/synth/bd_776a_m02bn_2.sv:58]
INFO: [Synth 8-638] synthesizing module 'bd_776a_m02rn_2' [c:/Users/dell_/bram_comm_2/bram_comm_2.srcs/sources_1/bd/soc/ip/soc_axi_smc_0/bd_0/ip/ip_106/synth/bd_776a_m02rn_2.sv:58]
INFO: [Synth 8-256] done synthesizing module 'bd_776a_m02rn_2' (71#1) [c:/Users/dell_/bram_comm_2/bram_comm_2.srcs/sources_1/bd/soc/ip/soc_axi_smc_0/bd_0/ip/ip_106/synth/bd_776a_m02rn_2.sv:58]
INFO: [Synth 8-638] synthesizing module 'bd_776a_m02wn_2' [c:/Users/dell_/bram_comm_2/bram_comm_2.srcs/sources_1/bd/soc/ip/soc_axi_smc_0/bd_0/ip/ip_108/synth/bd_776a_m02wn_2.sv:58]
INFO: [Synth 8-256] done synthesizing module 'bd_776a_m02wn_2' (72#1) [c:/Users/dell_/bram_comm_2/bram_comm_2.srcs/sources_1/bd/soc/ip/soc_axi_smc_0/bd_0/ip/ip_108/synth/bd_776a_m02wn_2.sv:58]
INFO: [Synth 8-256] done synthesizing module 'm02_nodes_imp_17MCP7A' (73#1) [c:/Users/dell_/bram_comm_2/bram_comm_2.srcs/sources_1/bd/soc/ip/soc_axi_smc_0/bd_0/synth/bd_776a.v:3313]
INFO: [Synth 8-638] synthesizing module 'bd_776a_m02s2a_2' [c:/Users/dell_/bram_comm_2/bram_comm_2.srcs/sources_1/bd/soc/ip/soc_axi_smc_0/bd_0/ip/ip_104/synth/bd_776a_m02s2a_2.sv:58]
INFO: [Synth 8-256] done synthesizing module 'bd_776a_m02s2a_2' (74#1) [c:/Users/dell_/bram_comm_2/bram_comm_2.srcs/sources_1/bd/soc/ip/soc_axi_smc_0/bd_0/ip/ip_104/synth/bd_776a_m02s2a_2.sv:58]
INFO: [Synth 8-638] synthesizing module 'bd_776a_s00a2s_2' [c:/Users/dell_/bram_comm_2/bram_comm_2.srcs/sources_1/bd/soc/ip/soc_axi_smc_0/bd_0/ip/ip_84/synth/bd_776a_s00a2s_2.sv:58]
INFO: [Synth 8-256] done synthesizing module 'bd_776a_s00a2s_2' (76#1) [c:/Users/dell_/bram_comm_2/bram_comm_2.srcs/sources_1/bd/soc/ip/soc_axi_smc_0/bd_0/ip/ip_84/synth/bd_776a_s00a2s_2.sv:58]
INFO: [Synth 8-638] synthesizing module 's00_entry_pipeline_imp_1CMOPHW' [c:/Users/dell_/bram_comm_2/bram_comm_2.srcs/sources_1/bd/soc/ip/soc_axi_smc_0/bd_0/synth/bd_776a.v:3609]
INFO: [Synth 8-638] synthesizing module 'bd_776a_s00mmu_2' [c:/Users/dell_/bram_comm_2/bram_comm_2.srcs/sources_1/bd/soc/ip/soc_axi_smc_0/bd_0/ip/ip_81/synth/bd_776a_s00mmu_2.sv:58]
INFO: [Synth 8-256] done synthesizing module 'bd_776a_s00mmu_2' (81#1) [c:/Users/dell_/bram_comm_2/bram_comm_2.srcs/sources_1/bd/soc/ip/soc_axi_smc_0/bd_0/ip/ip_81/synth/bd_776a_s00mmu_2.sv:58]
INFO: [Synth 8-638] synthesizing module 'bd_776a_s00sic_2' [c:/Users/dell_/bram_comm_2/bram_comm_2.srcs/sources_1/bd/soc/ip/soc_axi_smc_0/bd_0/ip/ip_83/synth/bd_776a_s00sic_2.sv:58]
INFO: [Synth 8-256] done synthesizing module 'bd_776a_s00sic_2' (87#1) [c:/Users/dell_/bram_comm_2/bram_comm_2.srcs/sources_1/bd/soc/ip/soc_axi_smc_0/bd_0/ip/ip_83/synth/bd_776a_s00sic_2.sv:58]
INFO: [Synth 8-638] synthesizing module 'bd_776a_s00tr_2' [c:/Users/dell_/bram_comm_2/bram_comm_2.srcs/sources_1/bd/soc/ip/soc_axi_smc_0/bd_0/ip/ip_82/synth/bd_776a_s00tr_2.sv:58]
INFO: [Synth 8-256] done synthesizing module 'bd_776a_s00tr_2' (90#1) [c:/Users/dell_/bram_comm_2/bram_comm_2.srcs/sources_1/bd/soc/ip/soc_axi_smc_0/bd_0/ip/ip_82/synth/bd_776a_s00tr_2.sv:58]
INFO: [Synth 8-256] done synthesizing module 's00_entry_pipeline_imp_1CMOPHW' (91#1) [c:/Users/dell_/bram_comm_2/bram_comm_2.srcs/sources_1/bd/soc/ip/soc_axi_smc_0/bd_0/synth/bd_776a.v:3609]
INFO: [Synth 8-638] synthesizing module 's00_nodes_imp_1FVSDU6' [c:/Users/dell_/bram_comm_2/bram_comm_2.srcs/sources_1/bd/soc/ip/soc_axi_smc_0/bd_0/synth/bd_776a.v:4257]
INFO: [Synth 8-638] synthesizing module 'bd_776a_sarn_2' [c:/Users/dell_/bram_comm_2/bram_comm_2.srcs/sources_1/bd/soc/ip/soc_axi_smc_0/bd_0/ip/ip_85/synth/bd_776a_sarn_2.sv:58]
INFO: [Synth 8-638] synthesizing module 'xpm_memory_base__parameterized5' [C:/Xilinx/Vivado/2017.3/data/ip/xpm/xpm_memory/hdl/xpm_memory.sv:57]
INFO: [Synth 8-256] done synthesizing module 'xpm_memory_base__parameterized5' (91#1) [C:/Xilinx/Vivado/2017.3/data/ip/xpm/xpm_memory/hdl/xpm_memory.sv:57]
INFO: [Synth 8-638] synthesizing module 'xpm_memory_base__parameterized6' [C:/Xilinx/Vivado/2017.3/data/ip/xpm/xpm_memory/hdl/xpm_memory.sv:57]
INFO: [Synth 8-256] done synthesizing module 'xpm_memory_base__parameterized6' (91#1) [C:/Xilinx/Vivado/2017.3/data/ip/xpm/xpm_memory/hdl/xpm_memory.sv:57]
INFO: [Synth 8-256] done synthesizing module 'bd_776a_sarn_2' (92#1) [c:/Users/dell_/bram_comm_2/bram_comm_2.srcs/sources_1/bd/soc/ip/soc_axi_smc_0/bd_0/ip/ip_85/synth/bd_776a_sarn_2.sv:58]
INFO: [Synth 8-638] synthesizing module 'bd_776a_sawn_2' [c:/Users/dell_/bram_comm_2/bram_comm_2.srcs/sources_1/bd/soc/ip/soc_axi_smc_0/bd_0/ip/ip_87/synth/bd_776a_sawn_2.sv:58]
INFO: [Synth 8-256] done synthesizing module 'bd_776a_sawn_2' (93#1) [c:/Users/dell_/bram_comm_2/bram_comm_2.srcs/sources_1/bd/soc/ip/soc_axi_smc_0/bd_0/ip/ip_87/synth/bd_776a_sawn_2.sv:58]
INFO: [Synth 8-638] synthesizing module 'bd_776a_sbn_2' [c:/Users/dell_/bram_comm_2/bram_comm_2.srcs/sources_1/bd/soc/ip/soc_axi_smc_0/bd_0/ip/ip_89/synth/bd_776a_sbn_2.sv:58]
INFO: [Synth 8-638] synthesizing module 'xpm_memory_base__parameterized7' [C:/Xilinx/Vivado/2017.3/data/ip/xpm/xpm_memory/hdl/xpm_memory.sv:57]
INFO: [Synth 8-256] done synthesizing module 'xpm_memory_base__parameterized7' (94#1) [C:/Xilinx/Vivado/2017.3/data/ip/xpm/xpm_memory/hdl/xpm_memory.sv:57]
INFO: [Synth 8-256] done synthesizing module 'bd_776a_sbn_2' (95#1) [c:/Users/dell_/bram_comm_2/bram_comm_2.srcs/sources_1/bd/soc/ip/soc_axi_smc_0/bd_0/ip/ip_89/synth/bd_776a_sbn_2.sv:58]
INFO: [Synth 8-638] synthesizing module 'bd_776a_srn_2' [c:/Users/dell_/bram_comm_2/bram_comm_2.srcs/sources_1/bd/soc/ip/soc_axi_smc_0/bd_0/ip/ip_86/synth/bd_776a_srn_2.sv:58]
INFO: [Synth 8-256] done synthesizing module 'bd_776a_srn_2' (96#1) [c:/Users/dell_/bram_comm_2/bram_comm_2.srcs/sources_1/bd/soc/ip/soc_axi_smc_0/bd_0/ip/ip_86/synth/bd_776a_srn_2.sv:58]
INFO: [Synth 8-638] synthesizing module 'bd_776a_swn_2' [c:/Users/dell_/bram_comm_2/bram_comm_2.srcs/sources_1/bd/soc/ip/soc_axi_smc_0/bd_0/ip/ip_88/synth/bd_776a_swn_2.sv:58]
INFO: [Synth 8-638] synthesizing module 'xpm_memory_base__parameterized8' [C:/Xilinx/Vivado/2017.3/data/ip/xpm/xpm_memory/hdl/xpm_memory.sv:57]
INFO: [Synth 8-256] done synthesizing module 'xpm_memory_base__parameterized8' (96#1) [C:/Xilinx/Vivado/2017.3/data/ip/xpm/xpm_memory/hdl/xpm_memory.sv:57]
INFO: [Synth 8-256] done synthesizing module 'bd_776a_swn_2' (97#1) [c:/Users/dell_/bram_comm_2/bram_comm_2.srcs/sources_1/bd/soc/ip/soc_axi_smc_0/bd_0/ip/ip_88/synth/bd_776a_swn_2.sv:58]
INFO: [Synth 8-256] done synthesizing module 's00_nodes_imp_1FVSDU6' (98#1) [c:/Users/dell_/bram_comm_2/bram_comm_2.srcs/sources_1/bd/soc/ip/soc_axi_smc_0/bd_0/synth/bd_776a.v:4257]
INFO: [Synth 8-638] synthesizing module 'switchboards_imp_1M02HI2' [c:/Users/dell_/bram_comm_2/bram_comm_2.srcs/sources_1/bd/soc/ip/soc_axi_smc_0/bd_0/synth/bd_776a.v:4553]
INFO: [Synth 8-638] synthesizing module 'bd_776a_arsw_2' [c:/Users/dell_/bram_comm_2/bram_comm_2.srcs/sources_1/bd/soc/ip/soc_axi_smc_0/bd_0/ip/ip_76/synth/bd_776a_arsw_2.sv:57]
INFO: [Synth 8-256] done synthesizing module 'bd_776a_arsw_2' (101#1) [c:/Users/dell_/bram_comm_2/bram_comm_2.srcs/sources_1/bd/soc/ip/soc_axi_smc_0/bd_0/ip/ip_76/synth/bd_776a_arsw_2.sv:57]
INFO: [Synth 8-638] synthesizing module 'bd_776a_awsw_2' [c:/Users/dell_/bram_comm_2/bram_comm_2.srcs/sources_1/bd/soc/ip/soc_axi_smc_0/bd_0/ip/ip_78/synth/bd_776a_awsw_2.sv:57]
INFO: [Synth 8-256] done synthesizing module 'bd_776a_awsw_2' (102#1) [c:/Users/dell_/bram_comm_2/bram_comm_2.srcs/sources_1/bd/soc/ip/soc_axi_smc_0/bd_0/ip/ip_78/synth/bd_776a_awsw_2.sv:57]
INFO: [Synth 8-638] synthesizing module 'bd_776a_bsw_2' [c:/Users/dell_/bram_comm_2/bram_comm_2.srcs/sources_1/bd/soc/ip/soc_axi_smc_0/bd_0/ip/ip_80/synth/bd_776a_bsw_2.sv:57]
INFO: [Synth 8-256] done synthesizing module 'bd_776a_bsw_2' (103#1) [c:/Users/dell_/bram_comm_2/bram_comm_2.srcs/sources_1/bd/soc/ip/soc_axi_smc_0/bd_0/ip/ip_80/synth/bd_776a_bsw_2.sv:57]
INFO: [Synth 8-638] synthesizing module 'bd_776a_rsw_2' [c:/Users/dell_/bram_comm_2/bram_comm_2.srcs/sources_1/bd/soc/ip/soc_axi_smc_0/bd_0/ip/ip_77/synth/bd_776a_rsw_2.sv:57]
INFO: [Synth 8-256] done synthesizing module 'bd_776a_rsw_2' (104#1) [c:/Users/dell_/bram_comm_2/bram_comm_2.srcs/sources_1/bd/soc/ip/soc_axi_smc_0/bd_0/ip/ip_77/synth/bd_776a_rsw_2.sv:57]
INFO: [Synth 8-638] synthesizing module 'bd_776a_wsw_2' [c:/Users/dell_/bram_comm_2/bram_comm_2.srcs/sources_1/bd/soc/ip/soc_axi_smc_0/bd_0/ip/ip_79/synth/bd_776a_wsw_2.sv:57]
INFO: [Synth 8-256] done synthesizing module 'bd_776a_wsw_2' (105#1) [c:/Users/dell_/bram_comm_2/bram_comm_2.srcs/sources_1/bd/soc/ip/soc_axi_smc_0/bd_0/ip/ip_79/synth/bd_776a_wsw_2.sv:57]
INFO: [Synth 8-256] done synthesizing module 'switchboards_imp_1M02HI2' (106#1) [c:/Users/dell_/bram_comm_2/bram_comm_2.srcs/sources_1/bd/soc/ip/soc_axi_smc_0/bd_0/synth/bd_776a.v:4553]
INFO: [Synth 8-256] done synthesizing module 'bd_776a' (107#1) [c:/Users/dell_/bram_comm_2/bram_comm_2.srcs/sources_1/bd/soc/ip/soc_axi_smc_0/bd_0/synth/bd_776a.v:10]
INFO: [Synth 8-256] done synthesizing module 'soc_axi_smc_0' (108#1) [c:/Users/dell_/bram_comm_2/bram_comm_2.srcs/sources_1/bd/soc/ip/soc_axi_smc_0/synth/soc_axi_smc_0.v:57]
Finished RTL Elaboration : Time (s): cpu = 00:00:25 ; elapsed = 00:00:29 . Memory (MB): peak = 688.652 ; gain = 328.980
Finished RTL Optimization Phase 1 : Time (s): cpu = 00:00:27 ; elapsed = 00:00:31 . Memory (MB): peak = 688.652 ; gain = 328.980
INFO: [Device 21-403] Loading part xc7z045ffg900-2
CRITICAL WARNING: [Designutils 20-1280] Could not find module 'bd_776a_psr_aclk_0'. The XDC file c:/Users/dell_/bram_comm_2/bram_comm_2.srcs/sources_1/bd/soc/ip/soc_axi_smc_0/bd_0/ip/ip_1/bd_776a_psr_aclk_0_board.xdc will not be read for any cell of this module.
CRITICAL WARNING: [Designutils 20-1280] Could not find module 'bd_776a_psr_aclk_0'. The XDC file c:/Users/dell_/bram_comm_2/bram_comm_2.srcs/sources_1/bd/soc/ip/soc_axi_smc_0/bd_0/ip/ip_1/bd_776a_psr_aclk_0.xdc will not be read for any cell of this module.
CRITICAL WARNING: [Designutils 20-1280] Could not find module 'bd_776a_psr_aclk_1'. The XDC file c:/Users/dell_/bram_comm_2/bram_comm_2.srcs/sources_1/bd/soc/ip/soc_axi_smc_0/bd_0/ip/ip_38/bd_776a_psr_aclk_1_board.xdc will not be read for any cell of this module.
CRITICAL WARNING: [Designutils 20-1280] Could not find module 'bd_776a_psr_aclk_1'. The XDC file c:/Users/dell_/bram_comm_2/bram_comm_2.srcs/sources_1/bd/soc/ip/soc_axi_smc_0/bd_0/ip/ip_38/bd_776a_psr_aclk_1.xdc will not be read for any cell of this module.
Constraint Validation Runtime : Time (s): cpu = 00:00:05 ; elapsed = 00:00:03 . Memory (MB): peak = 1970.891 ; gain = 139.148
Finished Constraint Validation : Time (s): cpu = 00:01:39 ; elapsed = 00:01:42 . Memory (MB): peak = 1970.891 ; gain = 1611.219
Finished Loading Part and Timing Information : Time (s): cpu = 00:01:39 ; elapsed = 00:01:42 . Memory (MB): peak = 1970.891 ; gain = 1611.219
Finished applying 'set_property' XDC Constraints : Time (s): cpu = 00:01:39 ; elapsed = 00:01:42 . Memory (MB): peak = 1970.891 ; gain = 1611.219
Finished RTL Optimization Phase 2 : Time (s): cpu = 00:01:46 ; elapsed = 00:01:49 . Memory (MB): peak = 1970.891 ; gain = 1611.219
Finished Cross Boundary and Area Optimization : Time (s): cpu = 00:02:42 ; elapsed = 00:02:50 . Memory (MB): peak = 1970.891 ; gain = 1611.219
---------------------------------------------------------------------------------
Start ROM, RAM, DSP and Shift Register Reporting
---------------------------------------------------------------------------------

Distributed RAM: Preliminary Mapping  Report (see note below)
+----------------------------------------------------------------------------------------------------------------------------------------------------------------+----------------------------------+----------------+----------------------+---------------+
|Module Name                                                                                                                                                     | RTL Object                       | Inference      | Size (Depth x Width) | Primitives    | 
+----------------------------------------------------------------------------------------------------------------------------------------------------------------+----------------------------------+----------------+----------------------+---------------+
|inst/i_0/\m00_nodes/m00_ar_node/inst /\inst_mi_handler/gen_normal_area.inst_fifo_node_payld/gen_xpm_memory_fifo.inst_fifo/gen_mem_rep[0].inst_xpm_memory        | gen_wr_a.gen_word_narrow.mem_reg | User Attribute | 32 x 162             | RAM32M x 27   | 
|inst/i_0/\m00_nodes/m00_aw_node/inst /\inst_mi_handler/gen_normal_area.inst_fifo_node_payld/gen_xpm_memory_fifo.inst_fifo/gen_mem_rep[0].inst_xpm_memory        | gen_wr_a.gen_word_narrow.mem_reg | User Attribute | 32 x 162             | RAM32M x 27   | 
|inst/i_0/\m00_nodes/m00_b_node/inst /\inst_mi_handler/gen_normal_area.inst_fifo_node_payld/gen_xpm_memory_fifo.inst_fifo/gen_mem_rep[0].inst_xpm_memory         | gen_wr_a.gen_word_narrow.mem_reg | User Attribute | 32 x 7               | RAM32M x 2    | 
|inst/i_0/\m00_nodes/m00_r_node/inst /\inst_mi_handler/gen_normal_area.inst_fifo_node_payld/gen_xpm_memory_fifo.inst_fifo/gen_mem_rep[0].inst_xpm_memory         | gen_wr_a.gen_word_narrow.mem_reg | User Attribute | 32 x 53              | RAM32M x 9    | 
|inst/i_0/\m00_nodes/m00_w_node/inst /\inst_mi_handler/gen_normal_area.inst_fifo_node_payld/gen_xpm_memory_fifo.inst_fifo/gen_mem_rep[0].inst_xpm_memory         | gen_wr_a.gen_word_narrow.mem_reg | User Attribute | 32 x 72              | RAM32M x 12   | 
|inst/i_0/\m01_nodes/m01_ar_node/inst /\inst_mi_handler/gen_normal_area.inst_fifo_node_payld/gen_xpm_memory_fifo.inst_fifo/gen_mem_rep[0].inst_xpm_memory        | gen_wr_a.gen_word_narrow.mem_reg | User Attribute | 32 x 162             | RAM32M x 27   | 
|inst/i_0/\m01_nodes/m01_aw_node/inst /\inst_mi_handler/gen_normal_area.inst_fifo_node_payld/gen_xpm_memory_fifo.inst_fifo/gen_mem_rep[0].inst_xpm_memory        | gen_wr_a.gen_word_narrow.mem_reg | User Attribute | 32 x 162             | RAM32M x 27   | 
|inst/i_0/\m01_nodes/m01_b_node/inst /\inst_mi_handler/gen_normal_area.inst_fifo_node_payld/gen_xpm_memory_fifo.inst_fifo/gen_mem_rep[0].inst_xpm_memory         | gen_wr_a.gen_word_narrow.mem_reg | User Attribute | 32 x 7               | RAM32M x 2    | 
|inst/i_0/\m01_nodes/m01_r_node/inst /\inst_mi_handler/gen_normal_area.inst_fifo_node_payld/gen_xpm_memory_fifo.inst_fifo/gen_mem_rep[0].inst_xpm_memory         | gen_wr_a.gen_word_narrow.mem_reg | User Attribute | 32 x 53              | RAM32M x 9    | 
|inst/i_0/\m01_nodes/m01_w_node/inst /\inst_mi_handler/gen_normal_area.inst_fifo_node_payld/gen_xpm_memory_fifo.inst_fifo/gen_mem_rep[0].inst_xpm_memory         | gen_wr_a.gen_word_narrow.mem_reg | User Attribute | 32 x 72              | RAM32M x 12   | 
|inst/i_0/\m02_nodes/m02_ar_node/inst /\inst_mi_handler/gen_normal_area.inst_fifo_node_payld/gen_xpm_memory_fifo.inst_fifo/gen_mem_rep[0].inst_xpm_memory        | gen_wr_a.gen_word_narrow.mem_reg | User Attribute | 32 x 162             | RAM32M x 27   | 
|inst/i_0/\m02_nodes/m02_aw_node/inst /\inst_mi_handler/gen_normal_area.inst_fifo_node_payld/gen_xpm_memory_fifo.inst_fifo/gen_mem_rep[0].inst_xpm_memory        | gen_wr_a.gen_word_narrow.mem_reg | User Attribute | 32 x 162             | RAM32M x 27   | 
|inst/i_0/\m02_nodes/m02_b_node/inst /\inst_mi_handler/gen_normal_area.inst_fifo_node_payld/gen_xpm_memory_fifo.inst_fifo/gen_mem_rep[0].inst_xpm_memory         | gen_wr_a.gen_word_narrow.mem_reg | User Attribute | 32 x 7               | RAM32M x 2    | 
|inst/i_0/\m02_nodes/m02_r_node/inst /\inst_mi_handler/gen_normal_area.inst_fifo_node_payld/gen_xpm_memory_fifo.inst_fifo/gen_mem_rep[0].inst_xpm_memory         | gen_wr_a.gen_word_narrow.mem_reg | User Attribute | 32 x 53              | RAM32M x 9    | 
|inst/i_0/\m02_nodes/m02_w_node/inst /\inst_mi_handler/gen_normal_area.inst_fifo_node_payld/gen_xpm_memory_fifo.inst_fifo/gen_mem_rep[0].inst_xpm_memory         | gen_wr_a.gen_word_narrow.mem_reg | User Attribute | 32 x 72              | RAM32M x 12   | 
|inst/i_0/\s00_nodes/s00_ar_node/inst /\inst_mi_handler/gen_normal_area.gen_fifo_req.inst_fifo_req/gen_xpm_memory_fifo.inst_fifo/gen_mem_rep[0].inst_xpm_memory  | gen_wr_a.gen_word_narrow.mem_reg | User Attribute | 32 x 20              | RAM32M x 4    | 
|inst/i_0/\s00_nodes/s00_ar_node/inst /\inst_mi_handler/gen_normal_area.inst_fifo_node_payld/gen_xpm_memory_fifo.inst_fifo/gen_mem_rep[0].inst_xpm_memory        | gen_wr_a.gen_word_narrow.mem_reg | User Attribute | 32 x 144             | RAM32M x 24   | 
|inst/i_0/\s00_nodes/s00_aw_node/inst /\inst_mi_handler/gen_normal_area.gen_fifo_req.inst_fifo_req/gen_xpm_memory_fifo.inst_fifo/gen_mem_rep[0].inst_xpm_memory  | gen_wr_a.gen_word_narrow.mem_reg | User Attribute | 32 x 20              | RAM32M x 4    | 
|inst/i_0/\s00_nodes/s00_aw_node/inst /\inst_mi_handler/gen_normal_area.inst_fifo_node_payld/gen_xpm_memory_fifo.inst_fifo/gen_mem_rep[0].inst_xpm_memory        | gen_wr_a.gen_word_narrow.mem_reg | User Attribute | 32 x 144             | RAM32M x 24   | 
|inst/i_0/\s00_nodes/s00_b_node/inst /\inst_mi_handler/gen_normal_area.inst_fifo_node_payld/gen_xpm_memory_fifo.inst_fifo/gen_mem_rep[0].inst_xpm_memory         | gen_wr_a.gen_word_narrow.mem_reg | User Attribute | 32 x 26              | RAM32M x 5    | 
|inst/i_0/\s00_nodes/s00_r_node/inst /\inst_mi_handler/gen_normal_area.inst_fifo_node_payld/gen_xpm_memory_fifo.inst_fifo/gen_mem_rep[0].inst_xpm_memory         | gen_wr_a.gen_word_narrow.mem_reg | User Attribute | 32 x 72              | RAM32M x 12   | 
|inst/i_0/\s00_nodes/s00_w_node/inst /\inst_mi_handler/gen_normal_area.gen_fifo_req.inst_fifo_req/gen_xpm_memory_fifo.inst_fifo/gen_mem_rep[0].inst_xpm_memory   | gen_wr_a.gen_word_narrow.mem_reg | User Attribute | 32 x 20              | RAM32M x 4    | 
|inst/i_0/\s00_nodes/s00_w_node/inst /\inst_mi_handler/gen_normal_area.inst_fifo_node_payld/gen_xpm_memory_fifo.inst_fifo/gen_mem_rep[0].inst_xpm_memory         | gen_wr_a.gen_word_narrow.mem_reg | User Attribute | 32 x 54              | RAM32M x 9    | 
+----------------------------------------------------------------------------------------------------------------------------------------------------------------+----------------------------------+----------------+----------------------+---------------+

Note: The table above is a preliminary report that shows the Distributed RAMs at the current stage of the synthesis flow. Some Distributed RAMs may be reimplemented as non Distributed RAM primitives later in the synthesis flow. Multiple instantiated RAMs are reported only once.
---------------------------------------------------------------------------------
Finished ROM, RAM, DSP and Shift Register Reporting
---------------------------------------------------------------------------------
Finished Applying XDC Timing Constraints : Time (s): cpu = 00:02:52 ; elapsed = 00:03:00 . Memory (MB): peak = 1970.891 ; gain = 1611.219
Finished Timing Optimization : Time (s): cpu = 00:02:57 ; elapsed = 00:03:06 . Memory (MB): peak = 1970.891 ; gain = 1611.219
Finished Technology Mapping : Time (s): cpu = 00:03:06 ; elapsed = 00:03:15 . Memory (MB): peak = 1970.891 ; gain = 1611.219
Finished IO Insertion : Time (s): cpu = 00:03:07 ; elapsed = 00:03:16 . Memory (MB): peak = 1970.891 ; gain = 1611.219
Finished Renaming Generated Instances : Time (s): cpu = 00:03:07 ; elapsed = 00:03:16 . Memory (MB): peak = 1970.891 ; gain = 1611.219
Finished Rebuilding User Hierarchy : Time (s): cpu = 00:03:09 ; elapsed = 00:03:18 . Memory (MB): peak = 1970.891 ; gain = 1611.219
Finished Renaming Generated Ports : Time (s): cpu = 00:03:09 ; elapsed = 00:03:18 . Memory (MB): peak = 1970.891 ; gain = 1611.219
Finished Handling Custom Attributes : Time (s): cpu = 00:03:09 ; elapsed = 00:03:18 . Memory (MB): peak = 1970.891 ; gain = 1611.219
Finished Renaming Generated Nets : Time (s): cpu = 00:03:09 ; elapsed = 00:03:18 . Memory (MB): peak = 1970.891 ; gain = 1611.219

Report Cell Usage: 
+------+--------+------+
|      |Cell    |Count |
+------+--------+------+
|1     |CARRY4  |    44|
|2     |LUT1    |   239|
|3     |LUT2    |   809|
|4     |LUT3    |   415|
|5     |LUT4    |  1421|
|6     |LUT5    |   987|
|7     |LUT6    |  1627|
|8     |MUXF7   |    10|
|9     |RAM32M  |   123|
|10    |SRL16   |     1|
|11    |SRL16E  |    34|
|12    |SRLC32E |   368|
|13    |FDR     |     4|
|14    |FDRE    |  4734|
|15    |FDSE    |   227|
+------+--------+------+
Finished Writing Synthesis Report : Time (s): cpu = 00:03:09 ; elapsed = 00:03:18 . Memory (MB): peak = 1970.891 ; gain = 1611.219
synth_design: Time (s): cpu = 00:03:15 ; elapsed = 00:03:25 . Memory (MB): peak = 1970.891 ; gain = 1619.984
