
*** Running vivado
    with args -log soc_processing_system7_0_0.vds -m64 -product Vivado -mode batch -messageDb vivado.pb -notrace -source soc_processing_system7_0_0.tcl


****** Vivado v2017.3 (64-bit)
  **** SW Build 2018833 on Wed Oct  4 19:58:22 MDT 2017
  **** IP Build 2016188 on Wed Oct  4 21:52:56 MDT 2017
    ** Copyright 1986-2017 Xilinx, Inc. All Rights Reserved.

source soc_processing_system7_0_0.tcl -notrace
Starting RTL Elaboration : Time (s): cpu = 00:00:08 ; elapsed = 00:00:09 . Memory (MB): peak = 414.336 ; gain = 99.441
INFO: [Synth 8-638] synthesizing module 'soc_processing_system7_0_0' [c:/Users/dell_/bram_comm_2/bram_comm_2.srcs/sources_1/bd/soc/ip/soc_processing_system7_0_0/synth/soc_processing_system7_0_0.v:60]
INFO: [Synth 8-638] synthesizing module 'processing_system7_v5_5_processing_system7' [c:/Users/dell_/bram_comm_2/bram_comm_2.srcs/sources_1/bd/soc/ip/soc_processing_system7_0_0/hdl/verilog/processing_system7_v5_5_processing_system7.v:162]
INFO: [Synth 8-638] synthesizing module 'BUFG' [C:/Xilinx/Vivado/2017.3/scripts/rt/data/unisim_comp.v:607]
INFO: [Synth 8-256] done synthesizing module 'BUFG' (1#1) [C:/Xilinx/Vivado/2017.3/scripts/rt/data/unisim_comp.v:607]
INFO: [Synth 8-638] synthesizing module 'BIBUF' [C:/Xilinx/Vivado/2017.3/scripts/rt/data/unisim_comp.v:268]
INFO: [Synth 8-256] done synthesizing module 'BIBUF' (2#1) [C:/Xilinx/Vivado/2017.3/scripts/rt/data/unisim_comp.v:268]
INFO: [Synth 8-638] synthesizing module 'PS7' [C:/Xilinx/Vivado/2017.3/scripts/rt/data/unisim_comp.v:40559]
INFO: [Synth 8-256] done synthesizing module 'PS7' (3#1) [C:/Xilinx/Vivado/2017.3/scripts/rt/data/unisim_comp.v:40559]
INFO: [Synth 8-256] done synthesizing module 'processing_system7_v5_5_processing_system7' (4#1) [c:/Users/dell_/bram_comm_2/bram_comm_2.srcs/sources_1/bd/soc/ip/soc_processing_system7_0_0/hdl/verilog/processing_system7_v5_5_processing_system7.v:162]
INFO: [Synth 8-256] done synthesizing module 'soc_processing_system7_0_0' (5#1) [c:/Users/dell_/bram_comm_2/bram_comm_2.srcs/sources_1/bd/soc/ip/soc_processing_system7_0_0/synth/soc_processing_system7_0_0.v:60]
Finished RTL Elaboration : Time (s): cpu = 00:00:09 ; elapsed = 00:00:11 . Memory (MB): peak = 457.797 ; gain = 142.902
Finished RTL Optimization Phase 1 : Time (s): cpu = 00:00:09 ; elapsed = 00:00:12 . Memory (MB): peak = 457.797 ; gain = 142.902
INFO: [Device 21-403] Loading part xc7z045ffg900-2
Constraint Validation Runtime : Time (s): cpu = 00:00:00 ; elapsed = 00:00:00.090 . Memory (MB): peak = 772.348 ; gain = 0.000
Finished Constraint Validation : Time (s): cpu = 00:00:25 ; elapsed = 00:00:35 . Memory (MB): peak = 772.348 ; gain = 457.453
Finished Loading Part and Timing Information : Time (s): cpu = 00:00:25 ; elapsed = 00:00:35 . Memory (MB): peak = 772.348 ; gain = 457.453
Finished applying 'set_property' XDC Constraints : Time (s): cpu = 00:00:25 ; elapsed = 00:00:36 . Memory (MB): peak = 772.348 ; gain = 457.453
Finished RTL Optimization Phase 2 : Time (s): cpu = 00:00:26 ; elapsed = 00:00:37 . Memory (MB): peak = 772.348 ; gain = 457.453
Finished Cross Boundary and Area Optimization : Time (s): cpu = 00:00:27 ; elapsed = 00:00:38 . Memory (MB): peak = 772.348 ; gain = 457.453
Finished Applying XDC Timing Constraints : Time (s): cpu = 00:00:38 ; elapsed = 00:00:52 . Memory (MB): peak = 971.703 ; gain = 656.809
Finished Timing Optimization : Time (s): cpu = 00:00:38 ; elapsed = 00:00:52 . Memory (MB): peak = 988.801 ; gain = 673.906
Finished Technology Mapping : Time (s): cpu = 00:00:39 ; elapsed = 00:00:53 . Memory (MB): peak = 991.867 ; gain = 676.973
Finished IO Insertion : Time (s): cpu = 00:00:41 ; elapsed = 00:00:55 . Memory (MB): peak = 991.867 ; gain = 676.973
Finished Renaming Generated Instances : Time (s): cpu = 00:00:41 ; elapsed = 00:00:55 . Memory (MB): peak = 991.867 ; gain = 676.973
Finished Rebuilding User Hierarchy : Time (s): cpu = 00:00:41 ; elapsed = 00:00:55 . Memory (MB): peak = 991.867 ; gain = 676.973
Finished Renaming Generated Ports : Time (s): cpu = 00:00:41 ; elapsed = 00:00:55 . Memory (MB): peak = 991.867 ; gain = 676.973
Finished Handling Custom Attributes : Time (s): cpu = 00:00:41 ; elapsed = 00:00:55 . Memory (MB): peak = 991.867 ; gain = 676.973
Finished Renaming Generated Nets : Time (s): cpu = 00:00:41 ; elapsed = 00:00:55 . Memory (MB): peak = 991.867 ; gain = 676.973

Report Cell Usage: 
+------+------+------+
|      |Cell  |Count |
+------+------+------+
|1     |BIBUF |   130|
|2     |BUFG  |     1|
|3     |LUT1  |   112|
|4     |PS7   |     1|
+------+------+------+
Finished Writing Synthesis Report : Time (s): cpu = 00:00:41 ; elapsed = 00:00:55 . Memory (MB): peak = 991.867 ; gain = 676.973
synth_design: Time (s): cpu = 00:00:42 ; elapsed = 00:00:58 . Memory (MB): peak = 1013.719 ; gain = 707.215
