
*** Running vivado
    with args -log soc_c_counter_binary_0_2.vds -m64 -product Vivado -mode batch -messageDb vivado.pb -notrace -source soc_c_counter_binary_0_2.tcl


****** Vivado v2017.3 (64-bit)
  **** SW Build 2018833 on Wed Oct  4 19:58:22 MDT 2017
  **** IP Build 2016188 on Wed Oct  4 21:52:56 MDT 2017
    ** Copyright 1986-2017 Xilinx, Inc. All Rights Reserved.

source soc_c_counter_binary_0_2.tcl -notrace
Starting RTL Elaboration : Time (s): cpu = 00:00:09 ; elapsed = 00:00:11 . Memory (MB): peak = 405.918 ; gain = 98.977
INFO: [Synth 8-638] synthesizing module 'soc_c_counter_binary_0_2' [c:/Users/dell_/bram_comm_2/bram_comm_2.srcs/sources_1/bd/soc/ip/soc_c_counter_binary_0_2/synth/soc_c_counter_binary_0_2.vhd:68]
INFO: [Synth 8-256] done synthesizing module 'soc_c_counter_binary_0_2' (8#1) [c:/Users/dell_/bram_comm_2/bram_comm_2.srcs/sources_1/bd/soc/ip/soc_c_counter_binary_0_2/synth/soc_c_counter_binary_0_2.vhd:68]
Finished RTL Elaboration : Time (s): cpu = 00:00:12 ; elapsed = 00:00:15 . Memory (MB): peak = 457.094 ; gain = 150.152
Finished RTL Optimization Phase 1 : Time (s): cpu = 00:00:12 ; elapsed = 00:00:16 . Memory (MB): peak = 457.094 ; gain = 150.152
INFO: [Device 21-403] Loading part xc7z045ffg900-2
Constraint Validation Runtime : Time (s): cpu = 00:00:00 ; elapsed = 00:00:00.013 . Memory (MB): peak = 770.387 ; gain = 0.000
Finished Constraint Validation : Time (s): cpu = 00:00:26 ; elapsed = 00:00:35 . Memory (MB): peak = 770.387 ; gain = 463.445
Finished Loading Part and Timing Information : Time (s): cpu = 00:00:26 ; elapsed = 00:00:35 . Memory (MB): peak = 770.387 ; gain = 463.445
Finished applying 'set_property' XDC Constraints : Time (s): cpu = 00:00:26 ; elapsed = 00:00:35 . Memory (MB): peak = 770.387 ; gain = 463.445
Finished RTL Optimization Phase 2 : Time (s): cpu = 00:00:26 ; elapsed = 00:00:35 . Memory (MB): peak = 770.387 ; gain = 463.445
Finished Cross Boundary and Area Optimization : Time (s): cpu = 00:00:27 ; elapsed = 00:00:36 . Memory (MB): peak = 770.387 ; gain = 463.445
Finished Applying XDC Timing Constraints : Time (s): cpu = 00:00:37 ; elapsed = 00:00:49 . Memory (MB): peak = 791.703 ; gain = 484.762
Finished Timing Optimization : Time (s): cpu = 00:00:37 ; elapsed = 00:00:49 . Memory (MB): peak = 791.703 ; gain = 484.762
Finished Technology Mapping : Time (s): cpu = 00:00:37 ; elapsed = 00:00:49 . Memory (MB): peak = 802.848 ; gain = 495.906
Finished IO Insertion : Time (s): cpu = 00:00:38 ; elapsed = 00:00:50 . Memory (MB): peak = 802.848 ; gain = 495.906
Finished Renaming Generated Instances : Time (s): cpu = 00:00:38 ; elapsed = 00:00:50 . Memory (MB): peak = 802.848 ; gain = 495.906
Finished Rebuilding User Hierarchy : Time (s): cpu = 00:00:38 ; elapsed = 00:00:50 . Memory (MB): peak = 802.848 ; gain = 495.906
Finished Renaming Generated Ports : Time (s): cpu = 00:00:38 ; elapsed = 00:00:50 . Memory (MB): peak = 802.848 ; gain = 495.906
Finished Handling Custom Attributes : Time (s): cpu = 00:00:38 ; elapsed = 00:00:50 . Memory (MB): peak = 802.848 ; gain = 495.906
Finished Renaming Generated Nets : Time (s): cpu = 00:00:38 ; elapsed = 00:00:50 . Memory (MB): peak = 802.848 ; gain = 495.906

Report Cell Usage: 
+------+------+------+
|      |Cell  |Count |
+------+------+------+
|1     |LUT1  |     1|
|2     |MUXCY |     1|
|3     |XORCY |     2|
|4     |FDRE  |     2|
+------+------+------+
Finished Writing Synthesis Report : Time (s): cpu = 00:00:38 ; elapsed = 00:00:50 . Memory (MB): peak = 802.848 ; gain = 495.906
synth_design: Time (s): cpu = 00:00:39 ; elapsed = 00:00:53 . Memory (MB): peak = 820.723 ; gain = 522.617
