
*** Running vivado
    with args -log soc_xlslice_0_12.vds -m64 -product Vivado -mode batch -messageDb vivado.pb -notrace -source soc_xlslice_0_12.tcl


****** Vivado v2017.3 (64-bit)
  **** SW Build 2018833 on Wed Oct  4 19:58:22 MDT 2017
  **** IP Build 2016188 on Wed Oct  4 21:52:56 MDT 2017
    ** Copyright 1986-2017 Xilinx, Inc. All Rights Reserved.

source soc_xlslice_0_12.tcl -notrace
Starting RTL Elaboration : Time (s): cpu = 00:00:09 ; elapsed = 00:00:09 . Memory (MB): peak = 405.438 ; gain = 97.594
INFO: [Synth 8-638] synthesizing module 'soc_xlslice_0_12' [c:/Users/dell_/bram_comm_2/bram_comm_2.srcs/sources_1/bd/soc/ip/soc_xlslice_0_12/synth/soc_xlslice_0_12.v:57]
INFO: [Synth 8-638] synthesizing module 'xlslice_v1_0_1_xlslice' [c:/Users/dell_/bram_comm_2/bram_comm_2.srcs/sources_1/bd/soc/ipshared/f3db/hdl/xlslice_v1_0_vl_rfs.v:13]
INFO: [Synth 8-256] done synthesizing module 'xlslice_v1_0_1_xlslice' (1#1) [c:/Users/dell_/bram_comm_2/bram_comm_2.srcs/sources_1/bd/soc/ipshared/f3db/hdl/xlslice_v1_0_vl_rfs.v:13]
INFO: [Synth 8-256] done synthesizing module 'soc_xlslice_0_12' (2#1) [c:/Users/dell_/bram_comm_2/bram_comm_2.srcs/sources_1/bd/soc/ip/soc_xlslice_0_12/synth/soc_xlslice_0_12.v:57]
Finished RTL Elaboration : Time (s): cpu = 00:00:10 ; elapsed = 00:00:11 . Memory (MB): peak = 447.520 ; gain = 139.676
Finished RTL Optimization Phase 1 : Time (s): cpu = 00:00:10 ; elapsed = 00:00:11 . Memory (MB): peak = 447.520 ; gain = 139.676
INFO: [Device 21-403] Loading part xc7z045ffg900-2
Constraint Validation Runtime : Time (s): cpu = 00:00:00 ; elapsed = 00:00:00.023 . Memory (MB): peak = 739.059 ; gain = 0.000
Finished Constraint Validation : Time (s): cpu = 00:00:28 ; elapsed = 00:00:31 . Memory (MB): peak = 739.059 ; gain = 431.215
Finished Loading Part and Timing Information : Time (s): cpu = 00:00:28 ; elapsed = 00:00:31 . Memory (MB): peak = 739.059 ; gain = 431.215
Finished applying 'set_property' XDC Constraints : Time (s): cpu = 00:00:28 ; elapsed = 00:00:31 . Memory (MB): peak = 739.059 ; gain = 431.215
Finished RTL Optimization Phase 2 : Time (s): cpu = 00:00:28 ; elapsed = 00:00:31 . Memory (MB): peak = 739.059 ; gain = 431.215
Finished Cross Boundary and Area Optimization : Time (s): cpu = 00:00:29 ; elapsed = 00:00:32 . Memory (MB): peak = 739.059 ; gain = 431.215
Finished Applying XDC Timing Constraints : Time (s): cpu = 00:00:43 ; elapsed = 00:00:47 . Memory (MB): peak = 770.262 ; gain = 462.418
Finished Timing Optimization : Time (s): cpu = 00:00:43 ; elapsed = 00:00:47 . Memory (MB): peak = 770.262 ; gain = 462.418
Finished Technology Mapping : Time (s): cpu = 00:00:43 ; elapsed = 00:00:47 . Memory (MB): peak = 781.406 ; gain = 473.563
Finished IO Insertion : Time (s): cpu = 00:00:45 ; elapsed = 00:00:48 . Memory (MB): peak = 781.406 ; gain = 473.563
Finished Renaming Generated Instances : Time (s): cpu = 00:00:45 ; elapsed = 00:00:48 . Memory (MB): peak = 781.406 ; gain = 473.563
Finished Rebuilding User Hierarchy : Time (s): cpu = 00:00:45 ; elapsed = 00:00:48 . Memory (MB): peak = 781.406 ; gain = 473.563
Finished Renaming Generated Ports : Time (s): cpu = 00:00:45 ; elapsed = 00:00:48 . Memory (MB): peak = 781.406 ; gain = 473.563
Finished Handling Custom Attributes : Time (s): cpu = 00:00:45 ; elapsed = 00:00:48 . Memory (MB): peak = 781.406 ; gain = 473.563
Finished Renaming Generated Nets : Time (s): cpu = 00:00:45 ; elapsed = 00:00:48 . Memory (MB): peak = 781.406 ; gain = 473.563

Report Cell Usage: 
+-+-----+------+
| |Cell |Count |
+-+-----+------+
+-+-----+------+
Finished Writing Synthesis Report : Time (s): cpu = 00:00:45 ; elapsed = 00:00:48 . Memory (MB): peak = 781.406 ; gain = 473.563
synth_design: Time (s): cpu = 00:00:47 ; elapsed = 00:00:52 . Memory (MB): peak = 803.258 ; gain = 504.438
