
*** Running vivado
    with args -log soc_xlconstant_0_7.vds -m64 -product Vivado -mode batch -messageDb vivado.pb -notrace -source soc_xlconstant_0_7.tcl


****** Vivado v2017.3 (64-bit)
  **** SW Build 2018833 on Wed Oct  4 19:58:22 MDT 2017
  **** IP Build 2016188 on Wed Oct  4 21:52:56 MDT 2017
    ** Copyright 1986-2017 Xilinx, Inc. All Rights Reserved.

source soc_xlconstant_0_7.tcl -notrace
Starting RTL Elaboration : Time (s): cpu = 00:00:08 ; elapsed = 00:00:11 . Memory (MB): peak = 407.207 ; gain = 99.586
INFO: [Synth 8-638] synthesizing module 'soc_xlconstant_0_7' [c:/Users/dell_/Documents/vivado_zncc/bram_comm_2/bram_comm_2.srcs/sources_1/bd/soc/ip/soc_xlconstant_0_7/synth/soc_xlconstant_0_7.v:57]
INFO: [Synth 8-638] synthesizing module 'xlconstant_v1_1_3_xlconstant' [c:/Users/dell_/Documents/vivado_zncc/bram_comm_2/bram_comm_2.srcs/sources_1/bd/soc/ipshared/0750/hdl/xlconstant_v1_1_vl_rfs.v:23]
INFO: [Synth 8-256] done synthesizing module 'xlconstant_v1_1_3_xlconstant' (1#1) [c:/Users/dell_/Documents/vivado_zncc/bram_comm_2/bram_comm_2.srcs/sources_1/bd/soc/ipshared/0750/hdl/xlconstant_v1_1_vl_rfs.v:23]
INFO: [Synth 8-256] done synthesizing module 'soc_xlconstant_0_7' (2#1) [c:/Users/dell_/Documents/vivado_zncc/bram_comm_2/bram_comm_2.srcs/sources_1/bd/soc/ip/soc_xlconstant_0_7/synth/soc_xlconstant_0_7.v:57]
Finished RTL Elaboration : Time (s): cpu = 00:00:09 ; elapsed = 00:00:12 . Memory (MB): peak = 448.293 ; gain = 140.672
Finished RTL Optimization Phase 1 : Time (s): cpu = 00:00:09 ; elapsed = 00:00:12 . Memory (MB): peak = 448.293 ; gain = 140.672
INFO: [Device 21-403] Loading part xc7z045ffg900-2
Constraint Validation Runtime : Time (s): cpu = 00:00:00 ; elapsed = 00:00:00.019 . Memory (MB): peak = 731.398 ; gain = 0.000
Finished Constraint Validation : Time (s): cpu = 00:00:24 ; elapsed = 00:00:31 . Memory (MB): peak = 731.398 ; gain = 423.777
Finished Loading Part and Timing Information : Time (s): cpu = 00:00:24 ; elapsed = 00:00:31 . Memory (MB): peak = 731.398 ; gain = 423.777
Finished applying 'set_property' XDC Constraints : Time (s): cpu = 00:00:24 ; elapsed = 00:00:31 . Memory (MB): peak = 731.398 ; gain = 423.777
Finished RTL Optimization Phase 2 : Time (s): cpu = 00:00:24 ; elapsed = 00:00:31 . Memory (MB): peak = 731.398 ; gain = 423.777
Finished Cross Boundary and Area Optimization : Time (s): cpu = 00:00:24 ; elapsed = 00:00:32 . Memory (MB): peak = 731.398 ; gain = 423.777
Finished Applying XDC Timing Constraints : Time (s): cpu = 00:00:36 ; elapsed = 00:00:47 . Memory (MB): peak = 771.949 ; gain = 464.328
Finished Timing Optimization : Time (s): cpu = 00:00:36 ; elapsed = 00:00:47 . Memory (MB): peak = 771.949 ; gain = 464.328
Finished Technology Mapping : Time (s): cpu = 00:00:36 ; elapsed = 00:00:48 . Memory (MB): peak = 782.090 ; gain = 474.469
Finished IO Insertion : Time (s): cpu = 00:00:37 ; elapsed = 00:00:49 . Memory (MB): peak = 782.090 ; gain = 474.469
Finished Renaming Generated Instances : Time (s): cpu = 00:00:37 ; elapsed = 00:00:49 . Memory (MB): peak = 782.090 ; gain = 474.469
Finished Rebuilding User Hierarchy : Time (s): cpu = 00:00:37 ; elapsed = 00:00:49 . Memory (MB): peak = 782.090 ; gain = 474.469
Finished Renaming Generated Ports : Time (s): cpu = 00:00:37 ; elapsed = 00:00:49 . Memory (MB): peak = 782.090 ; gain = 474.469
Finished Handling Custom Attributes : Time (s): cpu = 00:00:37 ; elapsed = 00:00:49 . Memory (MB): peak = 782.090 ; gain = 474.469
Finished Renaming Generated Nets : Time (s): cpu = 00:00:37 ; elapsed = 00:00:49 . Memory (MB): peak = 782.090 ; gain = 474.469

Report Cell Usage: 
+-+-----+------+
| |Cell |Count |
+-+-----+------+
+-+-----+------+
Finished Writing Synthesis Report : Time (s): cpu = 00:00:37 ; elapsed = 00:00:49 . Memory (MB): peak = 782.090 ; gain = 474.469
synth_design: Time (s): cpu = 00:00:39 ; elapsed = 00:00:52 . Memory (MB): peak = 808.008 ; gain = 508.094
