
*** Running vivado
    with args -log soc_xlslice_0_13.vds -m64 -product Vivado -mode batch -messageDb vivado.pb -notrace -source soc_xlslice_0_13.tcl


****** Vivado v2017.3 (64-bit)
  **** SW Build 2018833 on Wed Oct  4 19:58:22 MDT 2017
  **** IP Build 2016188 on Wed Oct  4 21:52:56 MDT 2017
    ** Copyright 1986-2017 Xilinx, Inc. All Rights Reserved.

source soc_xlslice_0_13.tcl -notrace
Starting RTL Elaboration : Time (s): cpu = 00:00:07 ; elapsed = 00:00:08 . Memory (MB): peak = 407.652 ; gain = 99.414
INFO: [Synth 8-638] synthesizing module 'soc_xlslice_0_13' [c:/Users/dell_/Documents/vivado_zncc/bram_comm_2/bram_comm_2.srcs/sources_1/bd/soc/ip/soc_xlslice_0_13/synth/soc_xlslice_0_13.v:57]
INFO: [Synth 8-638] synthesizing module 'xlslice_v1_0_1_xlslice' [c:/Users/dell_/Documents/vivado_zncc/bram_comm_2/bram_comm_2.srcs/sources_1/bd/soc/ipshared/f3db/hdl/xlslice_v1_0_vl_rfs.v:13]
INFO: [Synth 8-256] done synthesizing module 'xlslice_v1_0_1_xlslice' (1#1) [c:/Users/dell_/Documents/vivado_zncc/bram_comm_2/bram_comm_2.srcs/sources_1/bd/soc/ipshared/f3db/hdl/xlslice_v1_0_vl_rfs.v:13]
INFO: [Synth 8-256] done synthesizing module 'soc_xlslice_0_13' (2#1) [c:/Users/dell_/Documents/vivado_zncc/bram_comm_2/bram_comm_2.srcs/sources_1/bd/soc/ip/soc_xlslice_0_13/synth/soc_xlslice_0_13.v:57]
Finished RTL Elaboration : Time (s): cpu = 00:00:08 ; elapsed = 00:00:09 . Memory (MB): peak = 449.109 ; gain = 140.871
Finished RTL Optimization Phase 1 : Time (s): cpu = 00:00:08 ; elapsed = 00:00:10 . Memory (MB): peak = 449.109 ; gain = 140.871
INFO: [Device 21-403] Loading part xc7z045ffg900-2
Constraint Validation Runtime : Time (s): cpu = 00:00:00 ; elapsed = 00:00:00.010 . Memory (MB): peak = 741.188 ; gain = 0.000
Finished Constraint Validation : Time (s): cpu = 00:00:23 ; elapsed = 00:00:27 . Memory (MB): peak = 741.188 ; gain = 432.949
Finished Loading Part and Timing Information : Time (s): cpu = 00:00:23 ; elapsed = 00:00:27 . Memory (MB): peak = 741.188 ; gain = 432.949
Finished applying 'set_property' XDC Constraints : Time (s): cpu = 00:00:23 ; elapsed = 00:00:27 . Memory (MB): peak = 741.188 ; gain = 432.949
Finished RTL Optimization Phase 2 : Time (s): cpu = 00:00:23 ; elapsed = 00:00:27 . Memory (MB): peak = 741.188 ; gain = 432.949
Finished Cross Boundary and Area Optimization : Time (s): cpu = 00:00:24 ; elapsed = 00:00:27 . Memory (MB): peak = 741.188 ; gain = 432.949
Finished Applying XDC Timing Constraints : Time (s): cpu = 00:00:35 ; elapsed = 00:00:41 . Memory (MB): peak = 772.566 ; gain = 464.328
Finished Timing Optimization : Time (s): cpu = 00:00:35 ; elapsed = 00:00:41 . Memory (MB): peak = 772.566 ; gain = 464.328
Finished Technology Mapping : Time (s): cpu = 00:00:35 ; elapsed = 00:00:41 . Memory (MB): peak = 782.707 ; gain = 474.469
Finished IO Insertion : Time (s): cpu = 00:00:36 ; elapsed = 00:00:43 . Memory (MB): peak = 782.707 ; gain = 474.469
Finished Renaming Generated Instances : Time (s): cpu = 00:00:36 ; elapsed = 00:00:43 . Memory (MB): peak = 782.707 ; gain = 474.469
Finished Rebuilding User Hierarchy : Time (s): cpu = 00:00:36 ; elapsed = 00:00:43 . Memory (MB): peak = 782.707 ; gain = 474.469
Finished Renaming Generated Ports : Time (s): cpu = 00:00:36 ; elapsed = 00:00:43 . Memory (MB): peak = 782.707 ; gain = 474.469
Finished Handling Custom Attributes : Time (s): cpu = 00:00:36 ; elapsed = 00:00:43 . Memory (MB): peak = 782.707 ; gain = 474.469
Finished Renaming Generated Nets : Time (s): cpu = 00:00:36 ; elapsed = 00:00:43 . Memory (MB): peak = 782.707 ; gain = 474.469

Report Cell Usage: 
+-+-----+------+
| |Cell |Count |
+-+-----+------+
+-+-----+------+
Finished Writing Synthesis Report : Time (s): cpu = 00:00:36 ; elapsed = 00:00:43 . Memory (MB): peak = 782.707 ; gain = 474.469
synth_design: Time (s): cpu = 00:00:38 ; elapsed = 00:00:45 . Memory (MB): peak = 804.559 ; gain = 503.590
