
*** Running vivado
    with args -log soc_c_shift_ram_0_2.vds -m64 -product Vivado -mode batch -messageDb vivado.pb -notrace -source soc_c_shift_ram_0_2.tcl


****** Vivado v2017.3 (64-bit)
  **** SW Build 2018833 on Wed Oct  4 19:58:22 MDT 2017
  **** IP Build 2016188 on Wed Oct  4 21:52:56 MDT 2017
    ** Copyright 1986-2017 Xilinx, Inc. All Rights Reserved.

source soc_c_shift_ram_0_2.tcl -notrace
Starting RTL Elaboration : Time (s): cpu = 00:00:07 ; elapsed = 00:00:09 . Memory (MB): peak = 406.637 ; gain = 98.859
INFO: [Synth 8-638] synthesizing module 'soc_c_shift_ram_0_2' [c:/Users/dell_/bram_comm_2/bram_comm_2.srcs/sources_1/bd/soc/ip/soc_c_shift_ram_0_2/synth/soc_c_shift_ram_0_2.vhd:69]
INFO: [Synth 8-256] done synthesizing module 'soc_c_shift_ram_0_2' (5#1) [c:/Users/dell_/bram_comm_2/bram_comm_2.srcs/sources_1/bd/soc/ip/soc_c_shift_ram_0_2/synth/soc_c_shift_ram_0_2.vhd:69]
Finished RTL Elaboration : Time (s): cpu = 00:00:10 ; elapsed = 00:00:12 . Memory (MB): peak = 455.355 ; gain = 147.578
Finished RTL Optimization Phase 1 : Time (s): cpu = 00:00:10 ; elapsed = 00:00:13 . Memory (MB): peak = 455.355 ; gain = 147.578
INFO: [Device 21-403] Loading part xc7z045ffg900-2
Constraint Validation Runtime : Time (s): cpu = 00:00:00 ; elapsed = 00:00:00.029 . Memory (MB): peak = 803.969 ; gain = 0.000
Finished Constraint Validation : Time (s): cpu = 00:00:24 ; elapsed = 00:00:29 . Memory (MB): peak = 803.969 ; gain = 496.191
Finished Loading Part and Timing Information : Time (s): cpu = 00:00:24 ; elapsed = 00:00:29 . Memory (MB): peak = 803.969 ; gain = 496.191
Finished applying 'set_property' XDC Constraints : Time (s): cpu = 00:00:24 ; elapsed = 00:00:29 . Memory (MB): peak = 803.969 ; gain = 496.191
Finished RTL Optimization Phase 2 : Time (s): cpu = 00:00:24 ; elapsed = 00:00:29 . Memory (MB): peak = 803.969 ; gain = 496.191
Finished Cross Boundary and Area Optimization : Time (s): cpu = 00:00:25 ; elapsed = 00:00:30 . Memory (MB): peak = 803.969 ; gain = 496.191
Finished Applying XDC Timing Constraints : Time (s): cpu = 00:00:35 ; elapsed = 00:00:41 . Memory (MB): peak = 803.969 ; gain = 496.191
Finished Timing Optimization : Time (s): cpu = 00:00:35 ; elapsed = 00:00:41 . Memory (MB): peak = 803.969 ; gain = 496.191
Finished Technology Mapping : Time (s): cpu = 00:00:35 ; elapsed = 00:00:41 . Memory (MB): peak = 803.969 ; gain = 496.191
Finished IO Insertion : Time (s): cpu = 00:00:36 ; elapsed = 00:00:42 . Memory (MB): peak = 803.969 ; gain = 496.191
Finished Renaming Generated Instances : Time (s): cpu = 00:00:36 ; elapsed = 00:00:42 . Memory (MB): peak = 803.969 ; gain = 496.191
Finished Rebuilding User Hierarchy : Time (s): cpu = 00:00:36 ; elapsed = 00:00:42 . Memory (MB): peak = 803.969 ; gain = 496.191
Finished Renaming Generated Ports : Time (s): cpu = 00:00:36 ; elapsed = 00:00:42 . Memory (MB): peak = 803.969 ; gain = 496.191
Finished Handling Custom Attributes : Time (s): cpu = 00:00:36 ; elapsed = 00:00:42 . Memory (MB): peak = 803.969 ; gain = 496.191
Finished Renaming Generated Nets : Time (s): cpu = 00:00:36 ; elapsed = 00:00:42 . Memory (MB): peak = 803.969 ; gain = 496.191

Report Cell Usage: 
+------+-----+------+
|      |Cell |Count |
+------+-----+------+
|1     |FDRE |    17|
+------+-----+------+
Finished Writing Synthesis Report : Time (s): cpu = 00:00:36 ; elapsed = 00:00:42 . Memory (MB): peak = 803.969 ; gain = 496.191
synth_design: Time (s): cpu = 00:00:38 ; elapsed = 00:00:47 . Memory (MB): peak = 807.012 ; gain = 507.879
