
*** Running vivado
    with args -log soc_xbip_dsp48_macro_0_2.vds -m64 -product Vivado -mode batch -messageDb vivado.pb -notrace -source soc_xbip_dsp48_macro_0_2.tcl


****** Vivado v2017.3 (64-bit)
  **** SW Build 2018833 on Wed Oct  4 19:58:22 MDT 2017
  **** IP Build 2016188 on Wed Oct  4 21:52:56 MDT 2017
    ** Copyright 1986-2017 Xilinx, Inc. All Rights Reserved.

source soc_xbip_dsp48_macro_0_2.tcl -notrace
Starting RTL Elaboration : Time (s): cpu = 00:00:08 ; elapsed = 00:00:10 . Memory (MB): peak = 406.727 ; gain = 99.477
INFO: [Synth 8-638] synthesizing module 'soc_xbip_dsp48_macro_0_2' [c:/Users/dell_/bram_comm_2/bram_comm_2.srcs/sources_1/bd/soc/ip/soc_xbip_dsp48_macro_0_2/synth/soc_xbip_dsp48_macro_0_2.vhd:70]
INFO: [Synth 8-256] done synthesizing module 'soc_xbip_dsp48_macro_0_2' (6#1) [c:/Users/dell_/bram_comm_2/bram_comm_2.srcs/sources_1/bd/soc/ip/soc_xbip_dsp48_macro_0_2/synth/soc_xbip_dsp48_macro_0_2.vhd:70]
Finished RTL Elaboration : Time (s): cpu = 00:00:10 ; elapsed = 00:00:13 . Memory (MB): peak = 454.801 ; gain = 147.551
Finished RTL Optimization Phase 1 : Time (s): cpu = 00:00:10 ; elapsed = 00:00:13 . Memory (MB): peak = 454.801 ; gain = 147.551
INFO: [Device 21-403] Loading part xc7z045ffg900-2
Constraint Validation Runtime : Time (s): cpu = 00:00:00 ; elapsed = 00:00:00.032 . Memory (MB): peak = 753.949 ; gain = 0.000
Finished Constraint Validation : Time (s): cpu = 00:00:25 ; elapsed = 00:00:32 . Memory (MB): peak = 753.949 ; gain = 446.699
Finished Loading Part and Timing Information : Time (s): cpu = 00:00:25 ; elapsed = 00:00:32 . Memory (MB): peak = 753.949 ; gain = 446.699
Finished applying 'set_property' XDC Constraints : Time (s): cpu = 00:00:25 ; elapsed = 00:00:32 . Memory (MB): peak = 753.949 ; gain = 446.699
Finished RTL Optimization Phase 2 : Time (s): cpu = 00:00:26 ; elapsed = 00:00:32 . Memory (MB): peak = 753.949 ; gain = 446.699
Finished Cross Boundary and Area Optimization : Time (s): cpu = 00:00:26 ; elapsed = 00:00:32 . Memory (MB): peak = 753.949 ; gain = 446.699
Finished Applying XDC Timing Constraints : Time (s): cpu = 00:00:42 ; elapsed = 00:00:50 . Memory (MB): peak = 819.355 ; gain = 512.105
Finished Timing Optimization : Time (s): cpu = 00:00:42 ; elapsed = 00:00:50 . Memory (MB): peak = 819.355 ; gain = 512.105
Finished Technology Mapping : Time (s): cpu = 00:00:42 ; elapsed = 00:00:50 . Memory (MB): peak = 831.500 ; gain = 524.250
Finished IO Insertion : Time (s): cpu = 00:00:43 ; elapsed = 00:00:52 . Memory (MB): peak = 831.500 ; gain = 524.250
Finished Renaming Generated Instances : Time (s): cpu = 00:00:43 ; elapsed = 00:00:52 . Memory (MB): peak = 831.500 ; gain = 524.250
Finished Rebuilding User Hierarchy : Time (s): cpu = 00:00:43 ; elapsed = 00:00:52 . Memory (MB): peak = 831.500 ; gain = 524.250
Finished Renaming Generated Ports : Time (s): cpu = 00:00:43 ; elapsed = 00:00:52 . Memory (MB): peak = 831.500 ; gain = 524.250
Finished Handling Custom Attributes : Time (s): cpu = 00:00:43 ; elapsed = 00:00:52 . Memory (MB): peak = 831.500 ; gain = 524.250
Finished Renaming Generated Nets : Time (s): cpu = 00:00:43 ; elapsed = 00:00:52 . Memory (MB): peak = 831.500 ; gain = 524.250

Report Cell Usage: 
+------+--------+------+
|      |Cell    |Count |
+------+--------+------+
|1     |DSP48E1 |     1|
+------+--------+------+
Finished Writing Synthesis Report : Time (s): cpu = 00:00:43 ; elapsed = 00:00:52 . Memory (MB): peak = 831.500 ; gain = 524.250
synth_design: Time (s): cpu = 00:00:45 ; elapsed = 00:00:55 . Memory (MB): peak = 831.500 ; gain = 533.332
