
*** Running vivado
    with args -log soc_div_gen_0_3.vds -m64 -product Vivado -mode batch -messageDb vivado.pb -notrace -source soc_div_gen_0_3.tcl


****** Vivado v2017.3 (64-bit)
  **** SW Build 2018833 on Wed Oct  4 19:58:22 MDT 2017
  **** IP Build 2016188 on Wed Oct  4 21:52:56 MDT 2017
    ** Copyright 1986-2017 Xilinx, Inc. All Rights Reserved.

source soc_div_gen_0_3.tcl -notrace
Starting RTL Elaboration : Time (s): cpu = 00:00:10 ; elapsed = 00:00:11 . Memory (MB): peak = 410.086 ; gain = 100.867
INFO: [Synth 8-638] synthesizing module 'soc_div_gen_0_3' [c:/Users/dell_/Documents/vivado_zncc/bram_comm_2/bram_comm_2.srcs/sources_1/bd/soc/ip/soc_div_gen_0_3/synth/soc_div_gen_0_3.vhd:73]
INFO: [Synth 8-256] done synthesizing module 'soc_div_gen_0_3' (35#1) [c:/Users/dell_/Documents/vivado_zncc/bram_comm_2/bram_comm_2.srcs/sources_1/bd/soc/ip/soc_div_gen_0_3/synth/soc_div_gen_0_3.vhd:73]
Finished RTL Elaboration : Time (s): cpu = 00:00:42 ; elapsed = 00:00:50 . Memory (MB): peak = 569.457 ; gain = 260.238
Finished RTL Optimization Phase 1 : Time (s): cpu = 00:00:43 ; elapsed = 00:00:50 . Memory (MB): peak = 569.457 ; gain = 260.238
INFO: [Device 21-403] Loading part xc7z045ffg900-2
Constraint Validation Runtime : Time (s): cpu = 00:00:01 ; elapsed = 00:00:00.133 . Memory (MB): peak = 859.523 ; gain = 0.000
Finished Constraint Validation : Time (s): cpu = 00:01:02 ; elapsed = 00:01:13 . Memory (MB): peak = 859.523 ; gain = 550.305
Finished Loading Part and Timing Information : Time (s): cpu = 00:01:02 ; elapsed = 00:01:13 . Memory (MB): peak = 859.523 ; gain = 550.305
Finished applying 'set_property' XDC Constraints : Time (s): cpu = 00:01:02 ; elapsed = 00:01:13 . Memory (MB): peak = 859.523 ; gain = 550.305
Finished RTL Optimization Phase 2 : Time (s): cpu = 00:01:05 ; elapsed = 00:01:16 . Memory (MB): peak = 859.523 ; gain = 550.305
Finished Cross Boundary and Area Optimization : Time (s): cpu = 00:01:09 ; elapsed = 00:01:20 . Memory (MB): peak = 859.523 ; gain = 550.305
Finished Applying XDC Timing Constraints : Time (s): cpu = 00:01:25 ; elapsed = 00:01:38 . Memory (MB): peak = 875.246 ; gain = 566.027
Finished Timing Optimization : Time (s): cpu = 00:01:26 ; elapsed = 00:01:39 . Memory (MB): peak = 891.402 ; gain = 582.184
Finished Technology Mapping : Time (s): cpu = 00:01:28 ; elapsed = 00:01:41 . Memory (MB): peak = 910.129 ; gain = 600.910
Finished IO Insertion : Time (s): cpu = 00:01:29 ; elapsed = 00:01:43 . Memory (MB): peak = 910.129 ; gain = 600.910
Finished Renaming Generated Instances : Time (s): cpu = 00:01:29 ; elapsed = 00:01:43 . Memory (MB): peak = 910.129 ; gain = 600.910
Finished Rebuilding User Hierarchy : Time (s): cpu = 00:01:30 ; elapsed = 00:01:44 . Memory (MB): peak = 910.129 ; gain = 600.910
Finished Renaming Generated Ports : Time (s): cpu = 00:01:30 ; elapsed = 00:01:44 . Memory (MB): peak = 910.129 ; gain = 600.910
Finished Handling Custom Attributes : Time (s): cpu = 00:01:30 ; elapsed = 00:01:44 . Memory (MB): peak = 910.129 ; gain = 600.910
Finished Renaming Generated Nets : Time (s): cpu = 00:01:30 ; elapsed = 00:01:44 . Memory (MB): peak = 910.129 ; gain = 600.910

Report Cell Usage: 
+------+----------+------+
|      |Cell      |Count |
+------+----------+------+
|1     |CARRY4    |    64|
|2     |DSP48E1   |     1|
|3     |DSP48E1_1 |     3|
|4     |DSP48E1_2 |     8|
|5     |DSP48E1_3 |     9|
|6     |LUT1      |   103|
|7     |LUT2      |   254|
|8     |LUT3      |   449|
|9     |LUT4      |   139|
|10    |LUT5      |   262|
|11    |LUT6      |   313|
|12    |MUXCY     |   145|
|13    |MUXF7     |    16|
|14    |MUXF8     |     8|
|15    |RAMB16    |     1|
|16    |SRL16E    |   368|
|17    |SRLC32E   |     2|
|18    |XORCY     |   128|
|19    |FDE       |    16|
|20    |FDRE      |  2595|
|21    |FDSE      |    31|
+------+----------+------+
Finished Writing Synthesis Report : Time (s): cpu = 00:01:30 ; elapsed = 00:01:44 . Memory (MB): peak = 910.129 ; gain = 600.910
synth_design: Time (s): cpu = 00:01:35 ; elapsed = 00:01:49 . Memory (MB): peak = 910.129 ; gain = 609.680
