
*** Running vivado
    with args -log soc_c_shift_ram_0_8.vds -m64 -product Vivado -mode batch -messageDb vivado.pb -notrace -source soc_c_shift_ram_0_8.tcl


****** Vivado v2017.3 (64-bit)
  **** SW Build 2018833 on Wed Oct  4 19:58:22 MDT 2017
  **** IP Build 2016188 on Wed Oct  4 21:52:56 MDT 2017
    ** Copyright 1986-2017 Xilinx, Inc. All Rights Reserved.

source soc_c_shift_ram_0_8.tcl -notrace
Starting RTL Elaboration : Time (s): cpu = 00:00:09 ; elapsed = 00:00:12 . Memory (MB): peak = 407.734 ; gain = 98.742
INFO: [Synth 8-638] synthesizing module 'soc_c_shift_ram_0_8' [c:/Users/dell_/Documents/vivado_zncc/bram_comm_2/bram_comm_2.srcs/sources_1/bd/soc/ip/soc_c_shift_ram_0_8/synth/soc_c_shift_ram_0_8.vhd:69]
INFO: [Synth 8-256] done synthesizing module 'soc_c_shift_ram_0_8' (5#1) [c:/Users/dell_/Documents/vivado_zncc/bram_comm_2/bram_comm_2.srcs/sources_1/bd/soc/ip/soc_c_shift_ram_0_8/synth/soc_c_shift_ram_0_8.vhd:69]
Finished RTL Elaboration : Time (s): cpu = 00:00:12 ; elapsed = 00:00:16 . Memory (MB): peak = 456.520 ; gain = 147.527
Finished RTL Optimization Phase 1 : Time (s): cpu = 00:00:12 ; elapsed = 00:00:16 . Memory (MB): peak = 456.520 ; gain = 147.527
INFO: [Device 21-403] Loading part xc7z045ffg900-2
Constraint Validation Runtime : Time (s): cpu = 00:00:00 ; elapsed = 00:00:00.016 . Memory (MB): peak = 817.988 ; gain = 0.000
Finished Constraint Validation : Time (s): cpu = 00:00:28 ; elapsed = 00:00:36 . Memory (MB): peak = 817.988 ; gain = 508.996
Finished Loading Part and Timing Information : Time (s): cpu = 00:00:28 ; elapsed = 00:00:36 . Memory (MB): peak = 817.988 ; gain = 508.996
Finished applying 'set_property' XDC Constraints : Time (s): cpu = 00:00:28 ; elapsed = 00:00:36 . Memory (MB): peak = 817.988 ; gain = 508.996
Finished RTL Optimization Phase 2 : Time (s): cpu = 00:00:28 ; elapsed = 00:00:36 . Memory (MB): peak = 817.988 ; gain = 508.996
Finished Cross Boundary and Area Optimization : Time (s): cpu = 00:00:28 ; elapsed = 00:00:37 . Memory (MB): peak = 817.988 ; gain = 508.996
Finished Applying XDC Timing Constraints : Time (s): cpu = 00:00:39 ; elapsed = 00:00:50 . Memory (MB): peak = 817.988 ; gain = 508.996
Finished Timing Optimization : Time (s): cpu = 00:00:39 ; elapsed = 00:00:50 . Memory (MB): peak = 817.988 ; gain = 508.996
Finished Technology Mapping : Time (s): cpu = 00:00:39 ; elapsed = 00:00:50 . Memory (MB): peak = 817.988 ; gain = 508.996
Finished IO Insertion : Time (s): cpu = 00:00:41 ; elapsed = 00:00:52 . Memory (MB): peak = 817.988 ; gain = 508.996
Finished Renaming Generated Instances : Time (s): cpu = 00:00:41 ; elapsed = 00:00:52 . Memory (MB): peak = 817.988 ; gain = 508.996
Finished Rebuilding User Hierarchy : Time (s): cpu = 00:00:41 ; elapsed = 00:00:52 . Memory (MB): peak = 817.988 ; gain = 508.996
Finished Renaming Generated Ports : Time (s): cpu = 00:00:41 ; elapsed = 00:00:52 . Memory (MB): peak = 817.988 ; gain = 508.996
Finished Handling Custom Attributes : Time (s): cpu = 00:00:41 ; elapsed = 00:00:52 . Memory (MB): peak = 817.988 ; gain = 508.996
Finished Renaming Generated Nets : Time (s): cpu = 00:00:41 ; elapsed = 00:00:52 . Memory (MB): peak = 817.988 ; gain = 508.996

Report Cell Usage: 
+------+-----+------+
|      |Cell |Count |
+------+-----+------+
|1     |FDRE |     1|
|2     |FDSE |    31|
+------+-----+------+
Finished Writing Synthesis Report : Time (s): cpu = 00:00:41 ; elapsed = 00:00:52 . Memory (MB): peak = 817.988 ; gain = 508.996
synth_design: Time (s): cpu = 00:00:43 ; elapsed = 00:00:55 . Memory (MB): peak = 817.988 ; gain = 518.082
