
*** Running vivado
    with args -log soc_xbip_dsp48_macro_2_0.vds -m64 -product Vivado -mode batch -messageDb vivado.pb -notrace -source soc_xbip_dsp48_macro_2_0.tcl


****** Vivado v2017.3 (64-bit)
  **** SW Build 2018833 on Wed Oct  4 19:58:22 MDT 2017
  **** IP Build 2016188 on Wed Oct  4 21:52:56 MDT 2017
    ** Copyright 1986-2017 Xilinx, Inc. All Rights Reserved.

source soc_xbip_dsp48_macro_2_0.tcl -notrace
Starting RTL Elaboration : Time (s): cpu = 00:00:07 ; elapsed = 00:00:10 . Memory (MB): peak = 406.832 ; gain = 99.016
INFO: [Synth 8-638] synthesizing module 'soc_xbip_dsp48_macro_2_0' [c:/Users/dell_/bram_comm_2/bram_comm_2.srcs/sources_1/bd/soc/ip/soc_xbip_dsp48_macro_2_0/synth/soc_xbip_dsp48_macro_2_0.vhd:69]
INFO: [Synth 8-256] done synthesizing module 'soc_xbip_dsp48_macro_2_0' (6#1) [c:/Users/dell_/bram_comm_2/bram_comm_2.srcs/sources_1/bd/soc/ip/soc_xbip_dsp48_macro_2_0/synth/soc_xbip_dsp48_macro_2_0.vhd:69]
Finished RTL Elaboration : Time (s): cpu = 00:00:10 ; elapsed = 00:00:15 . Memory (MB): peak = 455.008 ; gain = 147.191
Finished RTL Optimization Phase 1 : Time (s): cpu = 00:00:11 ; elapsed = 00:00:16 . Memory (MB): peak = 455.008 ; gain = 147.191
INFO: [Device 21-403] Loading part xc7z045ffg900-2
Constraint Validation Runtime : Time (s): cpu = 00:00:00 ; elapsed = 00:00:00.081 . Memory (MB): peak = 743.277 ; gain = 0.000
Finished Constraint Validation : Time (s): cpu = 00:00:25 ; elapsed = 00:00:37 . Memory (MB): peak = 743.277 ; gain = 435.461
Finished Loading Part and Timing Information : Time (s): cpu = 00:00:25 ; elapsed = 00:00:37 . Memory (MB): peak = 743.277 ; gain = 435.461
Finished applying 'set_property' XDC Constraints : Time (s): cpu = 00:00:25 ; elapsed = 00:00:38 . Memory (MB): peak = 743.277 ; gain = 435.461
Finished RTL Optimization Phase 2 : Time (s): cpu = 00:00:26 ; elapsed = 00:00:38 . Memory (MB): peak = 743.277 ; gain = 435.461
Finished Cross Boundary and Area Optimization : Time (s): cpu = 00:00:26 ; elapsed = 00:00:39 . Memory (MB): peak = 743.277 ; gain = 435.461
Finished Applying XDC Timing Constraints : Time (s): cpu = 00:00:41 ; elapsed = 00:00:58 . Memory (MB): peak = 831.809 ; gain = 523.992
Finished Timing Optimization : Time (s): cpu = 00:00:41 ; elapsed = 00:00:58 . Memory (MB): peak = 831.809 ; gain = 523.992
Finished Technology Mapping : Time (s): cpu = 00:00:41 ; elapsed = 00:00:58 . Memory (MB): peak = 842.953 ; gain = 535.137
Finished IO Insertion : Time (s): cpu = 00:00:42 ; elapsed = 00:00:59 . Memory (MB): peak = 842.953 ; gain = 535.137
Finished Renaming Generated Instances : Time (s): cpu = 00:00:42 ; elapsed = 00:00:59 . Memory (MB): peak = 842.953 ; gain = 535.137
Finished Rebuilding User Hierarchy : Time (s): cpu = 00:00:42 ; elapsed = 00:00:59 . Memory (MB): peak = 842.953 ; gain = 535.137
Finished Renaming Generated Ports : Time (s): cpu = 00:00:42 ; elapsed = 00:00:59 . Memory (MB): peak = 842.953 ; gain = 535.137
Finished Handling Custom Attributes : Time (s): cpu = 00:00:42 ; elapsed = 00:00:59 . Memory (MB): peak = 842.953 ; gain = 535.137
Finished Renaming Generated Nets : Time (s): cpu = 00:00:42 ; elapsed = 00:00:59 . Memory (MB): peak = 842.953 ; gain = 535.137

Report Cell Usage: 
+------+--------+------+
|      |Cell    |Count |
+------+--------+------+
|1     |DSP48E1 |     1|
|2     |LUT2    |     1|
+------+--------+------+
Finished Writing Synthesis Report : Time (s): cpu = 00:00:42 ; elapsed = 00:00:59 . Memory (MB): peak = 842.953 ; gain = 535.137
synth_design: Time (s): cpu = 00:00:45 ; elapsed = 00:01:02 . Memory (MB): peak = 842.953 ; gain = 545.035
