
*** Running vivado
    with args -log soc_c_shift_ram_0_0.vds -m64 -product Vivado -mode batch -messageDb vivado.pb -notrace -source soc_c_shift_ram_0_0.tcl


****** Vivado v2017.3 (64-bit)
  **** SW Build 2018833 on Wed Oct  4 19:58:22 MDT 2017
  **** IP Build 2016188 on Wed Oct  4 21:52:56 MDT 2017
    ** Copyright 1986-2017 Xilinx, Inc. All Rights Reserved.

source soc_c_shift_ram_0_0.tcl -notrace
Starting RTL Elaboration : Time (s): cpu = 00:00:08 ; elapsed = 00:00:11 . Memory (MB): peak = 407.273 ; gain = 98.277
INFO: [Synth 8-638] synthesizing module 'soc_c_shift_ram_0_0' [c:/Users/dell_/bram_comm_2/bram_comm_2.srcs/sources_1/bd/soc/ip/soc_c_shift_ram_0_0/synth/soc_c_shift_ram_0_0.vhd:69]
INFO: [Synth 8-256] done synthesizing module 'soc_c_shift_ram_0_0' (5#1) [c:/Users/dell_/bram_comm_2/bram_comm_2.srcs/sources_1/bd/soc/ip/soc_c_shift_ram_0_0/synth/soc_c_shift_ram_0_0.vhd:69]
Finished RTL Elaboration : Time (s): cpu = 00:00:11 ; elapsed = 00:00:16 . Memory (MB): peak = 456.988 ; gain = 147.992
Finished RTL Optimization Phase 1 : Time (s): cpu = 00:00:11 ; elapsed = 00:00:16 . Memory (MB): peak = 456.988 ; gain = 147.992
INFO: [Device 21-403] Loading part xc7z045ffg900-2
Constraint Validation Runtime : Time (s): cpu = 00:00:00 ; elapsed = 00:00:00.020 . Memory (MB): peak = 818.477 ; gain = 0.000
Finished Constraint Validation : Time (s): cpu = 00:00:26 ; elapsed = 00:00:41 . Memory (MB): peak = 818.477 ; gain = 509.480
Finished Loading Part and Timing Information : Time (s): cpu = 00:00:26 ; elapsed = 00:00:41 . Memory (MB): peak = 818.477 ; gain = 509.480
Finished applying 'set_property' XDC Constraints : Time (s): cpu = 00:00:26 ; elapsed = 00:00:41 . Memory (MB): peak = 818.477 ; gain = 509.480
Finished RTL Optimization Phase 2 : Time (s): cpu = 00:00:26 ; elapsed = 00:00:41 . Memory (MB): peak = 818.477 ; gain = 509.480
Finished Cross Boundary and Area Optimization : Time (s): cpu = 00:00:27 ; elapsed = 00:00:42 . Memory (MB): peak = 818.477 ; gain = 509.480
Finished Applying XDC Timing Constraints : Time (s): cpu = 00:00:38 ; elapsed = 00:00:58 . Memory (MB): peak = 818.477 ; gain = 509.480
Finished Timing Optimization : Time (s): cpu = 00:00:38 ; elapsed = 00:00:58 . Memory (MB): peak = 818.477 ; gain = 509.480
Finished Technology Mapping : Time (s): cpu = 00:00:38 ; elapsed = 00:00:58 . Memory (MB): peak = 818.477 ; gain = 509.480
Finished IO Insertion : Time (s): cpu = 00:00:39 ; elapsed = 00:00:59 . Memory (MB): peak = 818.477 ; gain = 509.480
Finished Renaming Generated Instances : Time (s): cpu = 00:00:39 ; elapsed = 00:00:59 . Memory (MB): peak = 818.477 ; gain = 509.480
Finished Rebuilding User Hierarchy : Time (s): cpu = 00:00:39 ; elapsed = 00:00:59 . Memory (MB): peak = 818.477 ; gain = 509.480
Finished Renaming Generated Ports : Time (s): cpu = 00:00:39 ; elapsed = 00:00:59 . Memory (MB): peak = 818.477 ; gain = 509.480
Finished Handling Custom Attributes : Time (s): cpu = 00:00:39 ; elapsed = 00:00:59 . Memory (MB): peak = 818.477 ; gain = 509.480
Finished Renaming Generated Nets : Time (s): cpu = 00:00:39 ; elapsed = 00:00:59 . Memory (MB): peak = 818.477 ; gain = 509.480

Report Cell Usage: 
+------+-----+------+
|      |Cell |Count |
+------+-----+------+
|1     |FDRE |    32|
+------+-----+------+
Finished Writing Synthesis Report : Time (s): cpu = 00:00:39 ; elapsed = 00:00:59 . Memory (MB): peak = 818.477 ; gain = 509.480
synth_design: Time (s): cpu = 00:00:41 ; elapsed = 00:01:03 . Memory (MB): peak = 818.477 ; gain = 518.441
