
*** Running vivado
    with args -log soc_cordic_0_0.vds -m64 -product Vivado -mode batch -messageDb vivado.pb -notrace -source soc_cordic_0_0.tcl


****** Vivado v2017.3 (64-bit)
  **** SW Build 2018833 on Wed Oct  4 19:58:22 MDT 2017
  **** IP Build 2016188 on Wed Oct  4 21:52:56 MDT 2017
    ** Copyright 1986-2017 Xilinx, Inc. All Rights Reserved.

source soc_cordic_0_0.tcl -notrace
Starting RTL Elaboration : Time (s): cpu = 00:00:09 ; elapsed = 00:00:11 . Memory (MB): peak = 408.859 ; gain = 99.977
INFO: [Synth 8-638] synthesizing module 'soc_cordic_0_0' [c:/Users/dell_/bram_comm_2/bram_comm_2.srcs/sources_1/bd/soc/ip/soc_cordic_0_0/synth/soc_cordic_0_0.vhd:69]
INFO: [Synth 8-256] done synthesizing module 'soc_cordic_0_0' (14#1) [c:/Users/dell_/bram_comm_2/bram_comm_2.srcs/sources_1/bd/soc/ip/soc_cordic_0_0/synth/soc_cordic_0_0.vhd:69]
Finished RTL Elaboration : Time (s): cpu = 00:00:38 ; elapsed = 00:00:47 . Memory (MB): peak = 591.891 ; gain = 283.008
Finished RTL Optimization Phase 1 : Time (s): cpu = 00:00:38 ; elapsed = 00:00:48 . Memory (MB): peak = 591.891 ; gain = 283.008
INFO: [Device 21-403] Loading part xc7z045ffg900-2
Constraint Validation Runtime : Time (s): cpu = 00:00:00 ; elapsed = 00:00:00.046 . Memory (MB): peak = 863.375 ; gain = 0.000
Finished Constraint Validation : Time (s): cpu = 00:00:54 ; elapsed = 00:01:07 . Memory (MB): peak = 863.375 ; gain = 554.492
Finished Loading Part and Timing Information : Time (s): cpu = 00:00:54 ; elapsed = 00:01:07 . Memory (MB): peak = 863.375 ; gain = 554.492
Finished applying 'set_property' XDC Constraints : Time (s): cpu = 00:00:54 ; elapsed = 00:01:07 . Memory (MB): peak = 863.375 ; gain = 554.492
Finished RTL Optimization Phase 2 : Time (s): cpu = 00:00:57 ; elapsed = 00:01:11 . Memory (MB): peak = 863.375 ; gain = 554.492
Finished Cross Boundary and Area Optimization : Time (s): cpu = 00:00:58 ; elapsed = 00:01:13 . Memory (MB): peak = 863.375 ; gain = 554.492
Finished Applying XDC Timing Constraints : Time (s): cpu = 00:01:09 ; elapsed = 00:01:26 . Memory (MB): peak = 863.375 ; gain = 554.492
Finished Timing Optimization : Time (s): cpu = 00:01:09 ; elapsed = 00:01:26 . Memory (MB): peak = 863.375 ; gain = 554.492
Finished Technology Mapping : Time (s): cpu = 00:01:10 ; elapsed = 00:01:27 . Memory (MB): peak = 863.375 ; gain = 554.492
Finished IO Insertion : Time (s): cpu = 00:01:11 ; elapsed = 00:01:29 . Memory (MB): peak = 863.375 ; gain = 554.492
Finished Renaming Generated Instances : Time (s): cpu = 00:01:11 ; elapsed = 00:01:29 . Memory (MB): peak = 863.375 ; gain = 554.492
Finished Rebuilding User Hierarchy : Time (s): cpu = 00:01:11 ; elapsed = 00:01:29 . Memory (MB): peak = 863.375 ; gain = 554.492
Finished Renaming Generated Ports : Time (s): cpu = 00:01:11 ; elapsed = 00:01:29 . Memory (MB): peak = 863.375 ; gain = 554.492
Finished Handling Custom Attributes : Time (s): cpu = 00:01:11 ; elapsed = 00:01:29 . Memory (MB): peak = 863.375 ; gain = 554.492
Finished Renaming Generated Nets : Time (s): cpu = 00:01:11 ; elapsed = 00:01:29 . Memory (MB): peak = 863.375 ; gain = 554.492

Report Cell Usage: 
+------+--------+------+
|      |Cell    |Count |
+------+--------+------+
|1     |LUT1    |    94|
|2     |LUT2    |   301|
|3     |LUT3    |   317|
|4     |LUT4    |     2|
|5     |MUXCY   |   368|
|6     |SRL16E  |    32|
|7     |SRLC32E |    11|
|8     |XORCY   |   342|
|9     |FDRE    |   761|
+------+--------+------+
Finished Writing Synthesis Report : Time (s): cpu = 00:01:11 ; elapsed = 00:01:29 . Memory (MB): peak = 863.375 ; gain = 554.492
synth_design: Time (s): cpu = 00:01:14 ; elapsed = 00:01:34 . Memory (MB): peak = 863.375 ; gain = 563.324
