
*** Running vivado
    with args -log soc_x_0_0.vds -m64 -product Vivado -mode batch -messageDb vivado.pb -notrace -source soc_x_0_0.tcl


****** Vivado v2017.3 (64-bit)
  **** SW Build 2018833 on Wed Oct  4 19:58:22 MDT 2017
  **** IP Build 2016188 on Wed Oct  4 21:52:56 MDT 2017
    ** Copyright 1986-2017 Xilinx, Inc. All Rights Reserved.

source soc_x_0_0.tcl -notrace
Starting RTL Elaboration : Time (s): cpu = 00:00:08 ; elapsed = 00:00:12 . Memory (MB): peak = 403.441 ; gain = 97.969
INFO: [Synth 8-638] synthesizing module 'soc_x_0_0' [c:/Users/dell_/bram_comm_2/bram_comm_2.srcs/sources_1/bd/soc/ip/soc_x_0_0/synth/soc_x_0_0.v:57]
INFO: [Synth 8-638] synthesizing module 'xlslice_v1_0_1_xlslice' [c:/Users/dell_/bram_comm_2/bram_comm_2.srcs/sources_1/bd/soc/ipshared/f3db/hdl/xlslice_v1_0_vl_rfs.v:13]
INFO: [Synth 8-256] done synthesizing module 'xlslice_v1_0_1_xlslice' (1#1) [c:/Users/dell_/bram_comm_2/bram_comm_2.srcs/sources_1/bd/soc/ipshared/f3db/hdl/xlslice_v1_0_vl_rfs.v:13]
INFO: [Synth 8-256] done synthesizing module 'soc_x_0_0' (2#1) [c:/Users/dell_/bram_comm_2/bram_comm_2.srcs/sources_1/bd/soc/ip/soc_x_0_0/synth/soc_x_0_0.v:57]
Finished RTL Elaboration : Time (s): cpu = 00:00:09 ; elapsed = 00:00:14 . Memory (MB): peak = 444.523 ; gain = 139.051
Finished RTL Optimization Phase 1 : Time (s): cpu = 00:00:09 ; elapsed = 00:00:14 . Memory (MB): peak = 444.523 ; gain = 139.051
INFO: [Device 21-403] Loading part xc7z045ffg900-2
Constraint Validation Runtime : Time (s): cpu = 00:00:00 ; elapsed = 00:00:00.017 . Memory (MB): peak = 736.992 ; gain = 0.000
Finished Constraint Validation : Time (s): cpu = 00:00:25 ; elapsed = 00:00:37 . Memory (MB): peak = 736.992 ; gain = 431.520
Finished Loading Part and Timing Information : Time (s): cpu = 00:00:25 ; elapsed = 00:00:37 . Memory (MB): peak = 736.992 ; gain = 431.520
Finished applying 'set_property' XDC Constraints : Time (s): cpu = 00:00:25 ; elapsed = 00:00:37 . Memory (MB): peak = 736.992 ; gain = 431.520
Finished RTL Optimization Phase 2 : Time (s): cpu = 00:00:25 ; elapsed = 00:00:37 . Memory (MB): peak = 736.992 ; gain = 431.520
Finished Cross Boundary and Area Optimization : Time (s): cpu = 00:00:26 ; elapsed = 00:00:39 . Memory (MB): peak = 736.992 ; gain = 431.520
Finished Applying XDC Timing Constraints : Time (s): cpu = 00:00:39 ; elapsed = 00:00:56 . Memory (MB): peak = 768.246 ; gain = 462.773
Finished Timing Optimization : Time (s): cpu = 00:00:39 ; elapsed = 00:00:56 . Memory (MB): peak = 768.246 ; gain = 462.773
Finished Technology Mapping : Time (s): cpu = 00:00:39 ; elapsed = 00:00:56 . Memory (MB): peak = 778.387 ; gain = 472.914
Finished IO Insertion : Time (s): cpu = 00:00:40 ; elapsed = 00:00:58 . Memory (MB): peak = 778.387 ; gain = 472.914
Finished Renaming Generated Instances : Time (s): cpu = 00:00:40 ; elapsed = 00:00:58 . Memory (MB): peak = 778.387 ; gain = 472.914
Finished Rebuilding User Hierarchy : Time (s): cpu = 00:00:40 ; elapsed = 00:00:58 . Memory (MB): peak = 778.387 ; gain = 472.914
Finished Renaming Generated Ports : Time (s): cpu = 00:00:40 ; elapsed = 00:00:58 . Memory (MB): peak = 778.387 ; gain = 472.914
Finished Handling Custom Attributes : Time (s): cpu = 00:00:40 ; elapsed = 00:00:58 . Memory (MB): peak = 778.387 ; gain = 472.914
Finished Renaming Generated Nets : Time (s): cpu = 00:00:40 ; elapsed = 00:00:58 . Memory (MB): peak = 778.387 ; gain = 472.914

Report Cell Usage: 
+-+-----+------+
| |Cell |Count |
+-+-----+------+
+-+-----+------+
Finished Writing Synthesis Report : Time (s): cpu = 00:00:40 ; elapsed = 00:00:58 . Memory (MB): peak = 778.387 ; gain = 472.914
synth_design: Time (s): cpu = 00:00:42 ; elapsed = 00:01:01 . Memory (MB): peak = 800.238 ; gain = 503.281

*** Running vivado
    with args -log soc_x_0_0.vds -m64 -product Vivado -mode batch -messageDb vivado.pb -notrace -source soc_x_0_0.tcl


****** Vivado v2017.3 (64-bit)
  **** SW Build 2018833 on Wed Oct  4 19:58:22 MDT 2017
  **** IP Build 2016188 on Wed Oct  4 21:52:56 MDT 2017
    ** Copyright 1986-2017 Xilinx, Inc. All Rights Reserved.

source soc_x_0_0.tcl -notrace
INFO: [IP_Flow 19-4838] Using cached IP synthesis design for IP soc_x_0_0, cache-ID = 133bb55e7cac63f3.
