
*** Running vivado
    with args -log soc_xlconcat_1_4.vds -m64 -product Vivado -mode batch -messageDb vivado.pb -notrace -source soc_xlconcat_1_4.tcl


****** Vivado v2017.3 (64-bit)
  **** SW Build 2018833 on Wed Oct  4 19:58:22 MDT 2017
  **** IP Build 2016188 on Wed Oct  4 21:52:56 MDT 2017
    ** Copyright 1986-2017 Xilinx, Inc. All Rights Reserved.

source soc_xlconcat_1_4.tcl -notrace
Starting RTL Elaboration : Time (s): cpu = 00:00:08 ; elapsed = 00:00:09 . Memory (MB): peak = 407.422 ; gain = 99.426
INFO: [Synth 8-638] synthesizing module 'soc_xlconcat_1_4' [c:/Users/dell_/Documents/vivado_zncc/bram_comm_2/bram_comm_2.srcs/sources_1/bd/soc/ip/soc_xlconcat_1_4/synth/soc_xlconcat_1_4.v:58]
INFO: [Synth 8-638] synthesizing module 'xlconcat_v2_1_1_xlconcat' [c:/Users/dell_/Documents/vivado_zncc/bram_comm_2/bram_comm_2.srcs/sources_1/bd/soc/ipshared/2f66/hdl/xlconcat_v2_1_vl_rfs.v:14]
INFO: [Synth 8-256] done synthesizing module 'xlconcat_v2_1_1_xlconcat' (1#1) [c:/Users/dell_/Documents/vivado_zncc/bram_comm_2/bram_comm_2.srcs/sources_1/bd/soc/ipshared/2f66/hdl/xlconcat_v2_1_vl_rfs.v:14]
INFO: [Synth 8-256] done synthesizing module 'soc_xlconcat_1_4' (2#1) [c:/Users/dell_/Documents/vivado_zncc/bram_comm_2/bram_comm_2.srcs/sources_1/bd/soc/ip/soc_xlconcat_1_4/synth/soc_xlconcat_1_4.v:58]
Finished RTL Elaboration : Time (s): cpu = 00:00:09 ; elapsed = 00:00:10 . Memory (MB): peak = 449.504 ; gain = 141.508
Finished RTL Optimization Phase 1 : Time (s): cpu = 00:00:09 ; elapsed = 00:00:10 . Memory (MB): peak = 449.504 ; gain = 141.508
INFO: [Device 21-403] Loading part xc7z045ffg900-2
Constraint Validation Runtime : Time (s): cpu = 00:00:00 ; elapsed = 00:00:00.021 . Memory (MB): peak = 741.023 ; gain = 0.000
Finished Constraint Validation : Time (s): cpu = 00:00:24 ; elapsed = 00:00:27 . Memory (MB): peak = 741.023 ; gain = 433.027
Finished Loading Part and Timing Information : Time (s): cpu = 00:00:24 ; elapsed = 00:00:27 . Memory (MB): peak = 741.023 ; gain = 433.027
Finished applying 'set_property' XDC Constraints : Time (s): cpu = 00:00:24 ; elapsed = 00:00:27 . Memory (MB): peak = 741.023 ; gain = 433.027
Finished RTL Optimization Phase 2 : Time (s): cpu = 00:00:24 ; elapsed = 00:00:27 . Memory (MB): peak = 741.023 ; gain = 433.027
Finished Cross Boundary and Area Optimization : Time (s): cpu = 00:00:24 ; elapsed = 00:00:28 . Memory (MB): peak = 741.023 ; gain = 433.027
Finished Applying XDC Timing Constraints : Time (s): cpu = 00:00:34 ; elapsed = 00:00:39 . Memory (MB): peak = 772.402 ; gain = 464.406
Finished Timing Optimization : Time (s): cpu = 00:00:34 ; elapsed = 00:00:39 . Memory (MB): peak = 772.402 ; gain = 464.406
Finished Technology Mapping : Time (s): cpu = 00:00:34 ; elapsed = 00:00:39 . Memory (MB): peak = 782.547 ; gain = 474.551
Finished IO Insertion : Time (s): cpu = 00:00:35 ; elapsed = 00:00:40 . Memory (MB): peak = 782.547 ; gain = 474.551
Finished Renaming Generated Instances : Time (s): cpu = 00:00:35 ; elapsed = 00:00:40 . Memory (MB): peak = 782.547 ; gain = 474.551
Finished Rebuilding User Hierarchy : Time (s): cpu = 00:00:35 ; elapsed = 00:00:40 . Memory (MB): peak = 782.547 ; gain = 474.551
Finished Renaming Generated Ports : Time (s): cpu = 00:00:35 ; elapsed = 00:00:40 . Memory (MB): peak = 782.547 ; gain = 474.551
Finished Handling Custom Attributes : Time (s): cpu = 00:00:35 ; elapsed = 00:00:40 . Memory (MB): peak = 782.547 ; gain = 474.551
Finished Renaming Generated Nets : Time (s): cpu = 00:00:35 ; elapsed = 00:00:40 . Memory (MB): peak = 782.547 ; gain = 474.551

Report Cell Usage: 
+-+-----+------+
| |Cell |Count |
+-+-----+------+
+-+-----+------+
Finished Writing Synthesis Report : Time (s): cpu = 00:00:35 ; elapsed = 00:00:40 . Memory (MB): peak = 782.547 ; gain = 474.551
synth_design: Time (s): cpu = 00:00:38 ; elapsed = 00:00:42 . Memory (MB): peak = 805.395 ; gain = 505.543
