
*** Running vivado
    with args -log soc_b_0_0.vds -m64 -product Vivado -mode batch -messageDb vivado.pb -notrace -source soc_b_0_0.tcl


****** Vivado v2017.3 (64-bit)
  **** SW Build 2018833 on Wed Oct  4 19:58:22 MDT 2017
  **** IP Build 2016188 on Wed Oct  4 21:52:56 MDT 2017
    ** Copyright 1986-2017 Xilinx, Inc. All Rights Reserved.

source soc_b_0_0.tcl -notrace
Starting RTL Elaboration : Time (s): cpu = 00:00:08 ; elapsed = 00:00:10 . Memory (MB): peak = 403.340 ; gain = 97.582
INFO: [Synth 8-638] synthesizing module 'soc_b_0_0' [c:/Users/dell_/bram_comm_2/bram_comm_2.srcs/sources_1/bd/soc/ip/soc_b_0_0/synth/soc_b_0_0.v:57]
INFO: [Synth 8-638] synthesizing module 'xlslice_v1_0_1_xlslice' [c:/Users/dell_/bram_comm_2/bram_comm_2.srcs/sources_1/bd/soc/ipshared/f3db/hdl/xlslice_v1_0_vl_rfs.v:13]
INFO: [Synth 8-256] done synthesizing module 'xlslice_v1_0_1_xlslice' (1#1) [c:/Users/dell_/bram_comm_2/bram_comm_2.srcs/sources_1/bd/soc/ipshared/f3db/hdl/xlslice_v1_0_vl_rfs.v:13]
INFO: [Synth 8-256] done synthesizing module 'soc_b_0_0' (2#1) [c:/Users/dell_/bram_comm_2/bram_comm_2.srcs/sources_1/bd/soc/ip/soc_b_0_0/synth/soc_b_0_0.v:57]
Finished RTL Elaboration : Time (s): cpu = 00:00:08 ; elapsed = 00:00:11 . Memory (MB): peak = 445.422 ; gain = 139.664
Finished RTL Optimization Phase 1 : Time (s): cpu = 00:00:08 ; elapsed = 00:00:11 . Memory (MB): peak = 445.422 ; gain = 139.664
INFO: [Device 21-403] Loading part xc7z045ffg900-2
Constraint Validation Runtime : Time (s): cpu = 00:00:00 ; elapsed = 00:00:00.023 . Memory (MB): peak = 736.918 ; gain = 0.000
Finished Constraint Validation : Time (s): cpu = 00:00:31 ; elapsed = 00:00:39 . Memory (MB): peak = 736.918 ; gain = 431.160
Finished Loading Part and Timing Information : Time (s): cpu = 00:00:31 ; elapsed = 00:00:39 . Memory (MB): peak = 736.918 ; gain = 431.160
Finished applying 'set_property' XDC Constraints : Time (s): cpu = 00:00:31 ; elapsed = 00:00:39 . Memory (MB): peak = 736.918 ; gain = 431.160
Finished RTL Optimization Phase 2 : Time (s): cpu = 00:00:31 ; elapsed = 00:00:39 . Memory (MB): peak = 736.918 ; gain = 431.160
Finished Cross Boundary and Area Optimization : Time (s): cpu = 00:00:32 ; elapsed = 00:00:40 . Memory (MB): peak = 736.918 ; gain = 431.160
Finished Applying XDC Timing Constraints : Time (s): cpu = 00:00:50 ; elapsed = 00:01:01 . Memory (MB): peak = 768.242 ; gain = 462.484
Finished Timing Optimization : Time (s): cpu = 00:00:50 ; elapsed = 00:01:01 . Memory (MB): peak = 768.242 ; gain = 462.484
Finished Technology Mapping : Time (s): cpu = 00:00:50 ; elapsed = 00:01:01 . Memory (MB): peak = 778.387 ; gain = 472.629
Finished IO Insertion : Time (s): cpu = 00:00:52 ; elapsed = 00:01:03 . Memory (MB): peak = 778.387 ; gain = 472.629
Finished Renaming Generated Instances : Time (s): cpu = 00:00:52 ; elapsed = 00:01:03 . Memory (MB): peak = 778.387 ; gain = 472.629
Finished Rebuilding User Hierarchy : Time (s): cpu = 00:00:52 ; elapsed = 00:01:03 . Memory (MB): peak = 778.387 ; gain = 472.629
Finished Renaming Generated Ports : Time (s): cpu = 00:00:52 ; elapsed = 00:01:03 . Memory (MB): peak = 778.387 ; gain = 472.629
Finished Handling Custom Attributes : Time (s): cpu = 00:00:52 ; elapsed = 00:01:03 . Memory (MB): peak = 778.387 ; gain = 472.629
Finished Renaming Generated Nets : Time (s): cpu = 00:00:52 ; elapsed = 00:01:03 . Memory (MB): peak = 778.387 ; gain = 472.629

Report Cell Usage: 
+-+-----+------+
| |Cell |Count |
+-+-----+------+
+-+-----+------+
Finished Writing Synthesis Report : Time (s): cpu = 00:00:52 ; elapsed = 00:01:03 . Memory (MB): peak = 778.387 ; gain = 472.629
synth_design: Time (s): cpu = 00:00:54 ; elapsed = 00:01:06 . Memory (MB): peak = 801.234 ; gain = 504.309
