
*** Running vivado
    with args -log soc_div_gen_0_0.vds -m64 -product Vivado -mode batch -messageDb vivado.pb -notrace -source soc_div_gen_0_0.tcl


****** Vivado v2017.3 (64-bit)
  **** SW Build 2018833 on Wed Oct  4 19:58:22 MDT 2017
  **** IP Build 2016188 on Wed Oct  4 21:52:56 MDT 2017
    ** Copyright 1986-2017 Xilinx, Inc. All Rights Reserved.

source soc_div_gen_0_0.tcl -notrace
Starting RTL Elaboration : Time (s): cpu = 00:00:10 ; elapsed = 00:00:15 . Memory (MB): peak = 409.355 ; gain = 100.621
INFO: [Synth 8-638] synthesizing module 'soc_div_gen_0_0' [c:/Users/dell_/bram_comm_2/bram_comm_2.srcs/sources_1/bd/soc/ip/soc_div_gen_0_0/synth/soc_div_gen_0_0.vhd:73]
INFO: [Synth 8-256] done synthesizing module 'soc_div_gen_0_0' (35#1) [c:/Users/dell_/bram_comm_2/bram_comm_2.srcs/sources_1/bd/soc/ip/soc_div_gen_0_0/synth/soc_div_gen_0_0.vhd:73]
Finished RTL Elaboration : Time (s): cpu = 00:00:38 ; elapsed = 00:00:55 . Memory (MB): peak = 544.684 ; gain = 235.949
Finished RTL Optimization Phase 1 : Time (s): cpu = 00:00:38 ; elapsed = 00:00:55 . Memory (MB): peak = 544.684 ; gain = 235.949
INFO: [Device 21-403] Loading part xc7z045ffg900-2
Constraint Validation Runtime : Time (s): cpu = 00:00:00 ; elapsed = 00:00:00.113 . Memory (MB): peak = 867.281 ; gain = 0.000
Finished Constraint Validation : Time (s): cpu = 00:00:55 ; elapsed = 00:01:19 . Memory (MB): peak = 867.281 ; gain = 558.547
Finished Loading Part and Timing Information : Time (s): cpu = 00:00:55 ; elapsed = 00:01:19 . Memory (MB): peak = 867.281 ; gain = 558.547
Finished applying 'set_property' XDC Constraints : Time (s): cpu = 00:00:55 ; elapsed = 00:01:19 . Memory (MB): peak = 867.281 ; gain = 558.547
Finished RTL Optimization Phase 2 : Time (s): cpu = 00:00:57 ; elapsed = 00:01:22 . Memory (MB): peak = 867.281 ; gain = 558.547
Finished Cross Boundary and Area Optimization : Time (s): cpu = 00:01:00 ; elapsed = 00:01:26 . Memory (MB): peak = 867.281 ; gain = 558.547
Finished Applying XDC Timing Constraints : Time (s): cpu = 00:01:16 ; elapsed = 00:01:45 . Memory (MB): peak = 867.281 ; gain = 558.547
Finished Timing Optimization : Time (s): cpu = 00:01:16 ; elapsed = 00:01:46 . Memory (MB): peak = 879.766 ; gain = 571.031
Finished Technology Mapping : Time (s): cpu = 00:01:17 ; elapsed = 00:01:48 . Memory (MB): peak = 903.055 ; gain = 594.320
Finished IO Insertion : Time (s): cpu = 00:01:19 ; elapsed = 00:01:49 . Memory (MB): peak = 903.055 ; gain = 594.320
Finished Renaming Generated Instances : Time (s): cpu = 00:01:19 ; elapsed = 00:01:49 . Memory (MB): peak = 903.055 ; gain = 594.320
Finished Rebuilding User Hierarchy : Time (s): cpu = 00:01:19 ; elapsed = 00:01:50 . Memory (MB): peak = 903.055 ; gain = 594.320
Finished Renaming Generated Ports : Time (s): cpu = 00:01:19 ; elapsed = 00:01:50 . Memory (MB): peak = 903.055 ; gain = 594.320
Finished Handling Custom Attributes : Time (s): cpu = 00:01:19 ; elapsed = 00:01:50 . Memory (MB): peak = 903.055 ; gain = 594.320
Finished Renaming Generated Nets : Time (s): cpu = 00:01:19 ; elapsed = 00:01:50 . Memory (MB): peak = 903.055 ; gain = 594.320

Report Cell Usage: 
+------+----------+------+
|      |Cell      |Count |
+------+----------+------+
|1     |CARRY4    |    64|
|2     |DSP48E1   |     1|
|3     |DSP48E1_1 |     1|
|4     |DSP48E1_2 |     6|
|5     |DSP48E1_3 |     7|
|6     |LUT1      |   100|
|7     |LUT2      |   156|
|8     |LUT3      |   287|
|9     |LUT4      |    96|
|10    |LUT5      |   165|
|11    |LUT6      |   175|
|12    |MUXCY     |    81|
|13    |RAMB16    |     1|
|14    |SRL16E    |   214|
|15    |SRLC32E   |     2|
|16    |XORCY     |    64|
|17    |FDE       |    16|
|18    |FDRE      |  1630|
|19    |FDSE      |    31|
+------+----------+------+
Finished Writing Synthesis Report : Time (s): cpu = 00:01:19 ; elapsed = 00:01:50 . Memory (MB): peak = 903.055 ; gain = 594.320
synth_design: Time (s): cpu = 00:01:22 ; elapsed = 00:01:55 . Memory (MB): peak = 903.055 ; gain = 603.027
