
*** Running vivado
    with args -log soc_div_gen_0_2.vds -m64 -product Vivado -mode batch -messageDb vivado.pb -notrace -source soc_div_gen_0_2.tcl


****** Vivado v2017.3 (64-bit)
  **** SW Build 2018833 on Wed Oct  4 19:58:22 MDT 2017
  **** IP Build 2016188 on Wed Oct  4 21:52:56 MDT 2017
    ** Copyright 1986-2017 Xilinx, Inc. All Rights Reserved.

source soc_div_gen_0_2.tcl -notrace
Starting RTL Elaboration : Time (s): cpu = 00:00:11 ; elapsed = 00:00:13 . Memory (MB): peak = 409.414 ; gain = 100.719
INFO: [Synth 8-638] synthesizing module 'soc_div_gen_0_2' [c:/Users/dell_/Documents/vivado_zncc/bram_comm_2/bram_comm_2.srcs/sources_1/bd/soc/ip/soc_div_gen_0_2/synth/soc_div_gen_0_2.vhd:73]
INFO: [Synth 8-256] done synthesizing module 'soc_div_gen_0_2' (35#1) [c:/Users/dell_/Documents/vivado_zncc/bram_comm_2/bram_comm_2.srcs/sources_1/bd/soc/ip/soc_div_gen_0_2/synth/soc_div_gen_0_2.vhd:73]
Finished RTL Elaboration : Time (s): cpu = 00:00:43 ; elapsed = 00:00:48 . Memory (MB): peak = 568.777 ; gain = 260.082
Finished RTL Optimization Phase 1 : Time (s): cpu = 00:00:43 ; elapsed = 00:00:48 . Memory (MB): peak = 568.777 ; gain = 260.082
INFO: [Device 21-403] Loading part xc7z045ffg900-2
Constraint Validation Runtime : Time (s): cpu = 00:00:00 ; elapsed = 00:00:00.102 . Memory (MB): peak = 857.941 ; gain = 0.000
Finished Constraint Validation : Time (s): cpu = 00:01:00 ; elapsed = 00:01:06 . Memory (MB): peak = 857.941 ; gain = 549.246
Finished Loading Part and Timing Information : Time (s): cpu = 00:01:00 ; elapsed = 00:01:06 . Memory (MB): peak = 857.941 ; gain = 549.246
Finished applying 'set_property' XDC Constraints : Time (s): cpu = 00:01:00 ; elapsed = 00:01:06 . Memory (MB): peak = 857.941 ; gain = 549.246
Finished RTL Optimization Phase 2 : Time (s): cpu = 00:01:02 ; elapsed = 00:01:09 . Memory (MB): peak = 857.941 ; gain = 549.246
Finished Cross Boundary and Area Optimization : Time (s): cpu = 00:01:06 ; elapsed = 00:01:13 . Memory (MB): peak = 857.941 ; gain = 549.246
Finished Applying XDC Timing Constraints : Time (s): cpu = 00:01:20 ; elapsed = 00:01:27 . Memory (MB): peak = 872.652 ; gain = 563.957
Finished Timing Optimization : Time (s): cpu = 00:01:21 ; elapsed = 00:01:27 . Memory (MB): peak = 887.805 ; gain = 579.109
Finished Technology Mapping : Time (s): cpu = 00:01:22 ; elapsed = 00:01:29 . Memory (MB): peak = 907.340 ; gain = 598.645
Finished IO Insertion : Time (s): cpu = 00:01:23 ; elapsed = 00:01:30 . Memory (MB): peak = 907.340 ; gain = 598.645
Finished Renaming Generated Instances : Time (s): cpu = 00:01:23 ; elapsed = 00:01:30 . Memory (MB): peak = 907.340 ; gain = 598.645
Finished Rebuilding User Hierarchy : Time (s): cpu = 00:01:24 ; elapsed = 00:01:31 . Memory (MB): peak = 907.340 ; gain = 598.645
Finished Renaming Generated Ports : Time (s): cpu = 00:01:24 ; elapsed = 00:01:31 . Memory (MB): peak = 907.340 ; gain = 598.645
Finished Handling Custom Attributes : Time (s): cpu = 00:01:24 ; elapsed = 00:01:31 . Memory (MB): peak = 907.340 ; gain = 598.645
Finished Renaming Generated Nets : Time (s): cpu = 00:01:24 ; elapsed = 00:01:31 . Memory (MB): peak = 907.340 ; gain = 598.645

Report Cell Usage: 
+------+----------+------+
|      |Cell      |Count |
+------+----------+------+
|1     |CARRY4    |    52|
|2     |DSP48E1   |     1|
|3     |DSP48E1_1 |     3|
|4     |DSP48E1_2 |     8|
|5     |DSP48E1_3 |     9|
|6     |LUT1      |    89|
|7     |LUT2      |   238|
|8     |LUT3      |   405|
|9     |LUT4      |   140|
|10    |LUT5      |   247|
|11    |LUT6      |   315|
|12    |MUXCY     |   145|
|13    |MUXF7     |    16|
|14    |MUXF8     |     8|
|15    |RAMB16    |     1|
|16    |SRL16E    |   366|
|17    |SRLC32E   |     2|
|18    |XORCY     |   128|
|19    |FDE       |    16|
|20    |FDRE      |  2518|
|21    |FDSE      |    31|
+------+----------+------+
Finished Writing Synthesis Report : Time (s): cpu = 00:01:24 ; elapsed = 00:01:31 . Memory (MB): peak = 907.340 ; gain = 598.645
synth_design: Time (s): cpu = 00:01:27 ; elapsed = 00:01:35 . Memory (MB): peak = 907.340 ; gain = 607.477
