
*** Running vivado
    with args -log soc_xbip_dsp48_macro_0_0.vds -m64 -product Vivado -mode batch -messageDb vivado.pb -notrace -source soc_xbip_dsp48_macro_0_0.tcl


****** Vivado v2017.3 (64-bit)
  **** SW Build 2018833 on Wed Oct  4 19:58:22 MDT 2017
  **** IP Build 2016188 on Wed Oct  4 21:52:56 MDT 2017
    ** Copyright 1986-2017 Xilinx, Inc. All Rights Reserved.

source soc_xbip_dsp48_macro_0_0.tcl -notrace
Starting RTL Elaboration : Time (s): cpu = 00:00:09 ; elapsed = 00:00:11 . Memory (MB): peak = 406.004 ; gain = 97.820
INFO: [Synth 8-638] synthesizing module 'soc_xbip_dsp48_macro_0_0' [c:/Users/dell_/bram_comm_2/bram_comm_2.srcs/sources_1/bd/soc/ip/soc_xbip_dsp48_macro_0_0/synth/soc_xbip_dsp48_macro_0_0.vhd:71]
INFO: [Synth 8-256] done synthesizing module 'soc_xbip_dsp48_macro_0_0' (6#1) [c:/Users/dell_/bram_comm_2/bram_comm_2.srcs/sources_1/bd/soc/ip/soc_xbip_dsp48_macro_0_0/synth/soc_xbip_dsp48_macro_0_0.vhd:71]
Finished RTL Elaboration : Time (s): cpu = 00:00:12 ; elapsed = 00:00:15 . Memory (MB): peak = 454.117 ; gain = 145.934
Finished RTL Optimization Phase 1 : Time (s): cpu = 00:00:12 ; elapsed = 00:00:15 . Memory (MB): peak = 454.117 ; gain = 145.934
INFO: [Device 21-403] Loading part xc7z045ffg900-2
Constraint Validation Runtime : Time (s): cpu = 00:00:00 ; elapsed = 00:00:00.033 . Memory (MB): peak = 754.324 ; gain = 0.000
Finished Constraint Validation : Time (s): cpu = 00:00:28 ; elapsed = 00:00:35 . Memory (MB): peak = 754.324 ; gain = 446.141
Finished Loading Part and Timing Information : Time (s): cpu = 00:00:28 ; elapsed = 00:00:35 . Memory (MB): peak = 754.324 ; gain = 446.141
Finished applying 'set_property' XDC Constraints : Time (s): cpu = 00:00:28 ; elapsed = 00:00:35 . Memory (MB): peak = 754.324 ; gain = 446.141
Finished RTL Optimization Phase 2 : Time (s): cpu = 00:00:29 ; elapsed = 00:00:35 . Memory (MB): peak = 754.324 ; gain = 446.141
Finished Cross Boundary and Area Optimization : Time (s): cpu = 00:00:29 ; elapsed = 00:00:36 . Memory (MB): peak = 754.324 ; gain = 446.141
Finished Applying XDC Timing Constraints : Time (s): cpu = 00:00:48 ; elapsed = 00:00:57 . Memory (MB): peak = 829.836 ; gain = 521.652
Finished Timing Optimization : Time (s): cpu = 00:00:48 ; elapsed = 00:00:57 . Memory (MB): peak = 831.840 ; gain = 523.656
Finished Technology Mapping : Time (s): cpu = 00:00:48 ; elapsed = 00:00:57 . Memory (MB): peak = 840.980 ; gain = 532.797
Finished IO Insertion : Time (s): cpu = 00:00:49 ; elapsed = 00:00:58 . Memory (MB): peak = 840.980 ; gain = 532.797
Finished Renaming Generated Instances : Time (s): cpu = 00:00:49 ; elapsed = 00:00:58 . Memory (MB): peak = 840.980 ; gain = 532.797
Finished Rebuilding User Hierarchy : Time (s): cpu = 00:00:49 ; elapsed = 00:00:58 . Memory (MB): peak = 840.980 ; gain = 532.797
Finished Renaming Generated Ports : Time (s): cpu = 00:00:49 ; elapsed = 00:00:58 . Memory (MB): peak = 840.980 ; gain = 532.797
Finished Handling Custom Attributes : Time (s): cpu = 00:00:49 ; elapsed = 00:00:58 . Memory (MB): peak = 840.980 ; gain = 532.797
Finished Renaming Generated Nets : Time (s): cpu = 00:00:49 ; elapsed = 00:00:58 . Memory (MB): peak = 840.980 ; gain = 532.797

Report Cell Usage: 
+------+--------+------+
|      |Cell    |Count |
+------+--------+------+
|1     |DSP48E1 |     1|
|2     |LUT2    |    18|
+------+--------+------+
Finished Writing Synthesis Report : Time (s): cpu = 00:00:49 ; elapsed = 00:00:58 . Memory (MB): peak = 840.980 ; gain = 532.797
synth_design: Time (s): cpu = 00:00:51 ; elapsed = 00:01:01 . Memory (MB): peak = 840.980 ; gain = 542.816
