
*** Running vivado
    with args -log soc_xlconcat_2_0.vds -m64 -product Vivado -mode batch -messageDb vivado.pb -notrace -source soc_xlconcat_2_0.tcl


****** Vivado v2017.3 (64-bit)
  **** SW Build 2018833 on Wed Oct  4 19:58:22 MDT 2017
  **** IP Build 2016188 on Wed Oct  4 21:52:56 MDT 2017
    ** Copyright 1986-2017 Xilinx, Inc. All Rights Reserved.

source soc_xlconcat_2_0.tcl -notrace
Starting RTL Elaboration : Time (s): cpu = 00:00:07 ; elapsed = 00:00:11 . Memory (MB): peak = 403.973 ; gain = 97.949
INFO: [Synth 8-638] synthesizing module 'soc_xlconcat_2_0' [c:/Users/dell_/bram_comm_2/bram_comm_2.srcs/sources_1/bd/soc/ip/soc_xlconcat_2_0/synth/soc_xlconcat_2_0.v:58]
INFO: [Synth 8-638] synthesizing module 'xlconcat_v2_1_1_xlconcat' [c:/Users/dell_/bram_comm_2/bram_comm_2.srcs/sources_1/bd/soc/ipshared/2f66/hdl/xlconcat_v2_1_vl_rfs.v:14]
INFO: [Synth 8-256] done synthesizing module 'xlconcat_v2_1_1_xlconcat' (1#1) [c:/Users/dell_/bram_comm_2/bram_comm_2.srcs/sources_1/bd/soc/ipshared/2f66/hdl/xlconcat_v2_1_vl_rfs.v:14]
INFO: [Synth 8-256] done synthesizing module 'soc_xlconcat_2_0' (2#1) [c:/Users/dell_/bram_comm_2/bram_comm_2.srcs/sources_1/bd/soc/ip/soc_xlconcat_2_0/synth/soc_xlconcat_2_0.v:58]
Finished RTL Elaboration : Time (s): cpu = 00:00:08 ; elapsed = 00:00:12 . Memory (MB): peak = 446.055 ; gain = 140.031
Finished RTL Optimization Phase 1 : Time (s): cpu = 00:00:08 ; elapsed = 00:00:12 . Memory (MB): peak = 446.055 ; gain = 140.031
INFO: [Device 21-403] Loading part xc7z045ffg900-2
Constraint Validation Runtime : Time (s): cpu = 00:00:00 ; elapsed = 00:00:00.034 . Memory (MB): peak = 737.648 ; gain = 0.000
Finished Constraint Validation : Time (s): cpu = 00:00:21 ; elapsed = 00:00:35 . Memory (MB): peak = 737.648 ; gain = 431.625
Finished Loading Part and Timing Information : Time (s): cpu = 00:00:21 ; elapsed = 00:00:35 . Memory (MB): peak = 737.648 ; gain = 431.625
Finished applying 'set_property' XDC Constraints : Time (s): cpu = 00:00:21 ; elapsed = 00:00:35 . Memory (MB): peak = 737.648 ; gain = 431.625
Finished RTL Optimization Phase 2 : Time (s): cpu = 00:00:21 ; elapsed = 00:00:35 . Memory (MB): peak = 737.648 ; gain = 431.625
Finished Cross Boundary and Area Optimization : Time (s): cpu = 00:00:22 ; elapsed = 00:00:36 . Memory (MB): peak = 737.648 ; gain = 431.625
Finished Applying XDC Timing Constraints : Time (s): cpu = 00:00:32 ; elapsed = 00:00:49 . Memory (MB): peak = 768.895 ; gain = 462.871
Finished Timing Optimization : Time (s): cpu = 00:00:32 ; elapsed = 00:00:49 . Memory (MB): peak = 768.895 ; gain = 462.871
Finished Technology Mapping : Time (s): cpu = 00:00:32 ; elapsed = 00:00:49 . Memory (MB): peak = 779.035 ; gain = 473.012
Finished IO Insertion : Time (s): cpu = 00:00:33 ; elapsed = 00:00:52 . Memory (MB): peak = 779.035 ; gain = 473.012
Finished Renaming Generated Instances : Time (s): cpu = 00:00:33 ; elapsed = 00:00:52 . Memory (MB): peak = 779.035 ; gain = 473.012
Finished Rebuilding User Hierarchy : Time (s): cpu = 00:00:33 ; elapsed = 00:00:52 . Memory (MB): peak = 779.035 ; gain = 473.012
Finished Renaming Generated Ports : Time (s): cpu = 00:00:33 ; elapsed = 00:00:52 . Memory (MB): peak = 779.035 ; gain = 473.012
Finished Handling Custom Attributes : Time (s): cpu = 00:00:33 ; elapsed = 00:00:52 . Memory (MB): peak = 779.035 ; gain = 473.012
Finished Renaming Generated Nets : Time (s): cpu = 00:00:33 ; elapsed = 00:00:52 . Memory (MB): peak = 779.035 ; gain = 473.012

Report Cell Usage: 
+-+-----+------+
| |Cell |Count |
+-+-----+------+
+-+-----+------+
Finished Writing Synthesis Report : Time (s): cpu = 00:00:33 ; elapsed = 00:00:52 . Memory (MB): peak = 779.035 ; gain = 473.012
synth_design: Time (s): cpu = 00:00:36 ; elapsed = 00:00:59 . Memory (MB): peak = 801.895 ; gain = 504.016
