
*** Running vivado
    with args -log soc_xbip_dsp48_macro_0_0.vds -m64 -product Vivado -mode batch -messageDb vivado.pb -notrace -source soc_xbip_dsp48_macro_0_0.tcl


****** Vivado v2017.3 (64-bit)
  **** SW Build 2018833 on Wed Oct  4 19:58:22 MDT 2017
  **** IP Build 2016188 on Wed Oct  4 21:52:56 MDT 2017
    ** Copyright 1986-2017 Xilinx, Inc. All Rights Reserved.

source soc_xbip_dsp48_macro_0_0.tcl -notrace
Starting RTL Elaboration : Time (s): cpu = 00:00:08 ; elapsed = 00:00:10 . Memory (MB): peak = 407.949 ; gain = 98.688
INFO: [Synth 8-638] synthesizing module 'soc_xbip_dsp48_macro_0_0' [c:/Users/dell_/bram_comm_2/bram_comm_2.srcs/sources_1/bd/soc/ip/soc_xbip_dsp48_macro_0_0/synth/soc_xbip_dsp48_macro_0_0.vhd:71]
INFO: [Synth 8-256] done synthesizing module 'soc_xbip_dsp48_macro_0_0' (6#1) [c:/Users/dell_/bram_comm_2/bram_comm_2.srcs/sources_1/bd/soc/ip/soc_xbip_dsp48_macro_0_0/synth/soc_xbip_dsp48_macro_0_0.vhd:71]
Finished RTL Elaboration : Time (s): cpu = 00:00:11 ; elapsed = 00:00:13 . Memory (MB): peak = 457.031 ; gain = 147.770
Finished RTL Optimization Phase 1 : Time (s): cpu = 00:00:11 ; elapsed = 00:00:13 . Memory (MB): peak = 457.031 ; gain = 147.770
INFO: [Device 21-403] Loading part xc7z045ffg900-2
Constraint Validation Runtime : Time (s): cpu = 00:00:00 ; elapsed = 00:00:00.020 . Memory (MB): peak = 752.078 ; gain = 0.000
Finished Constraint Validation : Time (s): cpu = 00:00:25 ; elapsed = 00:00:32 . Memory (MB): peak = 752.078 ; gain = 442.816
Finished Loading Part and Timing Information : Time (s): cpu = 00:00:25 ; elapsed = 00:00:32 . Memory (MB): peak = 752.078 ; gain = 442.816
Finished applying 'set_property' XDC Constraints : Time (s): cpu = 00:00:25 ; elapsed = 00:00:32 . Memory (MB): peak = 752.078 ; gain = 442.816
Finished RTL Optimization Phase 2 : Time (s): cpu = 00:00:26 ; elapsed = 00:00:32 . Memory (MB): peak = 752.078 ; gain = 442.816
Finished Cross Boundary and Area Optimization : Time (s): cpu = 00:00:26 ; elapsed = 00:00:33 . Memory (MB): peak = 752.078 ; gain = 442.816
Finished Applying XDC Timing Constraints : Time (s): cpu = 00:00:42 ; elapsed = 00:00:52 . Memory (MB): peak = 831.742 ; gain = 522.480
Finished Timing Optimization : Time (s): cpu = 00:00:42 ; elapsed = 00:00:53 . Memory (MB): peak = 831.742 ; gain = 522.480
Finished Technology Mapping : Time (s): cpu = 00:00:42 ; elapsed = 00:00:53 . Memory (MB): peak = 842.887 ; gain = 533.625
Finished IO Insertion : Time (s): cpu = 00:00:43 ; elapsed = 00:00:54 . Memory (MB): peak = 842.887 ; gain = 533.625
Finished Renaming Generated Instances : Time (s): cpu = 00:00:43 ; elapsed = 00:00:54 . Memory (MB): peak = 842.887 ; gain = 533.625
Finished Rebuilding User Hierarchy : Time (s): cpu = 00:00:43 ; elapsed = 00:00:54 . Memory (MB): peak = 842.887 ; gain = 533.625
Finished Renaming Generated Ports : Time (s): cpu = 00:00:43 ; elapsed = 00:00:54 . Memory (MB): peak = 842.887 ; gain = 533.625
Finished Handling Custom Attributes : Time (s): cpu = 00:00:43 ; elapsed = 00:00:54 . Memory (MB): peak = 842.887 ; gain = 533.625
Finished Renaming Generated Nets : Time (s): cpu = 00:00:43 ; elapsed = 00:00:54 . Memory (MB): peak = 842.887 ; gain = 533.625

Report Cell Usage: 
+------+--------+------+
|      |Cell    |Count |
+------+--------+------+
|1     |DSP48E1 |     1|
|2     |LUT2    |    18|
+------+--------+------+
Finished Writing Synthesis Report : Time (s): cpu = 00:00:43 ; elapsed = 00:00:54 . Memory (MB): peak = 842.887 ; gain = 533.625
synth_design: Time (s): cpu = 00:00:45 ; elapsed = 00:00:58 . Memory (MB): peak = 842.887 ; gain = 542.961
