
*** Running vivado
    with args -log soc_clk_wiz_0_0.vds -m64 -product Vivado -mode batch -messageDb vivado.pb -notrace -source soc_clk_wiz_0_0.tcl


****** Vivado v2017.3 (64-bit)
  **** SW Build 2018833 on Wed Oct  4 19:58:22 MDT 2017
  **** IP Build 2016188 on Wed Oct  4 21:52:56 MDT 2017
    ** Copyright 1986-2017 Xilinx, Inc. All Rights Reserved.

source soc_clk_wiz_0_0.tcl -notrace
Starting RTL Elaboration : Time (s): cpu = 00:00:08 ; elapsed = 00:00:11 . Memory (MB): peak = 408.578 ; gain = 98.684
INFO: [Synth 8-638] synthesizing module 'soc_clk_wiz_0_0' [c:/Users/dell_/Documents/vivado_zncc/bram_comm_2/bram_comm_2.srcs/sources_1/bd/soc/ip/soc_clk_wiz_0_0/soc_clk_wiz_0_0.v:71]
INFO: [Synth 8-638] synthesizing module 'soc_clk_wiz_0_0_clk_wiz' [c:/Users/dell_/Documents/vivado_zncc/bram_comm_2/bram_comm_2.srcs/sources_1/bd/soc/ip/soc_clk_wiz_0_0/soc_clk_wiz_0_0_clk_wiz.v:69]
INFO: [Synth 8-638] synthesizing module 'IBUFDS' [C:/Xilinx/Vivado/2017.3/scripts/rt/data/unisim_comp.v:19483]
INFO: [Synth 8-256] done synthesizing module 'IBUFDS' (1#1) [C:/Xilinx/Vivado/2017.3/scripts/rt/data/unisim_comp.v:19483]
INFO: [Synth 8-638] synthesizing module 'PLLE2_ADV' [C:/Xilinx/Vivado/2017.3/scripts/rt/data/unisim_comp.v:40051]
INFO: [Synth 8-256] done synthesizing module 'PLLE2_ADV' (2#1) [C:/Xilinx/Vivado/2017.3/scripts/rt/data/unisim_comp.v:40051]
INFO: [Synth 8-638] synthesizing module 'BUFG' [C:/Xilinx/Vivado/2017.3/scripts/rt/data/unisim_comp.v:607]
INFO: [Synth 8-256] done synthesizing module 'BUFG' (3#1) [C:/Xilinx/Vivado/2017.3/scripts/rt/data/unisim_comp.v:607]
INFO: [Synth 8-256] done synthesizing module 'soc_clk_wiz_0_0_clk_wiz' (4#1) [c:/Users/dell_/Documents/vivado_zncc/bram_comm_2/bram_comm_2.srcs/sources_1/bd/soc/ip/soc_clk_wiz_0_0/soc_clk_wiz_0_0_clk_wiz.v:69]
INFO: [Synth 8-256] done synthesizing module 'soc_clk_wiz_0_0' (5#1) [c:/Users/dell_/Documents/vivado_zncc/bram_comm_2/bram_comm_2.srcs/sources_1/bd/soc/ip/soc_clk_wiz_0_0/soc_clk_wiz_0_0.v:71]
Finished RTL Elaboration : Time (s): cpu = 00:00:09 ; elapsed = 00:00:12 . Memory (MB): peak = 450.035 ; gain = 140.141
Finished RTL Optimization Phase 1 : Time (s): cpu = 00:00:09 ; elapsed = 00:00:12 . Memory (MB): peak = 450.035 ; gain = 140.141
INFO: [Device 21-403] Loading part xc7z045ffg900-2
Constraint Validation Runtime : Time (s): cpu = 00:00:00 ; elapsed = 00:00:00.024 . Memory (MB): peak = 752.234 ; gain = 0.000
Finished Constraint Validation : Time (s): cpu = 00:00:24 ; elapsed = 00:00:33 . Memory (MB): peak = 752.234 ; gain = 442.340
Finished Loading Part and Timing Information : Time (s): cpu = 00:00:24 ; elapsed = 00:00:33 . Memory (MB): peak = 752.234 ; gain = 442.340
Finished applying 'set_property' XDC Constraints : Time (s): cpu = 00:00:24 ; elapsed = 00:00:33 . Memory (MB): peak = 752.234 ; gain = 442.340
Finished RTL Optimization Phase 2 : Time (s): cpu = 00:00:24 ; elapsed = 00:00:33 . Memory (MB): peak = 752.234 ; gain = 442.340
Finished Cross Boundary and Area Optimization : Time (s): cpu = 00:00:25 ; elapsed = 00:00:34 . Memory (MB): peak = 752.234 ; gain = 442.340
Finished Applying XDC Timing Constraints : Time (s): cpu = 00:00:36 ; elapsed = 00:00:48 . Memory (MB): peak = 773.477 ; gain = 463.582
Finished Timing Optimization : Time (s): cpu = 00:00:36 ; elapsed = 00:00:48 . Memory (MB): peak = 773.477 ; gain = 463.582
Finished Technology Mapping : Time (s): cpu = 00:00:36 ; elapsed = 00:00:48 . Memory (MB): peak = 784.621 ; gain = 474.727
Finished IO Insertion : Time (s): cpu = 00:00:37 ; elapsed = 00:00:49 . Memory (MB): peak = 784.621 ; gain = 474.727
Finished Renaming Generated Instances : Time (s): cpu = 00:00:37 ; elapsed = 00:00:49 . Memory (MB): peak = 784.621 ; gain = 474.727
Finished Rebuilding User Hierarchy : Time (s): cpu = 00:00:37 ; elapsed = 00:00:49 . Memory (MB): peak = 784.621 ; gain = 474.727
Finished Renaming Generated Ports : Time (s): cpu = 00:00:37 ; elapsed = 00:00:49 . Memory (MB): peak = 784.621 ; gain = 474.727
Finished Handling Custom Attributes : Time (s): cpu = 00:00:37 ; elapsed = 00:00:49 . Memory (MB): peak = 784.621 ; gain = 474.727
Finished Renaming Generated Nets : Time (s): cpu = 00:00:37 ; elapsed = 00:00:49 . Memory (MB): peak = 784.621 ; gain = 474.727

Report Cell Usage: 
+------+----------+------+
|      |Cell      |Count |
+------+----------+------+
|1     |BUFG      |     3|
|2     |PLLE2_ADV |     1|
|3     |IBUFDS    |     1|
+------+----------+------+
Finished Writing Synthesis Report : Time (s): cpu = 00:00:37 ; elapsed = 00:00:49 . Memory (MB): peak = 784.621 ; gain = 474.727
synth_design: Time (s): cpu = 00:00:39 ; elapsed = 00:00:52 . Memory (MB): peak = 806.473 ; gain = 505.664
