
*** Running vivado
    with args -log soc_c_counter_binary_0_0.vds -m64 -product Vivado -mode batch -messageDb vivado.pb -notrace -source soc_c_counter_binary_0_0.tcl


****** Vivado v2017.3 (64-bit)
  **** SW Build 2018833 on Wed Oct  4 19:58:22 MDT 2017
  **** IP Build 2016188 on Wed Oct  4 21:52:56 MDT 2017
    ** Copyright 1986-2017 Xilinx, Inc. All Rights Reserved.

source soc_c_counter_binary_0_0.tcl -notrace
Starting RTL Elaboration : Time (s): cpu = 00:00:09 ; elapsed = 00:00:13 . Memory (MB): peak = 407.969 ; gain = 99.355
INFO: [Synth 8-638] synthesizing module 'soc_c_counter_binary_0_0' [c:/Users/dell_/bram_comm_2/bram_comm_2.srcs/sources_1/bd/soc/ip/soc_c_counter_binary_0_0/synth/soc_c_counter_binary_0_0.vhd:68]
INFO: [Synth 8-256] done synthesizing module 'soc_c_counter_binary_0_0' (8#1) [c:/Users/dell_/bram_comm_2/bram_comm_2.srcs/sources_1/bd/soc/ip/soc_c_counter_binary_0_0/synth/soc_c_counter_binary_0_0.vhd:68]
Finished RTL Elaboration : Time (s): cpu = 00:00:13 ; elapsed = 00:00:18 . Memory (MB): peak = 459.047 ; gain = 150.434
Finished RTL Optimization Phase 1 : Time (s): cpu = 00:00:13 ; elapsed = 00:00:18 . Memory (MB): peak = 459.047 ; gain = 150.434
INFO: [Device 21-403] Loading part xc7z045ffg900-2
Constraint Validation Runtime : Time (s): cpu = 00:00:00 ; elapsed = 00:00:00.035 . Memory (MB): peak = 823.543 ; gain = 0.000
Finished Constraint Validation : Time (s): cpu = 00:00:27 ; elapsed = 00:00:42 . Memory (MB): peak = 823.543 ; gain = 514.930
Finished Loading Part and Timing Information : Time (s): cpu = 00:00:27 ; elapsed = 00:00:42 . Memory (MB): peak = 823.543 ; gain = 514.930
Finished applying 'set_property' XDC Constraints : Time (s): cpu = 00:00:27 ; elapsed = 00:00:42 . Memory (MB): peak = 823.543 ; gain = 514.930
Finished RTL Optimization Phase 2 : Time (s): cpu = 00:00:28 ; elapsed = 00:00:42 . Memory (MB): peak = 823.543 ; gain = 514.930
Finished Cross Boundary and Area Optimization : Time (s): cpu = 00:00:28 ; elapsed = 00:00:43 . Memory (MB): peak = 823.543 ; gain = 514.930
Finished Applying XDC Timing Constraints : Time (s): cpu = 00:00:39 ; elapsed = 00:00:57 . Memory (MB): peak = 823.543 ; gain = 514.930
Finished Timing Optimization : Time (s): cpu = 00:00:39 ; elapsed = 00:00:57 . Memory (MB): peak = 823.543 ; gain = 514.930
Finished Technology Mapping : Time (s): cpu = 00:00:39 ; elapsed = 00:00:57 . Memory (MB): peak = 823.543 ; gain = 514.930
Finished IO Insertion : Time (s): cpu = 00:00:40 ; elapsed = 00:00:59 . Memory (MB): peak = 823.543 ; gain = 514.930
Finished Renaming Generated Instances : Time (s): cpu = 00:00:40 ; elapsed = 00:00:59 . Memory (MB): peak = 823.543 ; gain = 514.930
Finished Rebuilding User Hierarchy : Time (s): cpu = 00:00:40 ; elapsed = 00:00:59 . Memory (MB): peak = 823.543 ; gain = 514.930
Finished Renaming Generated Ports : Time (s): cpu = 00:00:40 ; elapsed = 00:00:59 . Memory (MB): peak = 823.543 ; gain = 514.930
Finished Handling Custom Attributes : Time (s): cpu = 00:00:40 ; elapsed = 00:00:59 . Memory (MB): peak = 823.543 ; gain = 514.930
Finished Renaming Generated Nets : Time (s): cpu = 00:00:40 ; elapsed = 00:00:59 . Memory (MB): peak = 823.543 ; gain = 514.930

Report Cell Usage: 
+------+------+------+
|      |Cell  |Count |
+------+------+------+
|1     |LUT1  |     1|
|2     |MUXCY |    31|
|3     |XORCY |    32|
|4     |FDRE  |    32|
+------+------+------+
Finished Writing Synthesis Report : Time (s): cpu = 00:00:40 ; elapsed = 00:00:59 . Memory (MB): peak = 823.543 ; gain = 514.930
synth_design: Time (s): cpu = 00:00:41 ; elapsed = 00:01:02 . Memory (MB): peak = 826.777 ; gain = 526.750
