
*** Running vivado
    with args -log soc_c_counter_binary_0_2.vds -m64 -product Vivado -mode batch -messageDb vivado.pb -notrace -source soc_c_counter_binary_0_2.tcl


****** Vivado v2017.3 (64-bit)
  **** SW Build 2018833 on Wed Oct  4 19:58:22 MDT 2017
  **** IP Build 2016188 on Wed Oct  4 21:52:56 MDT 2017
    ** Copyright 1986-2017 Xilinx, Inc. All Rights Reserved.

source soc_c_counter_binary_0_2.tcl -notrace
Starting RTL Elaboration : Time (s): cpu = 00:00:09 ; elapsed = 00:00:10 . Memory (MB): peak = 406.359 ; gain = 99.164
INFO: [Synth 8-638] synthesizing module 'soc_c_counter_binary_0_2' [c:/Users/dell_/bram_comm_2/bram_comm_2.srcs/sources_1/bd/soc/ip/soc_c_counter_binary_0_2/synth/soc_c_counter_binary_0_2.vhd:68]
INFO: [Synth 8-256] done synthesizing module 'soc_c_counter_binary_0_2' (8#1) [c:/Users/dell_/bram_comm_2/bram_comm_2.srcs/sources_1/bd/soc/ip/soc_c_counter_binary_0_2/synth/soc_c_counter_binary_0_2.vhd:68]
Finished RTL Elaboration : Time (s): cpu = 00:00:12 ; elapsed = 00:00:13 . Memory (MB): peak = 457.547 ; gain = 150.352
Finished RTL Optimization Phase 1 : Time (s): cpu = 00:00:12 ; elapsed = 00:00:14 . Memory (MB): peak = 457.547 ; gain = 150.352
INFO: [Device 21-403] Loading part xc7z045ffg900-2
Constraint Validation Runtime : Time (s): cpu = 00:00:00 ; elapsed = 00:00:00.014 . Memory (MB): peak = 769.789 ; gain = 0.000
Finished Constraint Validation : Time (s): cpu = 00:00:25 ; elapsed = 00:00:31 . Memory (MB): peak = 769.789 ; gain = 462.594
Finished Loading Part and Timing Information : Time (s): cpu = 00:00:25 ; elapsed = 00:00:31 . Memory (MB): peak = 769.789 ; gain = 462.594
Finished applying 'set_property' XDC Constraints : Time (s): cpu = 00:00:25 ; elapsed = 00:00:31 . Memory (MB): peak = 769.789 ; gain = 462.594
Finished RTL Optimization Phase 2 : Time (s): cpu = 00:00:26 ; elapsed = 00:00:31 . Memory (MB): peak = 769.789 ; gain = 462.594
Finished Cross Boundary and Area Optimization : Time (s): cpu = 00:00:26 ; elapsed = 00:00:32 . Memory (MB): peak = 769.789 ; gain = 462.594
Finished Applying XDC Timing Constraints : Time (s): cpu = 00:00:36 ; elapsed = 00:00:44 . Memory (MB): peak = 792.270 ; gain = 485.074
Finished Timing Optimization : Time (s): cpu = 00:00:36 ; elapsed = 00:00:44 . Memory (MB): peak = 792.270 ; gain = 485.074
Finished Technology Mapping : Time (s): cpu = 00:00:36 ; elapsed = 00:00:44 . Memory (MB): peak = 802.410 ; gain = 495.215
Finished IO Insertion : Time (s): cpu = 00:00:37 ; elapsed = 00:00:45 . Memory (MB): peak = 802.410 ; gain = 495.215
Finished Renaming Generated Instances : Time (s): cpu = 00:00:37 ; elapsed = 00:00:45 . Memory (MB): peak = 802.410 ; gain = 495.215
Finished Rebuilding User Hierarchy : Time (s): cpu = 00:00:37 ; elapsed = 00:00:45 . Memory (MB): peak = 802.410 ; gain = 495.215
Finished Renaming Generated Ports : Time (s): cpu = 00:00:37 ; elapsed = 00:00:45 . Memory (MB): peak = 802.410 ; gain = 495.215
Finished Handling Custom Attributes : Time (s): cpu = 00:00:37 ; elapsed = 00:00:45 . Memory (MB): peak = 802.410 ; gain = 495.215
Finished Renaming Generated Nets : Time (s): cpu = 00:00:37 ; elapsed = 00:00:45 . Memory (MB): peak = 802.410 ; gain = 495.215

Report Cell Usage: 
+------+------+------+
|      |Cell  |Count |
+------+------+------+
|1     |LUT1  |     1|
|2     |MUXCY |     1|
|3     |XORCY |     2|
|4     |FDRE  |     2|
+------+------+------+
Finished Writing Synthesis Report : Time (s): cpu = 00:00:37 ; elapsed = 00:00:45 . Memory (MB): peak = 802.410 ; gain = 495.215
synth_design: Time (s): cpu = 00:00:38 ; elapsed = 00:00:47 . Memory (MB): peak = 825.266 ; gain = 527.090
