
*** Running vivado
    with args -log soc_cordic_0_0.vds -m64 -product Vivado -mode batch -messageDb vivado.pb -notrace -source soc_cordic_0_0.tcl


****** Vivado v2017.3 (64-bit)
  **** SW Build 2018833 on Wed Oct  4 19:58:22 MDT 2017
  **** IP Build 2016188 on Wed Oct  4 21:52:56 MDT 2017
    ** Copyright 1986-2017 Xilinx, Inc. All Rights Reserved.

source soc_cordic_0_0.tcl -notrace
Starting RTL Elaboration : Time (s): cpu = 00:00:08 ; elapsed = 00:00:10 . Memory (MB): peak = 405.145 ; gain = 99.453
INFO: [Synth 8-638] synthesizing module 'soc_cordic_0_0' [c:/Users/dell_/bram_comm_2/bram_comm_2.srcs/sources_1/bd/soc/ip/soc_cordic_0_0/synth/soc_cordic_0_0.vhd:69]
INFO: [Synth 8-256] done synthesizing module 'soc_cordic_0_0' (14#1) [c:/Users/dell_/bram_comm_2/bram_comm_2.srcs/sources_1/bd/soc/ip/soc_cordic_0_0/synth/soc_cordic_0_0.vhd:69]
Finished RTL Elaboration : Time (s): cpu = 00:00:41 ; elapsed = 00:00:47 . Memory (MB): peak = 624.574 ; gain = 318.883
Finished RTL Optimization Phase 1 : Time (s): cpu = 00:00:41 ; elapsed = 00:00:48 . Memory (MB): peak = 624.574 ; gain = 318.883
INFO: [Device 21-403] Loading part xc7z045ffg900-2
Constraint Validation Runtime : Time (s): cpu = 00:00:00 ; elapsed = 00:00:00.061 . Memory (MB): peak = 875.242 ; gain = 0.000
Finished Constraint Validation : Time (s): cpu = 00:00:56 ; elapsed = 00:01:05 . Memory (MB): peak = 875.242 ; gain = 569.551
Finished Loading Part and Timing Information : Time (s): cpu = 00:00:56 ; elapsed = 00:01:05 . Memory (MB): peak = 875.242 ; gain = 569.551
Finished applying 'set_property' XDC Constraints : Time (s): cpu = 00:00:56 ; elapsed = 00:01:05 . Memory (MB): peak = 875.242 ; gain = 569.551
Finished RTL Optimization Phase 2 : Time (s): cpu = 00:01:00 ; elapsed = 00:01:10 . Memory (MB): peak = 875.242 ; gain = 569.551
Finished Cross Boundary and Area Optimization : Time (s): cpu = 00:01:06 ; elapsed = 00:01:17 . Memory (MB): peak = 875.242 ; gain = 569.551
Finished Applying XDC Timing Constraints : Time (s): cpu = 00:01:16 ; elapsed = 00:01:28 . Memory (MB): peak = 875.242 ; gain = 569.551
Finished Timing Optimization : Time (s): cpu = 00:01:16 ; elapsed = 00:01:29 . Memory (MB): peak = 875.242 ; gain = 569.551
Finished Technology Mapping : Time (s): cpu = 00:01:17 ; elapsed = 00:01:30 . Memory (MB): peak = 875.242 ; gain = 569.551
Finished IO Insertion : Time (s): cpu = 00:01:18 ; elapsed = 00:01:31 . Memory (MB): peak = 875.242 ; gain = 569.551
Finished Renaming Generated Instances : Time (s): cpu = 00:01:18 ; elapsed = 00:01:31 . Memory (MB): peak = 875.242 ; gain = 569.551
Finished Rebuilding User Hierarchy : Time (s): cpu = 00:01:19 ; elapsed = 00:01:32 . Memory (MB): peak = 875.242 ; gain = 569.551
Finished Renaming Generated Ports : Time (s): cpu = 00:01:19 ; elapsed = 00:01:32 . Memory (MB): peak = 875.242 ; gain = 569.551
Finished Handling Custom Attributes : Time (s): cpu = 00:01:19 ; elapsed = 00:01:32 . Memory (MB): peak = 875.242 ; gain = 569.551
Finished Renaming Generated Nets : Time (s): cpu = 00:01:19 ; elapsed = 00:01:32 . Memory (MB): peak = 875.242 ; gain = 569.551

Report Cell Usage: 
+------+--------+------+
|      |Cell    |Count |
+------+--------+------+
|1     |LUT1    |   106|
|2     |LUT2    |   509|
|3     |LUT3    |   494|
|4     |LUT5    |     2|
|5     |MUXCY   |   585|
|6     |SRL16E  |    25|
|7     |SRLC32E |     1|
|8     |XORCY   |   537|
|9     |FDRE    |  1171|
+------+--------+------+
Finished Writing Synthesis Report : Time (s): cpu = 00:01:19 ; elapsed = 00:01:32 . Memory (MB): peak = 875.242 ; gain = 569.551
synth_design: Time (s): cpu = 00:01:22 ; elapsed = 00:01:37 . Memory (MB): peak = 875.242 ; gain = 578.195
