
*** Running vivado
    with args -log soc_div_gen_0_3.vds -m64 -product Vivado -mode batch -messageDb vivado.pb -notrace -source soc_div_gen_0_3.tcl


****** Vivado v2017.3 (64-bit)
  **** SW Build 2018833 on Wed Oct  4 19:58:22 MDT 2017
  **** IP Build 2016188 on Wed Oct  4 21:52:56 MDT 2017
    ** Copyright 1986-2017 Xilinx, Inc. All Rights Reserved.

source soc_div_gen_0_3.tcl -notrace
Starting RTL Elaboration : Time (s): cpu = 00:00:09 ; elapsed = 00:00:12 . Memory (MB): peak = 409.168 ; gain = 100.172
INFO: [Synth 8-638] synthesizing module 'soc_div_gen_0_3' [c:/Users/dell_/bram_comm_2/bram_comm_2.srcs/sources_1/bd/soc/ip/soc_div_gen_0_3/synth/soc_div_gen_0_3.vhd:73]
INFO: [Synth 8-256] done synthesizing module 'soc_div_gen_0_3' (35#1) [c:/Users/dell_/bram_comm_2/bram_comm_2.srcs/sources_1/bd/soc/ip/soc_div_gen_0_3/synth/soc_div_gen_0_3.vhd:73]
Finished RTL Elaboration : Time (s): cpu = 00:00:41 ; elapsed = 00:00:51 . Memory (MB): peak = 568.547 ; gain = 259.551
Finished RTL Optimization Phase 1 : Time (s): cpu = 00:00:42 ; elapsed = 00:00:52 . Memory (MB): peak = 568.547 ; gain = 259.551
INFO: [Device 21-403] Loading part xc7z045ffg900-2
Constraint Validation Runtime : Time (s): cpu = 00:00:00 ; elapsed = 00:00:00.126 . Memory (MB): peak = 857.641 ; gain = 0.000
Finished Constraint Validation : Time (s): cpu = 00:00:59 ; elapsed = 00:01:14 . Memory (MB): peak = 857.641 ; gain = 548.645
Finished Loading Part and Timing Information : Time (s): cpu = 00:00:59 ; elapsed = 00:01:14 . Memory (MB): peak = 857.641 ; gain = 548.645
Finished applying 'set_property' XDC Constraints : Time (s): cpu = 00:00:59 ; elapsed = 00:01:14 . Memory (MB): peak = 857.641 ; gain = 548.645
Finished RTL Optimization Phase 2 : Time (s): cpu = 00:01:02 ; elapsed = 00:01:17 . Memory (MB): peak = 857.641 ; gain = 548.645
Finished Cross Boundary and Area Optimization : Time (s): cpu = 00:01:06 ; elapsed = 00:01:23 . Memory (MB): peak = 857.641 ; gain = 548.645
Finished Applying XDC Timing Constraints : Time (s): cpu = 00:01:21 ; elapsed = 00:01:43 . Memory (MB): peak = 874.371 ; gain = 565.375
Finished Timing Optimization : Time (s): cpu = 00:01:22 ; elapsed = 00:01:44 . Memory (MB): peak = 889.523 ; gain = 580.527
Finished Technology Mapping : Time (s): cpu = 00:01:24 ; elapsed = 00:01:46 . Memory (MB): peak = 909.246 ; gain = 600.250
Finished IO Insertion : Time (s): cpu = 00:01:25 ; elapsed = 00:01:47 . Memory (MB): peak = 909.246 ; gain = 600.250
Finished Renaming Generated Instances : Time (s): cpu = 00:01:25 ; elapsed = 00:01:47 . Memory (MB): peak = 909.246 ; gain = 600.250
Finished Rebuilding User Hierarchy : Time (s): cpu = 00:01:26 ; elapsed = 00:01:49 . Memory (MB): peak = 909.246 ; gain = 600.250
Finished Renaming Generated Ports : Time (s): cpu = 00:01:26 ; elapsed = 00:01:49 . Memory (MB): peak = 909.246 ; gain = 600.250
Finished Handling Custom Attributes : Time (s): cpu = 00:01:26 ; elapsed = 00:01:49 . Memory (MB): peak = 909.246 ; gain = 600.250
Finished Renaming Generated Nets : Time (s): cpu = 00:01:26 ; elapsed = 00:01:49 . Memory (MB): peak = 909.246 ; gain = 600.250

Report Cell Usage: 
+------+----------+------+
|      |Cell      |Count |
+------+----------+------+
|1     |CARRY4    |    66|
|2     |DSP48E1   |     1|
|3     |DSP48E1_1 |     3|
|4     |DSP48E1_2 |     8|
|5     |DSP48E1_3 |     9|
|6     |LUT1      |   104|
|7     |LUT2      |   252|
|8     |LUT3      |   449|
|9     |LUT4      |   139|
|10    |LUT5      |   262|
|11    |LUT6      |   313|
|12    |MUXCY     |   145|
|13    |MUXF7     |    16|
|14    |MUXF8     |     8|
|15    |RAMB16    |     1|
|16    |SRL16E    |   368|
|17    |SRLC32E   |     2|
|18    |XORCY     |   128|
|19    |FDE       |    16|
|20    |FDRE      |  2595|
|21    |FDSE      |    31|
+------+----------+------+
Finished Writing Synthesis Report : Time (s): cpu = 00:01:26 ; elapsed = 00:01:49 . Memory (MB): peak = 909.246 ; gain = 600.250
synth_design: Time (s): cpu = 00:01:31 ; elapsed = 00:01:55 . Memory (MB): peak = 909.246 ; gain = 609.207
