
*** Running vivado
    with args -log soc_xlconstant_0_1.vds -m64 -product Vivado -mode batch -messageDb vivado.pb -notrace -source soc_xlconstant_0_1.tcl


****** Vivado v2017.3 (64-bit)
  **** SW Build 2018833 on Wed Oct  4 19:58:22 MDT 2017
  **** IP Build 2016188 on Wed Oct  4 21:52:56 MDT 2017
    ** Copyright 1986-2017 Xilinx, Inc. All Rights Reserved.

source soc_xlconstant_0_1.tcl -notrace
Starting RTL Elaboration : Time (s): cpu = 00:00:08 ; elapsed = 00:00:11 . Memory (MB): peak = 403.055 ; gain = 97.207
INFO: [Synth 8-638] synthesizing module 'soc_xlconstant_0_1' [c:/Users/dell_/bram_comm_2/bram_comm_2.srcs/sources_1/bd/soc/ip/soc_xlconstant_0_1/synth/soc_xlconstant_0_1.v:57]
INFO: [Synth 8-638] synthesizing module 'xlconstant_v1_1_3_xlconstant' [c:/Users/dell_/bram_comm_2/bram_comm_2.srcs/sources_1/bd/soc/ipshared/0750/hdl/xlconstant_v1_1_vl_rfs.v:23]
INFO: [Synth 8-256] done synthesizing module 'xlconstant_v1_1_3_xlconstant' (1#1) [c:/Users/dell_/bram_comm_2/bram_comm_2.srcs/sources_1/bd/soc/ipshared/0750/hdl/xlconstant_v1_1_vl_rfs.v:23]
INFO: [Synth 8-256] done synthesizing module 'soc_xlconstant_0_1' (2#1) [c:/Users/dell_/bram_comm_2/bram_comm_2.srcs/sources_1/bd/soc/ip/soc_xlconstant_0_1/synth/soc_xlconstant_0_1.v:57]
Finished RTL Elaboration : Time (s): cpu = 00:00:09 ; elapsed = 00:00:13 . Memory (MB): peak = 445.137 ; gain = 139.289
Finished RTL Optimization Phase 1 : Time (s): cpu = 00:00:09 ; elapsed = 00:00:13 . Memory (MB): peak = 445.137 ; gain = 139.289
INFO: [Device 21-403] Loading part xc7z045ffg900-2
Constraint Validation Runtime : Time (s): cpu = 00:00:00 ; elapsed = 00:00:00.029 . Memory (MB): peak = 732.266 ; gain = 0.000
Finished Constraint Validation : Time (s): cpu = 00:00:26 ; elapsed = 00:00:36 . Memory (MB): peak = 732.266 ; gain = 426.418
Finished Loading Part and Timing Information : Time (s): cpu = 00:00:26 ; elapsed = 00:00:36 . Memory (MB): peak = 732.266 ; gain = 426.418
Finished applying 'set_property' XDC Constraints : Time (s): cpu = 00:00:26 ; elapsed = 00:00:36 . Memory (MB): peak = 732.266 ; gain = 426.418
Finished RTL Optimization Phase 2 : Time (s): cpu = 00:00:26 ; elapsed = 00:00:36 . Memory (MB): peak = 732.266 ; gain = 426.418
Finished Cross Boundary and Area Optimization : Time (s): cpu = 00:00:27 ; elapsed = 00:00:38 . Memory (MB): peak = 732.266 ; gain = 426.418
Finished Applying XDC Timing Constraints : Time (s): cpu = 00:00:39 ; elapsed = 00:00:54 . Memory (MB): peak = 768.813 ; gain = 462.965
Finished Timing Optimization : Time (s): cpu = 00:00:39 ; elapsed = 00:00:54 . Memory (MB): peak = 768.813 ; gain = 462.965
Finished Technology Mapping : Time (s): cpu = 00:00:39 ; elapsed = 00:00:54 . Memory (MB): peak = 778.957 ; gain = 473.109
Finished IO Insertion : Time (s): cpu = 00:00:39 ; elapsed = 00:00:55 . Memory (MB): peak = 778.957 ; gain = 473.109
Finished Renaming Generated Instances : Time (s): cpu = 00:00:39 ; elapsed = 00:00:55 . Memory (MB): peak = 778.957 ; gain = 473.109
Finished Rebuilding User Hierarchy : Time (s): cpu = 00:00:39 ; elapsed = 00:00:55 . Memory (MB): peak = 778.957 ; gain = 473.109
Finished Renaming Generated Ports : Time (s): cpu = 00:00:39 ; elapsed = 00:00:55 . Memory (MB): peak = 778.957 ; gain = 473.109
Finished Handling Custom Attributes : Time (s): cpu = 00:00:39 ; elapsed = 00:00:55 . Memory (MB): peak = 778.957 ; gain = 473.109
Finished Renaming Generated Nets : Time (s): cpu = 00:00:39 ; elapsed = 00:00:55 . Memory (MB): peak = 778.957 ; gain = 473.109

Report Cell Usage: 
+-+-----+------+
| |Cell |Count |
+-+-----+------+
+-+-----+------+
Finished Writing Synthesis Report : Time (s): cpu = 00:00:39 ; elapsed = 00:00:55 . Memory (MB): peak = 778.957 ; gain = 473.109
synth_design: Time (s): cpu = 00:00:41 ; elapsed = 00:00:58 . Memory (MB): peak = 805.879 ; gain = 508.680
