
*** Running vivado
    with args -log soc_c_shift_ram_0_4.vds -m64 -product Vivado -mode batch -messageDb vivado.pb -notrace -source soc_c_shift_ram_0_4.tcl


****** Vivado v2017.3 (64-bit)
  **** SW Build 2018833 on Wed Oct  4 19:58:22 MDT 2017
  **** IP Build 2016188 on Wed Oct  4 21:52:56 MDT 2017
    ** Copyright 1986-2017 Xilinx, Inc. All Rights Reserved.

source soc_c_shift_ram_0_4.tcl -notrace
Starting RTL Elaboration : Time (s): cpu = 00:00:08 ; elapsed = 00:00:10 . Memory (MB): peak = 405.906 ; gain = 98.039
INFO: [Synth 8-638] synthesizing module 'soc_c_shift_ram_0_4' [c:/Users/dell_/bram_comm_2/bram_comm_2.srcs/sources_1/bd/soc/ip/soc_c_shift_ram_0_4/synth/soc_c_shift_ram_0_4.vhd:69]
INFO: [Synth 8-256] done synthesizing module 'soc_c_shift_ram_0_4' (5#1) [c:/Users/dell_/bram_comm_2/bram_comm_2.srcs/sources_1/bd/soc/ip/soc_c_shift_ram_0_4/synth/soc_c_shift_ram_0_4.vhd:69]
Finished RTL Elaboration : Time (s): cpu = 00:00:11 ; elapsed = 00:00:14 . Memory (MB): peak = 454.895 ; gain = 147.027
Finished RTL Optimization Phase 1 : Time (s): cpu = 00:00:12 ; elapsed = 00:00:14 . Memory (MB): peak = 454.895 ; gain = 147.027
INFO: [Device 21-403] Loading part xc7z045ffg900-2
Constraint Validation Runtime : Time (s): cpu = 00:00:00 ; elapsed = 00:00:00.021 . Memory (MB): peak = 816.035 ; gain = 0.000
Finished Constraint Validation : Time (s): cpu = 00:00:26 ; elapsed = 00:00:31 . Memory (MB): peak = 816.035 ; gain = 508.168
Finished Loading Part and Timing Information : Time (s): cpu = 00:00:26 ; elapsed = 00:00:31 . Memory (MB): peak = 816.035 ; gain = 508.168
Finished applying 'set_property' XDC Constraints : Time (s): cpu = 00:00:26 ; elapsed = 00:00:31 . Memory (MB): peak = 816.035 ; gain = 508.168
Finished RTL Optimization Phase 2 : Time (s): cpu = 00:00:26 ; elapsed = 00:00:32 . Memory (MB): peak = 816.035 ; gain = 508.168
Finished Cross Boundary and Area Optimization : Time (s): cpu = 00:00:26 ; elapsed = 00:00:32 . Memory (MB): peak = 816.035 ; gain = 508.168
Finished Applying XDC Timing Constraints : Time (s): cpu = 00:00:37 ; elapsed = 00:00:45 . Memory (MB): peak = 816.035 ; gain = 508.168
Finished Timing Optimization : Time (s): cpu = 00:00:37 ; elapsed = 00:00:45 . Memory (MB): peak = 816.035 ; gain = 508.168
Finished Technology Mapping : Time (s): cpu = 00:00:37 ; elapsed = 00:00:45 . Memory (MB): peak = 816.035 ; gain = 508.168
Finished IO Insertion : Time (s): cpu = 00:00:38 ; elapsed = 00:00:46 . Memory (MB): peak = 816.035 ; gain = 508.168
Finished Renaming Generated Instances : Time (s): cpu = 00:00:38 ; elapsed = 00:00:46 . Memory (MB): peak = 816.035 ; gain = 508.168
Finished Rebuilding User Hierarchy : Time (s): cpu = 00:00:38 ; elapsed = 00:00:46 . Memory (MB): peak = 816.035 ; gain = 508.168
Finished Renaming Generated Ports : Time (s): cpu = 00:00:38 ; elapsed = 00:00:46 . Memory (MB): peak = 816.035 ; gain = 508.168
Finished Handling Custom Attributes : Time (s): cpu = 00:00:38 ; elapsed = 00:00:46 . Memory (MB): peak = 816.035 ; gain = 508.168
Finished Renaming Generated Nets : Time (s): cpu = 00:00:38 ; elapsed = 00:00:46 . Memory (MB): peak = 816.035 ; gain = 508.168

Report Cell Usage: 
+------+-----+------+
|      |Cell |Count |
+------+-----+------+
|1     |FDRE |    32|
+------+-----+------+
Finished Writing Synthesis Report : Time (s): cpu = 00:00:38 ; elapsed = 00:00:46 . Memory (MB): peak = 816.035 ; gain = 508.168
synth_design: Time (s): cpu = 00:00:39 ; elapsed = 00:00:49 . Memory (MB): peak = 816.035 ; gain = 517.941
