#-----------------------------------------------------------
# Webtalk v2017.3 (64-bit)
# SW Build 2018833 on Wed Oct  4 19:58:22 MDT 2017
# 
# Start of session at: Thu Apr  1 13:25:07 2021
# Process ID: 11524
# Current directory: C:/Users/dell_/Documents/vivado_zncc/bram_comm_2/bram_comm_2.sdk/webtalk
# Command line: wbtcv.exe -mode batch -source sdk_webtalk.tcl
# Log file: C:/Users/dell_/Documents/vivado_zncc/bram_comm_2/bram_comm_2.sdk/webtalk/webtalk.log
# Journal file: C:/Users/dell_/Documents/vivado_zncc/bram_comm_2/bram_comm_2.sdk/webtalk\webtalk.jou
#-----------------------------------------------------------
source sdk_webtalk.tcl
# webtalk_init -webtalk_dir C:\\Users\\dell_\\Documents\\vivado_zncc\\bram_comm_2\\bram_comm_2.sdk\\webtalk
# webtalk_register_client -client project
# webtalk_add_data -client project -key date_generated -value "2021-04-01 13:25:05" -context "software_version_and_target_device"
# webtalk_add_data -client project -key product_version -value "SDK v2017.3" -context "software_version_and_target_device"
# webtalk_add_data -client project -key build_version -value "2017.3" -context "software_version_and_target_device"
# webtalk_add_data -client project -key os_platform -value "amd64" -context "software_version_and_target_device"
# webtalk_add_data -client project -key registration_id -value "211974738_0_0_264" -context "software_version_and_target_device"
# webtalk_add_data -client project -key tool_flow -value "SDK" -context "software_version_and_target_device"
# webtalk_add_data -client project -key beta -value "false" -context "software_version_and_target_device"
# webtalk_add_data -client project -key route_design -value "NA" -context "software_version_and_target_device"
# webtalk_add_data -client project -key target_family -value "NA" -context "software_version_and_target_device"
# webtalk_add_data -client project -key target_device -value "NA" -context "software_version_and_target_device"
# webtalk_add_data -client project -key target_package -value "NA" -context "software_version_and_target_device"
# webtalk_add_data -client project -key target_speed -value "NA" -context "software_version_and_target_device"
# webtalk_add_data -client project -key random_id -value "kjtil70tqbmkndqsrld4rh9rbv" -context "software_version_and_target_device"
# webtalk_add_data -client project -key project_id -value "2017.3_57" -context "software_version_and_target_device"
# webtalk_add_data -client project -key project_iteration -value "57" -context "software_version_and_target_device"
# webtalk_add_data -client project -key os_name -value "Microsoft Windows 8 or later , 64-bit" -context "user_environment"
# webtalk_add_data -client project -key os_release -value "major release  (build 9200)" -context "user_environment"
# webtalk_add_data -client project -key cpu_name -value "Intel(R) Core(TM) i5-7300HQ CPU @ 2.50GHz" -context "user_environment"
# webtalk_add_data -client project -key cpu_speed -value "2496 MHz" -context "user_environment"
# webtalk_add_data -client project -key total_processors -value "1" -context "user_environment"
# webtalk_add_data -client project -key system_ram -value "8.445 GB" -context "user_environment"
# webtalk_register_client -client sdk
# webtalk_add_data -client sdk -key uid -value "1617304500817" -context "sdk\\\\bsp/1617304500817"
# webtalk_add_data -client sdk -key hwid -value "1614490500680" -context "sdk\\\\bsp/1617304500817"
# webtalk_add_data -client sdk -key os -value "standalone" -context "sdk\\\\bsp/1617304500817"
# webtalk_add_data -client sdk -key apptemplate -value "zynq_fsbl" -context "sdk\\\\bsp/1617304500817"
# webtalk_add_data -client sdk -key RecordType -value "BSPCreation" -context "sdk\\\\bsp/1617304500817"
# webtalk_add_data -client sdk -key uid -value "1617304519063" -context "sdk\\\\application/1617304519063"
# webtalk_add_data -client sdk -key hwid -value "1614490500680" -context "sdk\\\\application/1617304519063"
# webtalk_add_data -client sdk -key bspid -value "1617304500817" -context "sdk\\\\application/1617304519063"
# webtalk_add_data -client sdk -key newbsp -value "true" -context "sdk\\\\application/1617304519063"
# webtalk_add_data -client sdk -key os -value "standalone" -context "sdk\\\\application/1617304519063"
# webtalk_add_data -client sdk -key apptemplate -value "zynq_fsbl" -context "sdk\\\\application/1617304519063"
# webtalk_add_data -client sdk -key RecordType -value "APPCreation" -context "sdk\\\\application/1617304519063"
# webtalk_add_data -client sdk -key LangUsed -value "C" -context "sdk\\\\application/1617304519063"
# webtalk_add_data -client sdk -key Procused -value "ps7_cortexa9" -context "sdk\\\\application/1617304519063"
# webtalk_add_data -client sdk -key projSize -value "345.20703125" -context "sdk\\\\application/1617304519063"
# webtalk_add_data -client sdk -key uid -value "NA" -context "sdk\\\\bsp/1617305105877"
# webtalk_add_data -client sdk -key RecordType -value "ToolUsage" -context "sdk\\\\bsp/1617305105877"
# webtalk_add_data -client sdk -key BootgenCount -value "1" -context "sdk\\\\bsp/1617305105877"
# webtalk_add_data -client sdk -key DebugCount -value "0" -context "sdk\\\\bsp/1617305105877"
# webtalk_add_data -client sdk -key PerfCount -value "0" -context "sdk\\\\bsp/1617305105877"
# webtalk_add_data -client sdk -key FlashCount -value "0" -context "sdk\\\\bsp/1617305105877"
# webtalk_add_data -client sdk -key CrossTriggCount -value "0" -context "sdk\\\\bsp/1617305105877"
# webtalk_add_data -client sdk -key QemuDebugCount -value "0" -context "sdk\\\\bsp/1617305105877"
# webtalk_transmit -clientid 33288908 -regid "211974738_0_0_264" -xml C:\\Users\\dell_\\Documents\\vivado_zncc\\bram_comm_2\\bram_comm_2.sdk\\webtalk\\usage_statistics_ext_sdk.xml -html C:\\Users\\dell_\\Documents\\vivado_zncc\\bram_comm_2\\bram_comm_2.sdk\\webtalk\\usage_statistics_ext_sdk.html -wdm C:\\Users\\dell_\\Documents\\vivado_zncc\\bram_comm_2\\bram_comm_2.sdk\\webtalk\\sdk_webtalk.wdm -intro "<H3>SDK Usage Report</H3><BR>"
# webtalk_terminate
INFO: [Common 17-206] Exiting Webtalk at Thu Apr  1 13:25:09 2021...
