
*** Running vivado
    with args -log soc_cordic_0_0.vds -m64 -product Vivado -mode batch -messageDb vivado.pb -notrace -source soc_cordic_0_0.tcl


****** Vivado v2017.3 (64-bit)
  **** SW Build 2018833 on Wed Oct  4 19:58:22 MDT 2017
  **** IP Build 2016188 on Wed Oct  4 21:52:56 MDT 2017
    ** Copyright 1986-2017 Xilinx, Inc. All Rights Reserved.

source soc_cordic_0_0.tcl -notrace
Starting RTL Elaboration : Time (s): cpu = 00:00:11 ; elapsed = 00:00:15 . Memory (MB): peak = 406.285 ; gain = 99.813
INFO: [Synth 8-638] synthesizing module 'soc_cordic_0_0' [c:/Users/dell_/bram_comm_2/bram_comm_2.srcs/sources_1/bd/soc/ip/soc_cordic_0_0/synth/soc_cordic_0_0.vhd:69]
INFO: [Synth 8-256] done synthesizing module 'soc_cordic_0_0' (14#1) [c:/Users/dell_/bram_comm_2/bram_comm_2.srcs/sources_1/bd/soc/ip/soc_cordic_0_0/synth/soc_cordic_0_0.vhd:69]
Finished RTL Elaboration : Time (s): cpu = 00:00:34 ; elapsed = 00:00:45 . Memory (MB): peak = 544.699 ; gain = 238.227
Finished RTL Optimization Phase 1 : Time (s): cpu = 00:00:34 ; elapsed = 00:00:46 . Memory (MB): peak = 544.699 ; gain = 238.227
INFO: [Device 21-403] Loading part xc7z045ffg900-2
Constraint Validation Runtime : Time (s): cpu = 00:00:00 ; elapsed = 00:00:00.058 . Memory (MB): peak = 853.340 ; gain = 0.000
Finished Constraint Validation : Time (s): cpu = 00:00:52 ; elapsed = 00:01:10 . Memory (MB): peak = 853.340 ; gain = 546.867
Finished Loading Part and Timing Information : Time (s): cpu = 00:00:52 ; elapsed = 00:01:10 . Memory (MB): peak = 853.340 ; gain = 546.867
Finished applying 'set_property' XDC Constraints : Time (s): cpu = 00:00:52 ; elapsed = 00:01:10 . Memory (MB): peak = 853.340 ; gain = 546.867
Finished RTL Optimization Phase 2 : Time (s): cpu = 00:00:54 ; elapsed = 00:01:12 . Memory (MB): peak = 853.340 ; gain = 546.867
Finished Cross Boundary and Area Optimization : Time (s): cpu = 00:00:55 ; elapsed = 00:01:14 . Memory (MB): peak = 853.340 ; gain = 546.867
Finished Applying XDC Timing Constraints : Time (s): cpu = 00:01:08 ; elapsed = 00:01:29 . Memory (MB): peak = 853.340 ; gain = 546.867
Finished Timing Optimization : Time (s): cpu = 00:01:08 ; elapsed = 00:01:29 . Memory (MB): peak = 853.340 ; gain = 546.867
Finished Technology Mapping : Time (s): cpu = 00:01:08 ; elapsed = 00:01:30 . Memory (MB): peak = 853.340 ; gain = 546.867
Finished IO Insertion : Time (s): cpu = 00:01:10 ; elapsed = 00:01:31 . Memory (MB): peak = 853.340 ; gain = 546.867
Finished Renaming Generated Instances : Time (s): cpu = 00:01:10 ; elapsed = 00:01:31 . Memory (MB): peak = 853.340 ; gain = 546.867
Finished Rebuilding User Hierarchy : Time (s): cpu = 00:01:10 ; elapsed = 00:01:31 . Memory (MB): peak = 853.340 ; gain = 546.867
Finished Renaming Generated Ports : Time (s): cpu = 00:01:10 ; elapsed = 00:01:31 . Memory (MB): peak = 853.340 ; gain = 546.867
Finished Handling Custom Attributes : Time (s): cpu = 00:01:10 ; elapsed = 00:01:31 . Memory (MB): peak = 853.340 ; gain = 546.867
Finished Renaming Generated Nets : Time (s): cpu = 00:01:10 ; elapsed = 00:01:31 . Memory (MB): peak = 853.340 ; gain = 546.867

Report Cell Usage: 
+------+-------+------+
|      |Cell   |Count |
+------+-------+------+
|1     |LUT1   |    62|
|2     |LUT2   |   137|
|3     |LUT3   |   145|
|4     |LUT4   |     2|
|5     |MUXCY  |   180|
|6     |SRL16E |    27|
|7     |XORCY  |   162|
|8     |FDRE   |   377|
+------+-------+------+
Finished Writing Synthesis Report : Time (s): cpu = 00:01:10 ; elapsed = 00:01:31 . Memory (MB): peak = 853.340 ; gain = 546.867
synth_design: Time (s): cpu = 00:01:12 ; elapsed = 00:01:36 . Memory (MB): peak = 853.340 ; gain = 555.266
