
*** Running vivado
    with args -log soc_xlslice_3_0.vds -m64 -product Vivado -mode batch -messageDb vivado.pb -notrace -source soc_xlslice_3_0.tcl


****** Vivado v2017.3 (64-bit)
  **** SW Build 2018833 on Wed Oct  4 19:58:22 MDT 2017
  **** IP Build 2016188 on Wed Oct  4 21:52:56 MDT 2017
    ** Copyright 1986-2017 Xilinx, Inc. All Rights Reserved.

source soc_xlslice_3_0.tcl -notrace
Starting RTL Elaboration : Time (s): cpu = 00:00:08 ; elapsed = 00:00:11 . Memory (MB): peak = 402.672 ; gain = 96.797
INFO: [Synth 8-638] synthesizing module 'soc_xlslice_3_0' [c:/Users/dell_/bram_comm_2/bram_comm_2.srcs/sources_1/bd/soc/ip/soc_xlslice_3_0/synth/soc_xlslice_3_0.v:57]
INFO: [Synth 8-638] synthesizing module 'xlslice_v1_0_1_xlslice' [c:/Users/dell_/bram_comm_2/bram_comm_2.srcs/sources_1/bd/soc/ipshared/f3db/hdl/xlslice_v1_0_vl_rfs.v:13]
INFO: [Synth 8-256] done synthesizing module 'xlslice_v1_0_1_xlslice' (1#1) [c:/Users/dell_/bram_comm_2/bram_comm_2.srcs/sources_1/bd/soc/ipshared/f3db/hdl/xlslice_v1_0_vl_rfs.v:13]
INFO: [Synth 8-256] done synthesizing module 'soc_xlslice_3_0' (2#1) [c:/Users/dell_/bram_comm_2/bram_comm_2.srcs/sources_1/bd/soc/ip/soc_xlslice_3_0/synth/soc_xlslice_3_0.v:57]
Finished RTL Elaboration : Time (s): cpu = 00:00:09 ; elapsed = 00:00:12 . Memory (MB): peak = 444.754 ; gain = 138.879
Finished RTL Optimization Phase 1 : Time (s): cpu = 00:00:09 ; elapsed = 00:00:12 . Memory (MB): peak = 444.754 ; gain = 138.879
INFO: [Device 21-403] Loading part xc7z045ffg900-2
Constraint Validation Runtime : Time (s): cpu = 00:00:00 ; elapsed = 00:00:00.014 . Memory (MB): peak = 737.238 ; gain = 0.000
Finished Constraint Validation : Time (s): cpu = 00:00:26 ; elapsed = 00:00:36 . Memory (MB): peak = 737.238 ; gain = 431.363
Finished Loading Part and Timing Information : Time (s): cpu = 00:00:26 ; elapsed = 00:00:36 . Memory (MB): peak = 737.238 ; gain = 431.363
Finished applying 'set_property' XDC Constraints : Time (s): cpu = 00:00:26 ; elapsed = 00:00:36 . Memory (MB): peak = 737.238 ; gain = 431.363
Finished RTL Optimization Phase 2 : Time (s): cpu = 00:00:26 ; elapsed = 00:00:37 . Memory (MB): peak = 737.238 ; gain = 431.363
Finished Cross Boundary and Area Optimization : Time (s): cpu = 00:00:27 ; elapsed = 00:00:38 . Memory (MB): peak = 737.238 ; gain = 431.363
Finished Applying XDC Timing Constraints : Time (s): cpu = 00:00:39 ; elapsed = 00:00:53 . Memory (MB): peak = 768.406 ; gain = 462.531
Finished Timing Optimization : Time (s): cpu = 00:00:39 ; elapsed = 00:00:53 . Memory (MB): peak = 768.406 ; gain = 462.531
Finished Technology Mapping : Time (s): cpu = 00:00:39 ; elapsed = 00:00:53 . Memory (MB): peak = 778.551 ; gain = 472.676
Finished IO Insertion : Time (s): cpu = 00:00:40 ; elapsed = 00:00:54 . Memory (MB): peak = 778.551 ; gain = 472.676
Finished Renaming Generated Instances : Time (s): cpu = 00:00:40 ; elapsed = 00:00:54 . Memory (MB): peak = 778.551 ; gain = 472.676
Finished Rebuilding User Hierarchy : Time (s): cpu = 00:00:40 ; elapsed = 00:00:54 . Memory (MB): peak = 778.551 ; gain = 472.676
Finished Renaming Generated Ports : Time (s): cpu = 00:00:40 ; elapsed = 00:00:54 . Memory (MB): peak = 778.551 ; gain = 472.676
Finished Handling Custom Attributes : Time (s): cpu = 00:00:40 ; elapsed = 00:00:54 . Memory (MB): peak = 778.551 ; gain = 472.676
Finished Renaming Generated Nets : Time (s): cpu = 00:00:40 ; elapsed = 00:00:54 . Memory (MB): peak = 778.551 ; gain = 472.676

Report Cell Usage: 
+-+-----+------+
| |Cell |Count |
+-+-----+------+
+-+-----+------+
Finished Writing Synthesis Report : Time (s): cpu = 00:00:40 ; elapsed = 00:00:54 . Memory (MB): peak = 778.551 ; gain = 472.676
synth_design: Time (s): cpu = 00:00:42 ; elapsed = 00:00:58 . Memory (MB): peak = 800.398 ; gain = 503.230
