
*** Running vivado
    with args -log soc_c_shift_ram_0_8.vds -m64 -product Vivado -mode batch -messageDb vivado.pb -notrace -source soc_c_shift_ram_0_8.tcl


****** Vivado v2017.3 (64-bit)
  **** SW Build 2018833 on Wed Oct  4 19:58:22 MDT 2017
  **** IP Build 2016188 on Wed Oct  4 21:52:56 MDT 2017
    ** Copyright 1986-2017 Xilinx, Inc. All Rights Reserved.

source soc_c_shift_ram_0_8.tcl -notrace
Starting RTL Elaboration : Time (s): cpu = 00:00:09 ; elapsed = 00:00:11 . Memory (MB): peak = 407.859 ; gain = 99.563
INFO: [Synth 8-638] synthesizing module 'soc_c_shift_ram_0_8' [c:/Users/dell_/Documents/vivado_zncc/bram_comm_2/bram_comm_2.srcs/sources_1/bd/soc/ip/soc_c_shift_ram_0_8/synth/soc_c_shift_ram_0_8.vhd:69]
INFO: [Synth 8-256] done synthesizing module 'soc_c_shift_ram_0_8' (5#1) [c:/Users/dell_/Documents/vivado_zncc/bram_comm_2/bram_comm_2.srcs/sources_1/bd/soc/ip/soc_c_shift_ram_0_8/synth/soc_c_shift_ram_0_8.vhd:69]
Finished RTL Elaboration : Time (s): cpu = 00:00:12 ; elapsed = 00:00:15 . Memory (MB): peak = 456.688 ; gain = 148.391
Finished RTL Optimization Phase 1 : Time (s): cpu = 00:00:12 ; elapsed = 00:00:15 . Memory (MB): peak = 456.688 ; gain = 148.391
INFO: [Device 21-403] Loading part xc7z045ffg900-2
Constraint Validation Runtime : Time (s): cpu = 00:00:00 ; elapsed = 00:00:00.020 . Memory (MB): peak = 794.863 ; gain = 0.023
Finished Constraint Validation : Time (s): cpu = 00:00:27 ; elapsed = 00:00:35 . Memory (MB): peak = 794.863 ; gain = 486.566
Finished Loading Part and Timing Information : Time (s): cpu = 00:00:27 ; elapsed = 00:00:35 . Memory (MB): peak = 794.863 ; gain = 486.566
Finished applying 'set_property' XDC Constraints : Time (s): cpu = 00:00:27 ; elapsed = 00:00:35 . Memory (MB): peak = 794.863 ; gain = 486.566
Finished RTL Optimization Phase 2 : Time (s): cpu = 00:00:27 ; elapsed = 00:00:35 . Memory (MB): peak = 794.863 ; gain = 486.566
Finished Cross Boundary and Area Optimization : Time (s): cpu = 00:00:28 ; elapsed = 00:00:35 . Memory (MB): peak = 794.863 ; gain = 486.566
Finished Applying XDC Timing Constraints : Time (s): cpu = 00:00:38 ; elapsed = 00:00:48 . Memory (MB): peak = 794.863 ; gain = 486.566
Finished Timing Optimization : Time (s): cpu = 00:00:38 ; elapsed = 00:00:48 . Memory (MB): peak = 794.863 ; gain = 486.566
Finished Technology Mapping : Time (s): cpu = 00:00:38 ; elapsed = 00:00:48 . Memory (MB): peak = 794.863 ; gain = 486.566
Finished IO Insertion : Time (s): cpu = 00:00:39 ; elapsed = 00:00:49 . Memory (MB): peak = 794.863 ; gain = 486.566
Finished Renaming Generated Instances : Time (s): cpu = 00:00:39 ; elapsed = 00:00:49 . Memory (MB): peak = 794.863 ; gain = 486.566
Finished Rebuilding User Hierarchy : Time (s): cpu = 00:00:39 ; elapsed = 00:00:49 . Memory (MB): peak = 794.863 ; gain = 486.566
Finished Renaming Generated Ports : Time (s): cpu = 00:00:39 ; elapsed = 00:00:49 . Memory (MB): peak = 794.863 ; gain = 486.566
Finished Handling Custom Attributes : Time (s): cpu = 00:00:39 ; elapsed = 00:00:49 . Memory (MB): peak = 794.863 ; gain = 486.566
Finished Renaming Generated Nets : Time (s): cpu = 00:00:39 ; elapsed = 00:00:49 . Memory (MB): peak = 794.863 ; gain = 486.566

Report Cell Usage: 
+------+-----+------+
|      |Cell |Count |
+------+-----+------+
|1     |FDSE |    16|
+------+-----+------+
Finished Writing Synthesis Report : Time (s): cpu = 00:00:39 ; elapsed = 00:00:49 . Memory (MB): peak = 794.863 ; gain = 486.566
synth_design: Time (s): cpu = 00:00:42 ; elapsed = 00:00:52 . Memory (MB): peak = 804.277 ; gain = 504.316
