
*** Running vivado
    with args -log soc_c_shift_ram_0_2.vds -m64 -product Vivado -mode batch -messageDb vivado.pb -notrace -source soc_c_shift_ram_0_2.tcl


****** Vivado v2017.3 (64-bit)
  **** SW Build 2018833 on Wed Oct  4 19:58:22 MDT 2017
  **** IP Build 2016188 on Wed Oct  4 21:52:56 MDT 2017
    ** Copyright 1986-2017 Xilinx, Inc. All Rights Reserved.

source soc_c_shift_ram_0_2.tcl -notrace
Starting RTL Elaboration : Time (s): cpu = 00:00:08 ; elapsed = 00:00:08 . Memory (MB): peak = 406.078 ; gain = 98.996
INFO: [Synth 8-638] synthesizing module 'soc_c_shift_ram_0_2' [c:/Users/dell_/bram_comm_2/bram_comm_2.srcs/sources_1/bd/soc/ip/soc_c_shift_ram_0_2/synth/soc_c_shift_ram_0_2.vhd:69]
INFO: [Synth 8-256] done synthesizing module 'soc_c_shift_ram_0_2' (5#1) [c:/Users/dell_/bram_comm_2/bram_comm_2.srcs/sources_1/bd/soc/ip/soc_c_shift_ram_0_2/synth/soc_c_shift_ram_0_2.vhd:69]
Finished RTL Elaboration : Time (s): cpu = 00:00:10 ; elapsed = 00:00:11 . Memory (MB): peak = 454.891 ; gain = 147.809
Finished RTL Optimization Phase 1 : Time (s): cpu = 00:00:10 ; elapsed = 00:00:12 . Memory (MB): peak = 454.891 ; gain = 147.809
INFO: [Device 21-403] Loading part xc7z045ffg900-2
Constraint Validation Runtime : Time (s): cpu = 00:00:00 ; elapsed = 00:00:00.015 . Memory (MB): peak = 803.520 ; gain = 0.000
Finished Constraint Validation : Time (s): cpu = 00:00:24 ; elapsed = 00:00:26 . Memory (MB): peak = 803.520 ; gain = 496.438
Finished Loading Part and Timing Information : Time (s): cpu = 00:00:24 ; elapsed = 00:00:26 . Memory (MB): peak = 803.520 ; gain = 496.438
Finished applying 'set_property' XDC Constraints : Time (s): cpu = 00:00:24 ; elapsed = 00:00:26 . Memory (MB): peak = 803.520 ; gain = 496.438
Finished RTL Optimization Phase 2 : Time (s): cpu = 00:00:24 ; elapsed = 00:00:27 . Memory (MB): peak = 803.520 ; gain = 496.438
Finished Cross Boundary and Area Optimization : Time (s): cpu = 00:00:24 ; elapsed = 00:00:27 . Memory (MB): peak = 803.520 ; gain = 496.438
Finished Applying XDC Timing Constraints : Time (s): cpu = 00:00:34 ; elapsed = 00:00:38 . Memory (MB): peak = 803.520 ; gain = 496.438
Finished Timing Optimization : Time (s): cpu = 00:00:34 ; elapsed = 00:00:38 . Memory (MB): peak = 803.520 ; gain = 496.438
Finished Technology Mapping : Time (s): cpu = 00:00:34 ; elapsed = 00:00:38 . Memory (MB): peak = 803.520 ; gain = 496.438
Finished IO Insertion : Time (s): cpu = 00:00:35 ; elapsed = 00:00:39 . Memory (MB): peak = 803.520 ; gain = 496.438
Finished Renaming Generated Instances : Time (s): cpu = 00:00:35 ; elapsed = 00:00:39 . Memory (MB): peak = 803.520 ; gain = 496.438
Finished Rebuilding User Hierarchy : Time (s): cpu = 00:00:35 ; elapsed = 00:00:39 . Memory (MB): peak = 803.520 ; gain = 496.438
Finished Renaming Generated Ports : Time (s): cpu = 00:00:35 ; elapsed = 00:00:39 . Memory (MB): peak = 803.520 ; gain = 496.438
Finished Handling Custom Attributes : Time (s): cpu = 00:00:35 ; elapsed = 00:00:39 . Memory (MB): peak = 803.520 ; gain = 496.438
Finished Renaming Generated Nets : Time (s): cpu = 00:00:35 ; elapsed = 00:00:39 . Memory (MB): peak = 803.520 ; gain = 496.438

Report Cell Usage: 
+------+-----+------+
|      |Cell |Count |
+------+-----+------+
|1     |FDRE |    17|
+------+-----+------+
Finished Writing Synthesis Report : Time (s): cpu = 00:00:35 ; elapsed = 00:00:39 . Memory (MB): peak = 803.520 ; gain = 496.438
synth_design: Time (s): cpu = 00:00:37 ; elapsed = 00:00:41 . Memory (MB): peak = 805.707 ; gain = 507.641
