
*** Running vivado
    with args -log soc_xbip_dsp48_macro_2_0.vds -m64 -product Vivado -mode batch -messageDb vivado.pb -notrace -source soc_xbip_dsp48_macro_2_0.tcl


****** Vivado v2017.3 (64-bit)
  **** SW Build 2018833 on Wed Oct  4 19:58:22 MDT 2017
  **** IP Build 2016188 on Wed Oct  4 21:52:56 MDT 2017
    ** Copyright 1986-2017 Xilinx, Inc. All Rights Reserved.

source soc_xbip_dsp48_macro_2_0.tcl -notrace
Starting RTL Elaboration : Time (s): cpu = 00:00:07 ; elapsed = 00:00:09 . Memory (MB): peak = 405.055 ; gain = 98.402
INFO: [Synth 8-638] synthesizing module 'soc_xbip_dsp48_macro_2_0' [c:/Users/dell_/bram_comm_2/bram_comm_2.srcs/sources_1/bd/soc/ip/soc_xbip_dsp48_macro_2_0/synth/soc_xbip_dsp48_macro_2_0.vhd:69]
INFO: [Synth 8-256] done synthesizing module 'soc_xbip_dsp48_macro_2_0' (6#1) [c:/Users/dell_/bram_comm_2/bram_comm_2.srcs/sources_1/bd/soc/ip/soc_xbip_dsp48_macro_2_0/synth/soc_xbip_dsp48_macro_2_0.vhd:69]
Finished RTL Elaboration : Time (s): cpu = 00:00:10 ; elapsed = 00:00:13 . Memory (MB): peak = 454.156 ; gain = 147.504
Finished RTL Optimization Phase 1 : Time (s): cpu = 00:00:11 ; elapsed = 00:00:13 . Memory (MB): peak = 454.156 ; gain = 147.504
INFO: [Device 21-403] Loading part xc7z045ffg900-2
Constraint Validation Runtime : Time (s): cpu = 00:00:00 ; elapsed = 00:00:00.032 . Memory (MB): peak = 741.359 ; gain = 0.000
Finished Constraint Validation : Time (s): cpu = 00:00:24 ; elapsed = 00:00:28 . Memory (MB): peak = 741.359 ; gain = 434.707
Finished Loading Part and Timing Information : Time (s): cpu = 00:00:24 ; elapsed = 00:00:28 . Memory (MB): peak = 741.359 ; gain = 434.707
Finished applying 'set_property' XDC Constraints : Time (s): cpu = 00:00:24 ; elapsed = 00:00:28 . Memory (MB): peak = 741.359 ; gain = 434.707
Finished RTL Optimization Phase 2 : Time (s): cpu = 00:00:24 ; elapsed = 00:00:28 . Memory (MB): peak = 741.359 ; gain = 434.707
Finished Cross Boundary and Area Optimization : Time (s): cpu = 00:00:25 ; elapsed = 00:00:29 . Memory (MB): peak = 741.359 ; gain = 434.707
Finished Applying XDC Timing Constraints : Time (s): cpu = 00:00:40 ; elapsed = 00:00:45 . Memory (MB): peak = 830.859 ; gain = 524.207
Finished Timing Optimization : Time (s): cpu = 00:00:40 ; elapsed = 00:00:45 . Memory (MB): peak = 830.859 ; gain = 524.207
Finished Technology Mapping : Time (s): cpu = 00:00:40 ; elapsed = 00:00:45 . Memory (MB): peak = 842.004 ; gain = 535.352
Finished IO Insertion : Time (s): cpu = 00:00:41 ; elapsed = 00:00:46 . Memory (MB): peak = 842.004 ; gain = 535.352
Finished Renaming Generated Instances : Time (s): cpu = 00:00:41 ; elapsed = 00:00:46 . Memory (MB): peak = 842.004 ; gain = 535.352
Finished Rebuilding User Hierarchy : Time (s): cpu = 00:00:41 ; elapsed = 00:00:46 . Memory (MB): peak = 842.004 ; gain = 535.352
Finished Renaming Generated Ports : Time (s): cpu = 00:00:41 ; elapsed = 00:00:46 . Memory (MB): peak = 842.004 ; gain = 535.352
Finished Handling Custom Attributes : Time (s): cpu = 00:00:41 ; elapsed = 00:00:46 . Memory (MB): peak = 842.004 ; gain = 535.352
Finished Renaming Generated Nets : Time (s): cpu = 00:00:41 ; elapsed = 00:00:46 . Memory (MB): peak = 842.004 ; gain = 535.352

Report Cell Usage: 
+------+--------+------+
|      |Cell    |Count |
+------+--------+------+
|1     |DSP48E1 |     1|
|2     |LUT2    |     1|
+------+--------+------+
Finished Writing Synthesis Report : Time (s): cpu = 00:00:41 ; elapsed = 00:00:46 . Memory (MB): peak = 842.004 ; gain = 535.352
synth_design: Time (s): cpu = 00:00:43 ; elapsed = 00:00:51 . Memory (MB): peak = 842.004 ; gain = 544.871
